Iteration	Posterior	Likelihood	Prior	rate_log_sd	rate_loss	tree_length
0	-70.39044	-81.98032	11.58988	0.9085421	4.323991	0.5115261
6	-71.54599	-83.67936	12.13337	1.316749	1.60313	0.2124061
12	-68.66415	-79.30731	10.64316	0.9833034	5.724936	0.155494
18	-68.49432	-81.87092	13.3766	1.395192	0.5561112	0.4635474
24	-64.85528	-77.39919	12.54391	1.395192	1.182296	0.2927587
30	-68.10344	-76.51938	8.415942	1.688285	15.77919	0.170564
36	-66.57518	-76.78808	10.2129	1.633517	4.531932	0.1334411
42	-70.92798	-83.63225	12.70426	0.8807122	1.254596	0.1716054
48	-65.96219	-79.24444	13.28225	0.1813574	1.972578	0.6331554
54	-69.50501	-80.97534	11.47033	0.7505046	4.214514	0.2011705
60	-68.62035	-80.02803	11.40769	0.9585617	4.757186	0.5211442
66	-69.65051	-81.26879	11.61828	0.6012708	5.258551	0.4429814
72	-70.72002	-83.33407	12.61405	0.3662211	2.32202	1.012487
78	-66.97991	-80.55935	13.57945	0.2360703	1.350595	0.7632018
84	-71.37132	-83.45591	12.08459	0.9999732	2.583885	0.3217433
90	-68.65255	-82.16425	13.51171	0.3826997	1.315282	0.3543802
96	-66.36472	-79.87541	13.51069	0.3662212	1.315282	0.3349883
102	-66.60478	-80.15983	13.55505	0.1390428	1.624708	0.4023707
108	-70.76649	-81.51253	10.74605	2.004589	3.102952	0.2528178
114	-65.56171	-79.18542	13.62371	0.2304781	1.413535	0.5935501
120	-63.85472	-77.84453	13.98981	0.4610083	0.7484236	0.3469675
126	-67.66189	-80.05654	12.39464	0.6172054	2.875168	0.6162641
132	-67.60782	-81.25488	13.64706	0.3403869	1.263983	0.5344168
138	-66.73348	-81.54933	14.81585	0.106248	0.4646786	0.4711683
144	-68.20448	-81.06563	12.86115	0.1121651	3.001844	0.4421336
150	-64.8051	-77.64061	12.83552	0.0980286	3.001844	0.6694098
156	-65.1976	-79.1077	13.9101	0.1160021	1.132368	0.7250991
162	-67.13292	-78.86103	11.7281	0.2072211	6.128813	0.7138682
168	-64.98319	-77.81374	12.83055	0.04209699	3.088259	0.7138682
174	-63.7446	-76.52742	12.78282	0.05696818	2.912012	0.8620621
180	-65.40497	-78.90994	13.50497	0.3016304	1.001933	1.109833
186	-63.53644	-77.40826	13.87182	0.1181727	1.224807	0.6395121
192	-64.2166	-77.61074	13.39413	0.5144933	1.224807	0.7785738
198	-67.01552	-79.45202	12.4365	0.2317504	3.767156	0.4148872
204	-65.04866	-77.90824	12.85958	0.8587293	1.535075	0.6955296
210	-64.62672	-76.9054	12.27868	0.458174	3.327156	0.7742786
216	-69.22249	-81.13701	11.91452	0.09944661	3.035133	1.538121
222	-68.18774	-78.65525	10.46752	0.09944661	15.31795	0.5454995
228	-69.52146	-80.07594	10.55448	0.5567988	10.97937	0.5564499
234	-67.935	-80.64651	12.71152	0.5145803	2.253939	0.7718386
240	-70.72602	-82.60137	11.87535	1.579291	1.764857	0.2633685
246	-68.0438	-79.44781	11.40401	1.579291	1.685995	0.1162933
252	-67.97366	-80.15346	12.1798	0.9988437	2.562064	0.4809274
258	-67.03496	-78.98284	11.94788	0.9988437	2.562064	0.9226544
264	-65.52657	-80.39526	14.8687	0.2817087	0.3366881	0.6093194
270	-65.18763	-78.37242	13.18479	0.8781647	1.134943	0.3726037
276	-63.4803	-76.19653	12.71623	0.4352891	2.620374	0.4984372
282	-70.48088	-83.18223	12.70135	0.1883167	2.440253	1.041884
288	-71.50728	-85.11447	13.6072	0.03550119	0.8169232	1.411533
294	-67.31067	-80.30751	12.99684	0.01724542	2.524606	0.2549341
300	-62.60479	-77.33801	14.73323	0.2178372	0.4473796	0.5414354
306	-67.21565	-77.67213	10.45647	0.3298933	13.40491	0.5601364
312	-63.15862	-75.7808	12.62218	0.23949	3.2756	0.5601364
318	-68.15683	-79.70275	11.54592	0.4427099	4.844826	1.045234
324	-72.56322	-85.27791	12.7147	0.4921006	2.470517	0.4125038
330	-69.79001	-83.15212	13.36211	0.08864963	1.645531	0.2239791
336	-67.0756	-80.84081	13.7652	0.5438135	0.7952156	0.8188456
342	-70.73836	-81.9559	11.21754	0.359622	8.143562	0.5599315
348	-73.25987	-83.42581	10.16594	0.7329894	11.87652	0.3151034
354	-69.70121	-82.61199	12.91077	0.7329894	1.543671	0.7991448
360	-67.69094	-79.98464	12.2937	0.3531441	3.79919	0.6241164
366	-72.69219	-87.20061	14.50842	0.2656562	0.5415994	0.4003189
372	-70.02107	-82.95987	12.9388	0.3479376	2.099003	0.8052033
378	-70.6049	-82.82878	12.22388	0.2072002	4.497419	0.5873757
384	-73.50574	-86.0302	12.52446	0.5545933	2.771558	0.5360313
390	-70.45484	-82.77347	12.31863	0.195278	3.227815	1.064634
396	-69.51202	-80.93668	11.42465	0.4256799	6.814063	0.4758337
402	-67.03661	-79.51835	12.48175	0.4090855	3.117378	0.6580406
408	-68.85681	-79.77245	10.91564	0.4299757	9.494212	0.5263594
414	-70.88591	-81.86589	10.97998	0.07091164	11.19785	0.643665
420	-70.49931	-82.06386	11.56455	0.8460129	4.372516	0.3326069
426	-73.27736	-83.40826	10.1309	0.6756587	12.56972	0.3149801
432	-72.99212	-82.70426	9.712148	1.224973	12.15676	0.4160397
438	-70.70327	-81.42109	10.71782	1.224973	6.245521	0.3764573
444	-68.76161	-80.97825	12.21664	1.609009	1.011683	0.1766994
450	-70.46685	-85.16653	14.69968	0.3699703	0.3788425	0.5885797
456	-76.02502	-90.16825	14.14323	0.4685138	0.6492824	0.6270163
462	-72.61296	-85.01434	12.40138	0.676384	2.633049	0.3377831
468	-75.90979	-87.17317	11.26338	0.5949937	6.582927	0.6635076
474	-69.89974	-81.74021	11.84047	0.7155161	4.14387	0.5175439
480	-69.07029	-82.85176	13.78148	0.2920346	1.099187	0.6966792
486	-67.88652	-81.81079	13.92427	0.3157268	0.916386	0.7230126
492	-70.76097	-82.12069	11.35972	0.1474687	5.186132	1.375479
498	-64.7466	-78.89229	14.1457	0.03418891	1.051749	0.4905212
504	-70.43061	-83.63253	13.20193	0.4516059	1.644198	0.6735586
510	-65.97995	-80.64361	14.66367	0.08406456	0.564024	0.4188949
516	-65.51964	-78.63633	13.1167	0.8773401	1.241334	0.4188949
522	-69.4275	-82.42248	12.99498	0.1281149	2.545403	0.7014314
528	-71.77013	-82.37367	10.60353	1.296381	6.524118	0.416479
534	-71.2243	-82.63446	11.41015	0.3514788	6.190892	0.920485
540	-65.85599	-77.55178	11.69579	0.3514788	5.942585	0.5485329
546	-70.26439	-80.73053	10.46613	0.1159744	13.46511	0.244895
552	-71.52274	-85.83731	14.31457	0.0131025	0.7326964	0.8885281
558	-72.51946	-85.92718	13.40771	0.1661227	1.826268	0.5716832
564	-67.45921	-76.08826	8.629049	2.041241	10.25343	0.1394665
570	-65.31664	-77.00814	11.6915	1.83378	1.221798	0.1508065
576	-67.12556	-80.33268	13.20712	0.946805	0.8070593	0.2107145
582	-71.57882	-81.45176	9.872943	1.904025	3.08975	0.06526289
588	-72.28548	-81.87217	9.586695	1.904025	5.866333	0.1349469
594	-64.65652	-78.00112	13.34459	0.6088266	1.295849	0.5735364
600	-68.41903	-80.41377	11.99474	0.3554758	2.322487	1.535671
606	-68.18548	-80.37168	12.1862	0.06104555	4.191886	0.9867643
612	-66.31112	-80.27909	13.96797	0.5005887	0.7435857	0.6704925
618	-65.36006	-80.6132	15.25314	0.06652139	0.2337188	0.7591117
624	-65.16835	-79.67463	14.50628	0.4409848	0.3970178	0.7591117
630	-73.9712	-86.79774	12.82654	1.132314	1.284413	0.5879199
636	-73.10019	-86.52826	13.42808	0.1717546	0.9407711	1.337939
642	-69.44387	-83.11202	13.66815	0.2701649	1.264053	0.6777631
648	-74.77066	-86.73524	11.96458	0.3218291	3.116396	1.301432
654	-70.01476	-83.12665	13.11189	0.04559557	2.364681	0.7866542
660	-67.15673	-81.29847	14.14174	0.0237221	0.9519147	0.7786642
666	-66.88667	-81.38247	14.4958	0.339723	0.4612627	0.749595
672	-66.05871	-79.45982	13.40111	0.6848928	1.079553	0.7069713
678	-66.85192	-80.41797	13.56605	0.1962554	1.193201	0.9809634
684	-66.74294	-80.10873	13.36579	0.006751761	2.17041	0.5673063
690	-65.44724	-78.97912	13.53188	0.02847452	1.86088	0.4756296
696	-64.8808	-79.76845	14.88765	0.1560558	0.3646545	0.70896
702	-66.73643	-81.84259	15.10616	0.2134977	0.2508404	0.3519057
708	-65.53064	-80.63964	15.109	0.3899278	0.1989688	0.608618
714	-63.47499	-77.81219	14.3372	0.6515381	0.4107624	0.6394248
720	-62.88276	-77.36506	14.4823	0.1761627	0.6229922	0.5997961
726	-63.58413	-78.1741	14.58996	0.06849752	0.6229922	0.5997961
732	-65.81084	-79.2787	13.46786	0.1400133	1.440049	0.2278296
738	-70.60235	-83.73988	13.13753	1.109037	0.7829411	0.2365778
744	-66.52285	-78.03278	11.50992	1.551594	2.511144	0.2782332
750	-63.68564	-77.08698	13.40134	0.8037718	1.005545	0.4061294
756	-64.4518	-77.53248	13.08068	0.8037718	1.378027	0.5846207
762	-65.94773	-77.16846	11.22073	1.219781	4.48174	0.5703821
768	-70.46482	-83.38819	12.92336	0.3913138	2.284961	0.4542573
774	-71.36375	-83.14959	11.78585	1.327128	2.699392	0.5286036
780	-68.69064	-82.90853	14.21789	0.1304302	0.8868163	0.5207164
786	-68.10477	-80.30518	12.20041	0.7630475	2.80152	0.3047876
792	-66.82292	-79.42593	12.60301	0.7630475	1.530933	0.1706645
798	-66.73762	-79.70794	12.97032	0.7572974	1.494636	0.3246607
804	-66.38479	-79.8091	13.4243	0.5214874	1.269677	0.3728072
810	-66.3913	-81.31015	14.91885	0.07931736	0.3936602	0.3504349
816	-68.37586	-83.88143	15.50557	0.06673315	0.164468	0.3504349
822	-69.70393	-81.40664	11.70271	0.05481698	7.258325	0.5050145
828	-70.55358	-83.09192	12.53834	0.02749749	4.115487	0.5050145
834	-66.8072	-80.63159	13.82438	0.20845	1.145046	0.3458861
840	-66.64411	-78.86179	12.21768	0.6734988	3.168256	0.4060129
846	-68.79682	-78.63258	9.835758	0.1823983	18.28256	0.2239149
852	-62.85146	-75.94585	13.09439	0.9772664	1.121986	0.368134
858	-64.04571	-76.72424	12.67854	0.7352173	2.09601	0.5684533
864	-64.62643	-76.75034	12.12391	0.2935565	3.817488	0.9407868
870	-63.50075	-76.57836	13.07761	0.01534573	2.677573	0.6367301
876	-65.39563	-77.8841	12.48847	0.525219	2.677573	0.7739342
882	-67.02551	-79.15705	12.13154	0.2888212	3.2845	1.129869
888	-65.46361	-78.63951	13.17589	0.843782	1.227931	0.5169898
894	-66.0972	-79.28937	13.19217	0.8150188	1.227931	0.4235136
900	-68.93995	-80.49526	11.55531	0.8139581	4.62331	0.6495393
906	-67.67673	-79.55502	11.87829	0.2604338	5.569123	0.4460958
912	-66.23798	-79.49799	13.26	0.1216448	2.139896	0.5951395
918	-65.33539	-77.95393	12.61853	0.7631161	2.139896	0.5951395
924	-63.49458	-75.78142	12.28683	0.1557248	2.139896	1.540082
930	-63.16206	-76.55158	13.38952	0.01246499	1.792413	0.8892407
936	-63.87197	-77.98223	14.11026	0.08693963	0.7791889	0.967989
942	-65.30884	-78.91893	13.61009	0.0001800956	1.747381	0.6164192
948	-67.94137	-79.96969	12.02833	0.004601331	6.017098	0.4811163
954	-66.74951	-81.27806	14.52855	0.1744486	0.4070505	1.018656
960	-73.25213	-83.94601	10.69388	0.7198875	9.077059	0.5407813
966	-72.72169	-86.39462	13.67293	1.153072	0.5187644	0.4419689
972	-67.07545	-81.4496	14.37414	0.3016986	0.5690814	0.7259171
978	-68.2875	-82.79024	14.50274	0.6037953	0.3468828	0.3674087
984	-67.86713	-81.03049	13.16336	0.1169535	1.282284	1.339979
990	-67.62508	-80.52605	12.90097	1.238397	0.6410029	0.1484044
996	-70.96107	-82.8969	11.93583	0.9631715	3.130868	0.3913405
1002	-68.7431	-81.89713	13.15403	0.07837558	0.8847593	1.65926
1008	-67.40356	-80.23207	12.82851	0.4732094	1.00746	1.515184
1014	-66.90903	-79.35908	12.45005	0.475089	3.088294	0.4084416
1020	-68.89108	-80.50407	11.613	0.475089	5.594639	0.3576318
1026	-68.07443	-81.07371	12.99928	0.6323832	1.410238	0.228258
1032	-67.72824	-80.73619	13.00794	0.6323832	1.644437	0.3437505
1038	-66.68176	-80.63707	13.95531	0.7966231	0.5681099	0.4546443
1044	-65.78862	-80.06735	14.27874	0.08964852	0.8111608	0.704758
1050	-69.26623	-79.73403	10.4678	0.2038919	12.59575	0.2356519
1056	-67.58449	-79.27209	11.6876	0.09653912	7.086187	0.5711875
1062	-67.67005	-82.52228	14.85223	0.2402861	0.3698743	0.5711875
1068	-69.87135	-84.45862	14.58727	0.2630697	0.3447676	0.9967815
1074	-66.23982	-80.93306	14.69324	0.02556602	0.5138431	0.7898385
1080	-63.78326	-76.43607	12.65281	0.02147691	3.783977	0.4545033
1086	-66.23307	-77.87221	11.63914	0.253755	6.288859	0.329021
1092	-67.40488	-79.09253	11.68765	0.3121813	6.110117	0.5799895
1098	-65.41516	-78.85335	13.43819	0.01517939	1.375958	1.130853
1104	-68.90257	-83.88561	14.98304	0.138851	0.35866	0.5390922
1110	-66.61137	-81.91197	15.3006	0.01114926	0.2464005	0.3308864
1116	-71.19852	-86.77332	15.5748	0.2209951	0.11831	0.5024008
1122	-64.94565	-79.60819	14.66253	0.1158442	0.5514342	0.4598496
1128	-70.44345	-81.25453	10.81108	0.4075834	10.26932	0.4521516
1134	-67.62549	-80.74776	13.12227	0.6491445	1.529814	0.5803799
1140	-67.76695	-81.56364	13.79669	0.631754	0.7697846	0.6855532
1146	-79.99476	-93.47353	13.47877	1.38045	0.4604396	0.3334556
1152	-68.37047	-83.15821	14.78774	0.2385573	0.4055097	0.4501836
1158	-63.92161	-77.78942	13.86781	0.7379622	0.6619888	0.4150608
1164	-66.63883	-79.79132	13.15249	0.7906009	1.236907	0.3360121
1170	-68.12241	-80.89816	12.77575	1.089943	1.294096	0.3091951
1176	-67.25596	-81.19849	13.94253	0.9296163	0.4737801	0.3776326
1182	-64.62046	-78.52395	13.90349	0.2347328	1.011207	0.3243736
1188	-65.76833	-79.61649	13.84816	0.2347328	1.068168	0.3243736
1194	-66.14908	-79.84493	13.69585	0.304952	1.235573	0.4239029
1200	-65.06391	-75.47721	10.4133	0.1142292	15.59722	0.4239029
1206	-65.54303	-77.72736	12.18433	0.163592	4.717182	0.6348743
1212	-67.5711	-80.75884	13.18774	0.6503037	1.106662	0.2090391
1218	-73.80664	-85.78245	11.97581	1.882393	0.9582167	0.1709605
1224	-75.11113	-88.93555	13.82442	0.1043133	1.213685	0.7635941
1230	-67.34849	-81.19742	13.84893	0.1814178	1.213685	0.5334578
1236	-67.6305	-80.50527	12.87477	0.005630413	2.750909	0.8980774
1242	-67.72985	-81.35212	13.62228	0.5959183	0.8029182	0.9154888
1248	-66.97795	-80.41229	13.43434	0.1447603	1.737466	0.695836
1254	-66.71068	-81.21431	14.50363	0.4710174	0.4096395	0.673483
1260	-66.87959	-79.8243	12.94471	0.3985313	1.604188	1.077365
1266	-64.52899	-78.52778	13.99878	0.04522972	1.195492	0.4551313
1272	-67.53501	-79.07452	11.53952	0.3930689	6.004817	0.7639916
1278	-64.86884	-77.78758	12.91873	0.598428	1.903911	0.600787
1284	-69.85149	-83.78147	13.92998	0.4010358	0.590054	0.1769667
1290	-66.89481	-80.70127	13.80646	0.4010358	1.015722	0.5647047
1296	-69.26518	-81.69822	12.43305	0.4906705	3.038843	0.3698278
1302	-71.67432	-83.68223	12.0079	0.2345127	5.114811	0.3996858
1308	-72.00668	-84.02163	12.01495	0.2345127	5.114811	0.415187
1314	-74.63634	-82.85984	8.223495	0.1960122	40.94655	0.181472
1320	-72.27942	-81.20771	8.928288	1.637993	12.23401	0.181472
1326	-69.85537	-79.95959	10.10422	0.7539265	12.23401	0.3215197
1332	-69.27238	-80.72306	11.45067	0.5831054	5.934002	0.6067832
1338	-68.88805	-80.66488	11.77683	0.2520345	5.372708	0.2636522
1344	-74.53637	-84.98147	10.44509	1.119429	8.240326	0.4752034
1350	-72.7015	-84.62753	11.92603	0.2734454	5.355326	0.4752034
1356	-73.11653	-85.35786	12.24133	0.2243285	2.402716	1.417168
1362	-68.88237	-82.20394	13.32157	0.02227379	2.126662	0.6960306
1368	-67.68479	-78.81064	11.12585	0.4561437	7.831058	0.6960306
1374	-67.37096	-78.38676	11.01581	1.143833	5.303142	0.3519733
1380	-67.21693	-81.5779	14.36098	0.1200894	0.7389202	0.3702936
1386	-69.21959	-81.55206	12.33247	0.7903868	2.546972	0.7005209
1392	-72.37322	-84.99699	12.62378	0.7903868	2.074725	0.4059688
1398	-69.07076	-81.51378	12.44302	0.1842848	3.919767	0.5475326
1404	-66.47164	-79.05157	12.57993	0.02677175	3.852264	0.6715524
1410	-65.45978	-79.51865	14.05887	0.1477869	0.9737381	0.6765619
1416	-68.22585	-79.78432	11.55847	0.6971603	4.975745	0.6728839
1422	-66.10232	-79.5846	13.48229	0.6971603	1.013277	0.6511844
1428	-66.84974	-78.89653	12.04679	0.8627947	2.514152	0.2079985
1434	-67.02701	-79.69831	12.6713	0.1971914	3.261198	0.4490104
1440	-69.32327	-80.11977	10.7965	0.6806163	7.177779	0.9902348
1446	-67.55406	-81.0174	13.46334	0.2237711	1.663737	0.5344644
1452	-70.32632	-82.11074	11.78441	0.01666775	5.829505	0.9710562
1458	-67.05141	-80.29981	13.2484	0.2186507	1.56656	0.9827157
1464	-70.56523	-83.96519	13.39996	0.1937094	1.725054	0.6841859
1470	-68.55216	-82.56942	14.01726	0.06126513	1.082598	0.714741
1476	-69.30775	-83.10276	13.79501	0.8524067	0.5694501	0.7680849
1482	-71.34869	-82.89262	11.54393	0.122568	3.632983	1.621324
1488	-68.50135	-81.21077	12.70942	0.5671209	1.900048	0.9529221
1494	-66.68607	-81.13444	14.44837	0.6104808	0.3914156	0.4997676
1500	-68.96092	-83.13933	14.17841	0.600052	0.5468393	0.4311987
1506	-66.93995	-80.41859	13.47864	0.5904975	1.160042	0.4310263
1512	-69.81404	-83.16427	13.35023	0.5048112	1.417525	0.5803132
1518	-70.96396	-83.88915	12.92519	0.8874026	1.417525	0.3530299
1524	-64.94557	-79.27042	14.32484	0.7597603	0.3589401	0.6542382
1530	-67.51392	-80.3349	12.82098	0.431349	2.338881	0.3736396
1536	-72.79802	-85.09551	12.29749	0.06296178	4.275946	0.2715961
1542	-73.11862	-86.73143	13.61281	0.8556186	0.7622157	0.3969014
1548	-70.71415	-84.22378	13.50964	0.4873134	1.255337	0.4965138
1554	-71.85275	-83.70103	11.84828	0.2377749	5.672493	0.6387783
1560	-73.28871	-88.15937	14.87066	0.1017656	0.3168441	0.9334686
1566	-75.83939	-88.96116	13.12176	0.2426411	2.045716	0.7379806
1572	-67.96183	-79.01831	11.05648	0.8451612	6.083633	0.7810579
1578	-67.01598	-78.99164	11.97565	0.1155455	4.61406	1.011348
1584	-68.44724	-79.40603	10.9588	0.5829596	8.365096	0.5233512
1590	-70.9825	-81.02952	10.04702	1.021039	11.05547	0.6510094
1596	-74.28045	-85.03039	10.74994	1.021039	5.907469	0.2093598
1602	-62.27496	-74.93869	12.66373	0.5764175	2.365166	0.6490794
1608	-65.02192	-76.77747	11.75554	0.220317	1.721653	2.040596
1614	-64.0282	-76.40851	12.38031	0.4509702	2.008069	1.297677
1620	-62.53418	-76.35073	13.81655	0.3826365	0.9128342	0.7889698
1626	-64.5559	-76.78088	12.22498	0.2863887	1.829178	1.624045
1632	-68.3829	-81.32503	12.94213	0.3284579	1.829178	1.003947
1638	-67.47598	-80.59629	13.12031	0.1502772	1.829178	1.003947
1644	-66.09253	-76.97592	10.88339	0.6571596	8.284679	0.5980843
1650	-67.30163	-79.14947	11.84784	0.1845736	6.02108	0.5121013
1656	-66.7481	-79.06642	12.31833	0.3393107	3.476527	0.8041119
1662	-66.27608	-81.22251	14.94643	0.458458	0.2292656	0.6269831
1668	-64.27486	-78.13305	13.85819	0.458458	0.916842	0.5058642
1674	-64.85655	-77.14013	12.28358	0.2538018	3.95501	0.7309401
1680	-64.0065	-77.53783	13.53133	0.2538018	1.168785	0.9796424
1686	-71.73922	-79.74049	8.001272	1.343044	29.0406	0.7571078
1692	-71.82803	-79.76737	7.939338	1.404978	29.0406	0.7571078
1698	-69.67527	-78.80435	9.129081	1.354786	15.37598	0.3251328
1704	-73.18081	-83.99167	10.81086	1.354786	5.358108	0.6427954
1710	-68.84452	-83.90544	15.06092	0.3144534	0.1934714	0.8395222
1716	-67.64461	-81.476	13.83139	0.4895159	0.7071613	0.9321621
1722	-68.71964	-82.63008	13.91044	0.03903912	1.264307	0.6549742
1728	-65.7124	-79.44843	13.73603	0.2127994	1.281163	0.3934243
1734	-69.66697	-80.54008	10.87311	0.7966719	7.015683	0.2808408
1740	-73.52888	-83.42949	9.900619	0.6200799	15.77764	0.487472
1746	-70.23335	-82.57298	12.33963	1.020022	2.161051	0.6237654
1752	-69.21241	-81.12781	11.91539	1.32082	1.713717	0.1697725
1758	-68.49325	-80.17871	11.68546	1.079162	2.899915	0.220445
1764	-69.43942	-83.72961	14.29019	0.5219853	0.4071935	0.9045044
1770	-66.75889	-79.29697	12.53809	0.6280573	2.453522	0.3391355
1776	-66.3369	-80.44073	14.10383	0.5508004	0.6349711	0.4535354
1782	-67.29519	-79.39656	12.10137	0.4612639	4.056734	0.4008936
1788	-67.94006	-80.87165	12.9316	1.014923	1.060932	0.2351265
1794	-76.49152	-83.7263	7.234777	1.457789	43.0198	0.4399251
1800	-66.96324	-80.74489	13.78165	0.8527999	0.639029	0.6042786
1806	-67.09397	-81.04585	13.95188	0.1464302	1.103624	0.6390384
1812	-68.74493	-81.38755	12.64262	0.1578014	3.388154	0.3983148
1818	-68.68559	-81.62674	12.94116	0.5055082	1.951659	0.6930518
1824	-70.40374	-79.08535	8.681607	1.781111	14.38326	0.2401842
1830	-71.8348	-78.60606	6.771256	1.745005	42.37201	0.2401842
1836	-70.31595	-81.22601	10.91006	1.804403	2.508889	0.1528669
1842	-71.70762	-83.78815	12.08053	0.3595466	4.497905	0.453824
1848	-68.40868	-80.37805	11.96937	0.5448592	2.629363	1.290685
1854	-69.78186	-80.65153	10.86968	1.200176	5.861605	0.4718158
1860	-70.09344	-83.57289	13.47946	0.6382917	1.013671	0.308817
1866	-70.48084	-84.37079	13.88996	0.3146454	1.024641	0.4704253
1872	-70.24071	-84.64089	14.40018	0.1851135	0.6881603	0.4704253
1878	-69.82817	-83.64117	13.81301	0.3079871	1.094697	0.6019842
1884	-73.92415	-87.5665	13.64235	0.3079871	1.296335	0.5834422
1890	-70.64946	-84.3198	13.67034	0.2820031	1.296335	0.5761515
1896	-70.51883	-84.44468	13.92585	0.2820031	0.6571029	1.108518
1902	-72.93823	-83.97938	11.04115	0.9943334	5.704572	0.3304161
1908	-66.76542	-80.02689	13.26147	0.2461664	1.667915	0.2573269
1914	-69.91057	-83.53728	13.62671	0.5040093	0.7751766	1.039084
1920	-77.25278	-89.04198	11.7892	0.9169295	3.589819	0.3681541
1926	-78.40049	-87.73071	9.330227	1.401305	10.80588	0.1719995
1932	-71.10779	-83.46094	12.35315	1.439949	1.288505	0.2587608
1938	-69.6934	-82.10555	12.41215	1.759664	0.5384819	0.126032
1944	-70.83906	-81.17543	10.33638	0.08397267	16.53977	0.4050862
1950	-66.57992	-82.00612	15.4262	0.1372766	0.1751302	0.387021
1956	-68.8038	-82.15846	13.35465	0.1481821	1.366904	1.092374
1962	-66.88406	-79.95964	13.07559	0.5375384	1.755759	0.4177925
1968	-67.09796	-79.91621	12.81824	0.07144397	3.220774	0.4838974
1974	-65.29672	-79.02027	13.72355	0.5604608	0.9439572	0.5466213
1980	-69.56726	-80.9709	11.40364	0.3079499	7.473625	0.5336571
1986	-65.37636	-79.08088	13.70451	0.6606948	0.8704911	0.5316787
1992	-69.47375	-80.74468	11.27093	0.7425251	5.304757	0.8869858
1998	-67.9705	-80.86618	12.89568	0.3108436	2.440648	0.6386263
2004	-70.8662	-83.72362	12.85742	0.2451201	2.708524	0.5650761
2010	-66.89549	-79.47834	12.58285	0.3863766	1.736457	1.321995
2016	-67.1996	-80.44036	13.24075	0.1954154	2.010999	0.3790653
2022	-71.24613	-80.75467	9.508542	0.6267296	18.28152	0.8055128
2028	-64.61065	-77.80675	13.19609	0.1384092	1.672736	1.041121
2034	-64.58719	-79.13165	14.54446	0.1280214	0.3551579	1.143361
2040	-61.51543	-74.27145	12.75602	0.06464894	3.392479	0.4684103
2046	-65.59232	-77.71262	12.1203	0.5614344	3.392479	0.8144833
2052	-64.62069	-78.11583	13.49514	0.5614344	0.9617742	0.9009433
2058	-63.97424	-76.22717	12.25294	0.2885622	3.805355	0.799583
2064	-67.02248	-79.17409	12.15161	0.542609	2.81843	1.057778
2070	-66.15028	-79.23032	13.08004	0.1708035	2.397255	0.5745275
2076	-67.39899	-79.44887	12.04988	0.5861748	3.874615	0.5779597
2082	-65.85254	-81.14483	15.29228	0.05140736	0.2219876	0.7712634
2088	-65.50921	-79.71307	14.20387	0.4480657	0.5240103	0.8543299
2094	-65.32519	-79.03336	13.70817	0.3306133	1.038837	0.8307484
2100	-67.03219	-81.44111	14.40892	0.3973789	0.519013	0.6243786
2106	-66.69109	-80.0079	13.31681	0.4525668	1.542108	0.5509458
2112	-67.81577	-79.71032	11.89456	0.1949276	2.647541	1.608992
2118	-66.30925	-78.94213	12.63288	0.2429079	2.879144	0.83575
2124	-66.15254	-78.7609	12.60835	0.3858625	2.81887	0.7043625
2130	-67.5645	-79.29073	11.72623	1.486196	1.617375	0.1489888
2136	-66.80698	-78.61501	11.80803	1.291261	1.822967	0.15392
2142	-68.04049	-80.93122	12.89073	0.3120396	2.432876	0.6554715
2148	-71.93376	-81.95103	10.01727	1.186471	10.38222	0.5362035
2154	-67.12078	-78.23214	11.11136	0.09271241	10.38222	0.5336327
2160	-64.84601	-77.66839	12.82238	0.2227862	2.463192	0.8658987
2166	-69.4804	-81.89622	12.41582	0.07804765	4.3367	0.5203256
2172	-65.753	-78.89182	13.13882	0.900609	0.8245042	0.1805404
2178	-66.89403	-81.89098	14.99695	0.5976182	0.1691215	0.409585
2184	-67.89056	-79.50644	11.61588	0.5387428	4.891327	0.2600968
2190	-71.24699	-82.62764	11.38065	0.9729783	4.624189	0.68055
2196	-68.91619	-82.00558	13.08938	0.162168	1.848351	1.010914
2202	-65.67986	-79.07929	13.39943	0.008845376	2.117297	0.4683805
2208	-64.10297	-76.88685	12.78388	0.2234614	2.777992	0.7132546
2214	-67.85064	-80.14057	12.28993	0.6930601	2.777992	0.7516445
2220	-72.66209	-84.20011	11.53802	0.3732808	5.210385	1.021229
2226	-71.03614	-83.12406	12.08791	0.04361683	5.510644	0.6291399
2232	-68.04546	-80.50235	12.45689	0.2719956	3.638093	0.532427
2238	-67.6821	-79.87596	12.19386	0.2264201	4.532465	0.5877413
2244	-67.13829	-79.58304	12.44475	0.1339599	3.999105	0.3946498
2250	-71.54111	-83.70154	12.16044	0.2983868	3.158714	1.140595
2256	-65.83486	-79.29397	13.45911	0.2741108	1.041765	1.140595
2262	-65.34568	-77.39845	12.05278	0.8789843	2.985437	0.3510244
2268	-70.27167	-78.53192	8.260254	1.116944	22.95641	0.1524619
2274	-67.51445	-80.78541	13.27096	0.4995031	1.211851	0.9557531
2280	-65.39528	-79.5542	14.15893	0.4749306	0.6343183	0.3939451
2286	-73.58666	-84.04475	10.45809	0.9485741	8.829076	0.6811789
2292	-67.84984	-79.84055	11.99071	0.1903935	4.968435	0.793819
2298	-75.23165	-87.53573	12.30408	0.8254513	1.574263	1.281469
2304	-63.82667	-76.29367	12.467	0.06216154	3.988669	0.7258689
2310	-63.93454	-77.3233	13.38877	0.2539832	1.608377	0.3214796
2316	-64.73774	-78.36735	13.62961	0.09724793	1.608377	0.4839809
2322	-67.89572	-81.58728	13.69156	0.03106128	1.608377	0.5504329
2328	-70.75652	-83.88842	13.1319	0.2481577	2.088329	0.6686284
2334	-66.36611	-80.1289	13.7628	0.2679593	1.075774	0.2888658
2340	-67.13703	-81.65619	14.51916	0.2679593	0.5169724	0.6734167
2346	-66.56942	-82.26048	15.69106	0.018647	0.1297106	0.3685471
2352	-68.1066	-80.70369	12.59708	0.3059161	1.961305	1.261468
2358	-66.00805	-79.67606	13.66801	0.5496102	1.013264	0.4965759
2364	-70.32048	-85.30083	14.98035	0.6628067	0.1254339	0.7932294
2370	-64.68947	-78.13446	13.44499	0.1664866	1.769554	0.5655937
2376	-65.39187	-79.01576	13.6239	0.4892761	1.071826	0.6707327
2382	-66.70826	-78.65491	11.94666	0.289162	5.107204	0.6373611
2388	-67.91071	-81.09048	13.17977	0.8335794	1.063771	0.2705854
2394	-66.85821	-80.06119	13.20297	0.8335794	1.169598	0.3798014
2400	-71.45225	-84.46392	13.01167	0.2253358	2.376433	0.3797785
2406	-66.0971	-79.21341	13.11631	0.07641308	2.376433	0.7256813
2412	-67.24364	-79.89934	12.6557	0.2608802	3.155544	0.5037086
2418	-67.4878	-80.58865	13.10085	0.1950596	2.028216	0.8449919
2424	-66.18043	-80.38498	14.20455	0.4262685	0.6481626	0.5745953
2430	-73.38145	-85.77522	12.39377	1.24334	1.505247	0.2655693
2436	-70.92349	-84.56352	13.64003	0.6422516	0.6920308	0.992866
2442	-67.57487	-79.91309	12.33822	0.3634422	3.513434	0.719749
2448	-63.88877	-77.2272	13.33843	0.7151515	1.133298	0.3578754
2454	-68.29637	-81.73367	13.4373	0.3505206	1.505256	0.4232305
2460	-74.001	-86.93	12.929	0.8095013	1.25885	0.9472225
2466	-71.37261	-82.5561	11.18349	0.8095013	6.158214	0.5615967
2472	-64.23475	-77.938	13.70324	0.2486843	1.304795	0.456494
2478	-65.11965	-77.71523	12.59558	0.4015118	1.741455	1.296808
2484	-66.24225	-76.72659	10.48434	0.5160018	11.7251	0.5787974
2490	-67.31202	-77.21512	9.9031	0.9437043	12.85318	0.5927736
2496	-68.18839	-78.61277	10.42439	0.9872402	9.018443	0.5927736
2502	-67.60502	-80.05324	12.44823	0.04529566	4.14619	0.6978449
2508	-66.59485	-79.49877	12.90392	0.06337533	2.965159	0.6301129
2514	-66.43489	-79.17377	12.73888	0.5752006	1.848738	0.9467294
2520	-65.07697	-78.92967	13.8527	0.02127261	1.364888	0.3811685
2526	-65.89279	-76.79465	10.90186	0.1840798	11.14293	0.4408612
2532	-64.69731	-76.73921	12.0419	0.2953583	4.838225	0.4457603
2538	-65.67438	-78.32449	12.6501	0.3118188	2.620607	0.8739608
2544	-67.90392	-80.70395	12.80003	1.054921	1.379974	0.6568682
2550	-66.89542	-80.86238	13.96696	0.02461266	0.816366	1.123147
2556	-71.37059	-84.56184	13.19125	0.6048624	1.159221	0.977135
2562	-73.58633	-85.08097	11.49463	0.7114246	3.785827	1.154327
2568	-66.62614	-79.56205	12.93591	0.1317151	2.185345	0.9981936
2574	-64.03231	-78.01973	13.98742	0.5256829	0.7384781	0.4344847
2580	-67.22823	-80.1757	12.94747	0.5256829	1.915507	0.3520987
2586	-68.80143	-81.33328	12.53185	0.5256829	2.704313	0.3522786
2592	-66.63936	-79.81989	13.18053	0.185137	2.180302	0.5731662
2598	-66.44582	-79.4465	13.00068	0.6149585	1.709833	0.3675564
2604	-67.37948	-80.03102	12.65154	0.1796673	2.903806	0.8763669
2610	-67.36802	-80.72653	13.35851	0.09378863	1.842048	0.7878744
2616	-65.92041	-78.3965	12.4761	0.1301264	3.379446	0.9104314
2622	-65.46963	-77.65108	12.18145	0.6180276	3.379446	0.3902826
2628	-63.82758	-76.8336	13.00602	0.9526995	1.300215	0.4781667
2634	-64.95123	-78.28985	13.33861	0.6187439	1.300215	0.5349958
2640	-67.07864	-80.0144	12.93575	0.6606073	1.614956	0.7952591
2646	-67.41751	-80.20954	12.79203	0.04805348	2.443473	1.087122
2652	-66.9419	-81.89187	14.94997	0.1264625	0.3608918	0.662826
2658	-70.09398	-85.37288	15.2789	0.05323292	0.242873	0.7000732
2664	-70.56788	-83.39643	12.82854	0.2601723	2.736661	0.5688842
2670	-71.19032	-83.20691	12.01659	0.1370937	5.50169	0.5688842
2676	-68.21931	-80.27773	12.05842	0.7629954	3.18851	0.3240565
2682	-68.09525	-82.06765	13.97241	1.004518	0.3720653	0.2930136
2688	-68.63728	-82.01706	13.37978	0.5348081	1.340732	0.5825283
2694	-64.15312	-78.6617	14.50857	0.3894364	0.4743688	0.4356086
2700	-68.13767	-80.89526	12.75759	0.1280484	3.189159	0.5989153
2706	-73.8099	-84.923	11.1131	0.04729676	10.68613	0.5025074
2712	-67.52432	-80.71858	13.19426	0.07470764	1.711703	1.078489
2718	-66.62769	-80.24482	13.61713	0.1589691	1.068149	1.078489
2724	-66.47875	-80.89619	14.41744	0.1476001	0.6696514	0.6687565
2730	-75.89462	-88.88587	12.99125	1.21038	0.9903721	0.373233
2736	-75.55544	-88.21021	12.65477	1.074183	1.392504	0.2694752
2742	-66.36182	-79.17817	12.81635	0.0592633	2.240148	1.150248
2748	-68.27621	-81.13333	12.85711	0.453809	2.240148	0.6375257
2754	-69.56241	-82.83979	13.27738	0.3121236	1.293193	1.066963
2760	-68.88109	-81.81562	12.93453	0.3581871	2.299339	0.4091169
2766	-69.22502	-82.33507	13.11005	0.1810682	1.562468	1.151301
2772	-68.56145	-80.00467	11.44321	0.6916794	5.539452	0.6001525
2778	-69.80784	-81.26947	11.46162	0.6861233	5.078033	0.7974949
2784	-67.75549	-81.45967	13.70418	0.1547841	1.162245	0.9072607
2790	-69.79483	-83.68624	13.89141	1.446365	0.1734844	0.2199179
2796	-68.82584	-81.2701	12.44426	0.09171063	2.669558	1.257258
2802	-67.45836	-81.28541	13.82704	0.3774987	0.9845513	0.6589042
2808	-69.20952	-83.33126	14.12174	0.3370545	0.7561179	0.6589042
2814	-68.29193	-82.46694	14.17501	0.3373686	0.5688772	0.93362
2820	-65.14411	-79.18517	14.04106	0.004823662	1.023939	0.8400261
2826	-63.62431	-76.04506	12.42075	0.09609562	4.189044	0.6203671
2832	-63.21016	-76.60507	13.39491	0.1897582	1.805706	0.5799522
2838	-65.43341	-78.13866	12.70525	0.4278685	1.805706	1.146482
2844	-71.45206	-83.92577	12.47371	0.5535402	2.76854	0.3512065
2850	-70.45872	-82.82207	12.36335	0.689248	2.76854	0.6333947
2856	-69.21049	-81.79836	12.58787	1.153657	1.477581	0.3258669
2862	-70.52152	-82.8211	12.29958	0.5127783	3.002514	0.848252
2868	-67.41059	-79.71017	12.29958	0.5127783	3.002514	0.848252
2874	-64.15388	-78.27991	14.12603	0.03100109	0.9176704	0.8370223
2880	-64.31287	-78.50756	14.19469	0.1462361	0.8028233	0.7632277
2886	-67.54082	-79.58209	12.04127	0.3966421	4.435792	0.6223764
2892	-68.00904	-81.98239	13.97335	0.3674756	0.6079885	1.048664
2898	-65.12395	-78.20278	13.07884	0.07383096	2.30882	0.8309285
2904	-76.47339	-85.43795	8.964552	0.7913661	21.19026	0.2220252
2910	-68.81183	-81.97895	13.16712	0.176364	2.025894	0.7851629
2916	-69.8288	-83.22017	13.39137	0.2375097	1.579067	0.7851629
2922	-74.30586	-87.04706	12.7412	0.536315	2.339438	0.4233172
2928	-71.79563	-83.39883	11.6032	0.7226527	4.754424	0.3686272
2934	-68.45499	-80.4896	12.03461	1.084263	2.646801	0.60731
2940	-66.6895	-80.94079	14.25129	0.08923684	0.7116551	0.904264
2946	-69.76549	-81.78508	12.0196	0.4913525	4.076738	0.7072725
2952	-64.71195	-77.03938	12.32742	0.4379782	3.291823	0.7530223
2958	-66.89645	-78.43743	11.54098	1.320825	2.785543	0.2402572
2964	-65.30867	-77.35239	12.04371	1.286753	1.433609	0.1458018
2970	-65.73063	-78.95348	13.22285	0.5929519	1.259955	0.8595412
2976	-64.68755	-78.35348	13.66593	1.135073	0.4586529	0.2841811
2982	-68.9145	-80.24565	11.33115	0.9650488	3.576283	0.1604957
2988	-65.24575	-76.7699	11.52415	0.8611332	4.572622	0.376576
2994	-64.75863	-77.78458	13.02594	0.0764226	1.740236	1.209876
3000	-64.04832	-78.94806	14.89973	0.01742465	0.3502932	0.9143798
3006	-64.5999	-77.3262	12.7263	0.01841588	3.550593	0.6018963
3012	-67.54812	-79.99323	12.44511	0.29023	2.416195	1.192692
3018	-65.00596	-78.24026	13.2343	0.180784	1.961811	0.7356068
3024	-66.199	-79.59336	13.39436	1.154423	0.6301341	0.295298
3030	-67.10974	-77.96976	10.86002	0.6627289	5.107076	0.1084671
3036	-65.97861	-76.91138	10.93276	0.9817156	5.107076	0.1882399
3042	-62.58442	-75.72404	13.13962	0.3683134	1.929568	0.4276305
3048	-64.23948	-78.56176	14.32228	0.5301669	0.4999268	0.4276305
3054	-64.46707	-78.5851	14.11803	0.08189712	0.8397625	0.8881209
3060	-64.69023	-76.77697	12.08674	0.1967033	4.990895	0.5971264
3066	-65.20253	-77.77669	12.57416	0.03702569	3.135135	1.006898
3072	-64.03855	-77.60202	13.56347	0.01477159	1.813009	0.5862367
3078	-65.11151	-77.78525	12.67374	0.426439	2.238211	0.9347709
3084	-66.24879	-79.18233	12.93354	0.0227824	1.882263	1.25693
3090	-63.8981	-77.84933	13.95123	0.4531452	0.837382	0.5001647
3096	-63.92246	-76.93928	13.01682	0.05277332	2.653549	0.7048093
3102	-64.30981	-77.38394	13.07413	0.04733217	1.809938	1.154417
3108	-68.01384	-79.12536	11.11152	0.2312437	6.923962	1.165818
3114	-67.78822	-80.64055	12.85233	0.7037263	1.793263	0.3605119
3120	-67.88639	-80.70244	12.81605	0.2870284	2.723566	0.4870697
3126	-66.3953	-79.29738	12.90208	0.04109303	3.090151	0.4870697
3132	-67.75039	-79.32231	11.57192	0.1469618	7.338908	0.4019701
3138	-65.62686	-78.66309	13.03623	0.04045754	2.516017	0.7933717
3144	-62.959	-76.88964	13.93064	0.5447257	0.7454371	0.3738206
3150	-65.1478	-79.1343	13.9865	0.0549295	0.7454371	1.154696
3156	-70.35222	-81.93614	11.58392	0.2865058	4.159173	1.329591
3162	-74.17397	-85.49764	11.32368	0.4978081	4.159173	1.368469
3168	-66.03554	-80.85018	14.81463	0.1132524	0.2888005	1.044341
3174	-65.81622	-78.71456	12.89834	0.2301822	2.440213	0.3000479
3180	-65.06654	-77.80212	12.73558	0.9111215	1.349034	0.2151579
3186	-72.33838	-83.70734	11.36896	1.095469	4.013115	0.2827917
3192	-70.24297	-82.76928	12.52631	1.095469	1.688715	0.6766975
3198	-65.98966	-75.59475	9.605091	1.095469	11.93654	0.2119626
3204	-65.06202	-79.44207	14.38006	0.4681303	0.4610252	0.3238638
3210	-66.27696	-78.07622	11.79926	0.1257307	6.126618	0.7314859
3216	-70.44308	-81.32033	10.87725	1.100295	5.775208	0.7800409
3222	-67.5158	-80.26637	12.75056	0.5648188	2.272013	0.5764031
3228	-66.65757	-79.62834	12.97077	0.570586	1.872942	0.5841471
3234	-67.14007	-79.67242	12.53235	0.3974966	2.637304	0.9016516
3240	-69.30712	-82.53037	13.22325	0.4160273	1.640395	0.3396299
3246	-76.8879	-88.57661	11.68871	0.0160724	7.409458	0.4024805
3252	-64.89417	-77.48982	12.59565	0.1357833	3.235614	0.8295692
3258	-65.90734	-78.61733	12.71	0.3465609	2.269338	0.9633082
3264	-64.28442	-77.61363	13.32921	0.3973423	1.55235	0.3710896
3270	-68.56117	-81.31468	12.75351	0.3973423	2.621422	0.490669
3276	-65.81717	-80.39943	14.58225	0.3390923	0.4338339	0.3491381
3282	-70.03103	-84.08769	14.05666	0.1290851	0.4355053	1.415196
3288	-65.27091	-79.76207	14.49116	0.542265	0.3265782	0.2678075
3294	-62.82815	-77.86862	15.04048	0.1655126	0.3208943	0.5004277
3300	-64.25488	-77.46806	13.21318	0.1128294	2.264847	0.4577286
3306	-69.69633	-81.76027	12.06394	0.150412	4.873702	0.78519
3312	-65.45042	-79.4605	14.01007	0.04930116	1.112045	0.7005804
3318	-67.72047	-79.58986	11.86938	0.04930116	5.461102	0.9458841
3324	-67.1712	-79.29595	12.12475	0.3055394	3.697414	0.9719274
3330	-66.28094	-78.46405	12.18311	0.01520044	5.231555	0.6454603
3336	-62.82481	-75.72014	12.89534	0.01469278	2.453913	1.015429
3342	-62.84711	-76.55896	13.71184	0.1381834	0.9863559	1.084311
3348	-64.98293	-78.31974	13.33681	0.0197994	1.789983	0.9409887
3354	-71.08693	-82.0518	10.96487	0.3699524	2.962589	2.032455
3360	-79.89647	-86.52705	6.630583	1.067593	70.64767	0.4360388
3366	-76.18963	-83.32149	7.131863	1.067593	41.94069	0.1405435
3372	-72.94412	-85.48138	12.53726	0.2791277	3.364337	0.4128414
3378	-71.36953	-82.99472	11.62518	0.02311258	7.720444	0.4145947
3384	-70.0801	-82.32408	12.24398	1.830254	0.407011	0.08372505
3390	-65.77658	-80.2434	14.46682	0.3564575	0.4629935	0.7631981
3396	-69.37434	-81.38378	12.00944	0.2730071	5.054334	0.4987471
3402	-73.46134	-85.82427	12.36293	0.3141219	2.818441	1.073937
3408	-66.19448	-79.72972	13.53524	0.6775052	1.010582	0.4410265
3414	-65.53224	-79.53334	14.0011	0.1653957	1.053753	0.5802275
3420	-68.34357	-81.44259	13.09902	0.8898858	0.9745096	0.2173989
3426	-71.80613	-81.01095	9.204821	0.8898858	13.44458	0.1159296
3432	-66.97073	-79.29413	12.3234	0.8898858	2.387316	0.3547002
3438	-64.92222	-78.60863	13.68641	0.09035173	1.537924	0.5157995
3444	-65.05883	-78.73551	13.67667	0.04679689	1.517944	0.7081314
3450	-65.80505	-79.71588	13.91083	0.1657949	1.154913	0.564192
3456	-67.61462	-80.0964	12.48178	0.8717483	2.211656	0.5507026
3462	-64.79812	-76.50678	11.70866	0.8717483	3.99097	0.3927127
3468	-63.04874	-77.98741	14.93868	0.4008099	0.2489715	0.6552954
3474	-63.60285	-77.29139	13.68854	0.7184712	0.6645025	0.8993792
3480	-63.59192	-77.00088	13.40897	0.4408391	1.425054	0.4290291
3486	-65.42768	-79.02243	13.59475	0.9894421	0.601334	0.2912525
3492	-65.22678	-76.34188	11.1151	0.1567428	8.962708	0.265084
3498	-62.84903	-75.6091	12.76008	0.6698341	2.078045	0.5371545
3504	-61.7403	-76.18377	14.44347	0.3212637	0.5466654	0.6188159
3510	-66.12134	-78.51668	12.39533	0.09969153	3.788873	0.865082
3516	-68.87995	-80.31429	11.43434	0.1095575	6.905812	0.9807915
3522	-62.96941	-75.76422	12.7948	0.1412537	2.656463	0.8843719
3528	-64.5742	-77.83374	13.25954	0.5702459	1.159629	0.941588
3534	-68.96738	-80.44402	11.47664	0.2710521	6.632511	0.8179587
3540	-69.23767	-80.82671	11.58904	0.8142281	4.173299	0.8179587
3546	-71.92695	-81.74576	9.81881	1.495069	8.06621	0.2111001
3552	-70.47077	-81.83098	11.36021	1.495069	2.949089	0.2749828
3558	-71.45382	-84.02628	12.57245	0.5202726	2.4376	0.2749828
3564	-68.57678	-82.30002	13.72325	0.6652566	0.8486112	0.4615014
3570	-68.85162	-82.34235	13.49073	0.1264277	1.095983	1.196957
3576	-67.48245	-80.13865	12.6562	0.00832472	2.037041	1.416405
3582	-68.96761	-81.24753	12.27992	0.7519738	1.932918	1.166308
3588	-71.52982	-82.33561	10.80579	0.3082497	6.821184	1.373074
3594	-68.42463	-79.70375	11.27913	0.3873501	5.131571	1.259079
3600	-68.31307	-80.19411	11.88104	1.329953	2.48985	0.4587383
3606	-66.58506	-77.84225	11.25718	1.054537	4.843307	0.633678
3612	-63.26583	-76.25571	12.98988	0.6503951	1.737378	0.505165
3618	-67.13593	-79.34101	12.20508	0.574932	3.463461	0.4166693
3624	-63.73928	-76.33874	12.59945	0.4701816	2.791867	0.4639536
3630	-64.1524	-76.3895	12.23711	0.5090484	3.589011	0.5375796
3636	-65.72011	-78.50853	12.78841	1.067534	1.428081	0.5375796
3642	-63.64444	-77.61717	13.97273	0.3734552	0.7761067	0.8001248
3648	-64.58031	-77.95057	13.37026	0.02090568	2.145058	0.4581551
3654	-66.37613	-78.42865	12.05252	0.1464015	4.908611	0.7926456
3660	-67.67989	-79.80199	12.1221	0.03156377	5.087954	0.7857335
3666	-70.4641	-82.57132	12.10722	0.02061092	5.296744	0.7408621
3672	-64.18943	-77.51148	13.32206	0.2235271	1.028064	1.310534
3678	-63.62484	-77.9761	14.35126	0.1978176	0.681152	0.6699504
3684	-72.65666	-84.33916	11.6825	0.1004606	6.912624	0.6699504
3690	-67.66864	-80.85306	13.18442	0.8071057	1.113985	0.2864719
3696	-66.84226	-80.38517	13.54291	0.06466759	1.597716	0.7963095
3702	-72.62883	-83.07009	10.44125	1.726341	4.917722	0.2717318
3708	-69.10553	-82.83393	13.72839	0.337851	0.9024037	0.2180546
3714	-70.21886	-79.85736	9.638501	0.6189228	16.96515	0.27968
3720	-71.40735	-83.48094	12.07358	0.4568619	3.180113	1.067163
3726	-69.7957	-82.65304	12.85734	0.1663003	2.619242	0.797894
3732	-69.38472	-83.06612	13.6814	0.7151181	0.8128434	0.377298
3738	-68.76009	-81.61819	12.85811	0.2650356	2.431017	0.2927761
3744	-70.65902	-79.65088	8.991852	0.2650356	30.0972	0.2927761
3750	-62.84933	-76.88044	14.03111	0.05656758	1.049411	0.7501667
3756	-67.54487	-78.88581	11.34094	0.2673063	7.434947	0.7771878
3762	-66.23323	-79.16393	12.9307	0.1564672	2.257722	0.9375365
3768	-68.28055	-81.21321	12.93266	0.1253297	2.257722	0.9682349
3774	-70.34173	-83.26758	12.92585	0.1119522	2.83963	0.5857345
3780	-69.68782	-81.45523	11.7674	1.303591	2.775053	0.4360357
3786	-72.8015	-82.17404	9.372537	1.1513	14.20152	0.2601639
3792	-69.07822	-80.76582	11.6876	0.1857089	5.9643	0.2604414
3798	-69.54246	-82.4528	12.91034	1.101601	1.203962	0.3890929
3804	-68.9667	-82.98342	14.01671	0.8366678	0.503423	0.5511639
3810	-65.59076	-80.52899	14.93823	0.1448817	0.3711919	0.5948303
3816	-64.53934	-78.1567	13.61736	0.5543067	1.04509	0.4187515
3822	-68.51509	-80.62722	12.11214	0.3806574	4.288725	0.5981588
3828	-70.48242	-83.17976	12.69734	0.5342974	2.340593	0.3480057
3834	-70.58785	-79.03168	8.44383	1.364362	20.32029	0.2137508
3840	-67.75664	-79.21647	11.45983	1.072449	3.236625	0.1887768
3846	-67.75334	-81.62562	13.87228	0.2462314	1.117108	0.4947829
3852	-67.88271	-80.08263	12.19992	0.09607584	4.507972	0.8203188
3858	-67.27764	-80.31715	13.03951	0.2281451	2.379704	0.4671722
3864	-66.35398	-78.93705	12.58307	0.809007	2.150008	0.5052648
3870	-67.89107	-82.6815	14.79043	0.2854385	0.3742687	0.5980062
3876	-72.58584	-82.97624	10.3904	0.8231531	10.28677	0.562961
3882	-65.17125	-79.77809	14.60684	0.1295496	0.5798178	0.4664119
3888	-68.04984	-81.04473	12.99489	0.4065009	2.081698	0.3889247
3894	-61.98265	-76.73581	14.75315	0.2214553	0.4353053	0.4733372
3900	-66.26651	-78.63059	12.36408	0.115353	3.749636	0.8990922
3906	-67.70919	-81.14423	13.43505	0.103014	1.307698	1.103639
3912	-68.02677	-81.97698	13.95021	0.4347737	0.4742275	1.198125
3918	-67.01132	-80.22087	13.20956	0.4347737	1.511729	0.828395
3924	-64.81856	-79.52093	14.70237	0.3599313	0.3860998	0.4431809
3930	-64.47403	-78.51862	14.04459	0.7537069	0.5286692	0.6043392
3936	-65.49043	-78.99087	13.50045	0.02991878	1.687574	0.8169798
3942	-70.84352	-81.02711	10.18359	1.362041	6.202583	0.1637109
3948	-67.85256	-78.21486	10.3623	0.1836147	14.75374	0.3185681
3954	-66.95112	-78.66127	11.71015	0.9168556	3.215726	0.2183379
3960	-66.56539	-80.08878	13.52339	0.4907072	1.235087	0.5039864
3966	-67.49452	-81.72429	14.22977	0.4907072	0.5122074	0.2908916
3972	-66.86196	-80.62287	13.76092	0.9715493	0.5122074	0.29953
3978	-73.50984	-87.00656	13.49672	0.969048	0.7842611	0.5189576
3984	-68.03008	-79.59235	11.56226	0.1234215	7.315576	0.6940045
3990	-64.66424	-78.25898	13.59473	0.1244338	1.393276	0.8462178
3996	-64.90267	-78.02537	13.1227	0.1050558	2.405023	0.630906
4002	-71.52827	-81.15666	9.628385	0.5623329	18.43623	0.7010872
4008	-66.32428	-77.39558	11.0713	0.5781	7.25755	0.3018821
4014	-69.84832	-84.09307	14.24474	0.01167295	0.9583038	0.5973035
4020	-65.66504	-79.9148	14.24976	0.01837902	0.9532567	0.4316563
4026	-64.58046	-77.1975	12.61704	0.001201456	3.219473	0.9650221
4032	-65.0658	-77.16802	12.10222	0.0002133789	5.501493	0.6937573
4038	-65.60683	-77.70257	12.09573	0.0003144617	5.501493	0.7049618
4044	-62.35015	-75.7104	13.36025	0.05548794	1.957726	0.7383853
4050	-63.44792	-76.66225	13.21433	0.2478936	1.685822	0.9000633
4056	-67.22323	-80.85564	13.6324	0.04257033	1.651385	0.6145116
4062	-63.30264	-76.55008	13.24744	0.00764234	2.375246	0.5982716
4068	-63.62211	-75.85304	12.23092	0.252397	3.913809	0.8263285
4074	-64.25846	-76.99648	12.73802	0.5770148	2.285847	0.5438394
4080	-64.35615	-78.65159	14.29544	0.3885774	0.5893291	0.3706536
4086	-65.11728	-79.55814	14.44086	0.3274517	0.5588481	0.5329713
4092	-66.22387	-77.86035	11.63648	0.9290389	4.096521	0.5597692
4098	-66.28709	-76.86917	10.58208	0.4565235	10.69855	0.293344
4104	-63.70364	-75.94721	12.24357	0.420144	3.824255	0.5209418
4110	-66.90069	-79.73372	12.83302	1.175518	0.9188279	0.2034596
4116	-66.87481	-79.48473	12.60993	0.1501891	3.52758	0.4280398
4122	-66.60903	-78.53797	11.92894	0.7111067	3.52758	0.2853874
4128	-65.32253	-77.85442	12.53189	0.6497903	2.470846	0.3682822
4134	-66.86431	-79.24592	12.38162	0.4368752	3.083571	0.7969975
4140	-68.16497	-79.9574	11.79243	1.243205	2.785363	0.3720833
4146	-67.17892	-78.8526	11.67368	1.302694	2.779394	0.3071126
4152	-65.49399	-80.58039	15.0864	0.1861544	0.2919406	0.5024171
4158	-61.99443	-75.30999	13.31556	0.2900499	1.55533	0.8374703
4164	-62.37557	-77.1456	14.77003	0.3236589	0.361708	0.6197979
4170	-63.41545	-76.75952	13.34406	0.3577066	1.331774	0.9222563
4176	-64.18077	-77.37544	13.19467	0.07842345	2.290159	0.6619165
4182	-66.53255	-80.32797	13.79541	0.2399605	1.201029	0.4390535
4188	-68.08185	-80.64802	12.56617	0.9547163	1.91578	0.4431683
4194	-64.22834	-77.83233	13.60399	0.763622	0.86006	0.4290357
4200	-66.11823	-79.56287	13.44464	0.763622	0.9028936	0.7911569
4206	-67.80036	-80.96512	13.16476	0.2793412	1.965389	0.3531901
4212	-66.41381	-79.33249	12.91869	0.5514201	1.958867	0.6370487
4218	-64.2991	-77.00517	12.70607	0.7492248	1.958867	0.3623859
4224	-61.51458	-74.76418	13.2496	0.830782	1.155045	0.4580923
4230	-71.10824	-81.62656	10.51832	0.830782	9.344826	0.4010657
4236	-67.59926	-81.51694	13.91768	0.830782	0.5328937	0.697829
4242	-69.92865	-83.6235	13.69486	0.830782	0.6862109	0.3417301
4248	-65.22306	-77.94752	12.72446	0.6305221	2.21611	0.5221785
4254	-67.29324	-79.19127	11.89803	0.5206853	3.510455	1.05115
4260	-67.72374	-79.52068	11.79694	0.5194224	4.933355	0.5048655
4266	-73.68029	-86.4905	12.81021	0.5834403	2.096014	0.3895824
4272	-64.04382	-77.75553	13.71171	0.4891152	1.019751	0.5756675
4278	-66.82252	-79.55618	12.73366	0.5042547	2.385014	0.3885522
4284	-67.25087	-81.11523	13.86436	0.1413043	1.176721	0.6922126
4290	-70.24481	-82.84621	12.6014	0.5768429	2.5272	0.6010957
4296	-67.22105	-80.69762	13.47657	0.09786094	1.450866	0.9592315
4302	-71.74768	-83.52919	11.78151	0.2320939	5.51462	0.276476
4308	-73.43941	-87.24245	13.80304	0.3273453	0.8506396	0.2207996
4314	-67.79268	-81.50264	13.70995	0.504079	0.8264526	0.2452264
4320	-67.03734	-78.02196	10.98463	0.7211692	6.889891	0.2868486
4326	-67.54766	-79.76055	12.21289	0.7211692	3.063493	0.4053542
4332	-70.52489	-81.7685	11.2436	1.512296	2.997377	0.2343134
4338	-67.43082	-78.81141	11.38058	1.512296	2.707163	0.2381157
4344	-69.5156	-79.61405	10.09845	1.82567	4.089353	0.1226795
4350	-68.44107	-81.4978	13.05673	0.4000421	1.995418	0.3991789
4356	-70.41692	-83.69576	13.27885	0.4219109	1.499424	0.7646532
4362	-66.55627	-79.28297	12.7267	0.3405383	2.797163	0.4638558
4368	-63.2888	-76.38296	13.09416	0.2766584	2.186576	0.5247295
4374	-70.29718	-81.6457	11.34852	0.7686671	5.677717	0.508831
4380	-69.05018	-81.98822	12.93804	0.675275	1.760665	0.5809147
4386	-66.1658	-80.10026	13.93446	0.675275	0.6305737	0.685864
4392	-65.99414	-80.23893	14.24479	0.2912222	0.6982792	0.6504442
4398	-67.124	-79.85284	12.72884	0.2411404	2.216675	1.076045
4404	-67.93493	-79.52073	11.5858	0.6456976	5.149226	0.396814
4410	-67.04063	-78.96167	11.92103	0.2320824	5.111675	0.7774132
4416	-64.38801	-76.29725	11.90924	0.1838208	5.367054	0.76478
4422	-65.61657	-79.94057	14.32399	0.0430415	0.8586766	0.42291
4428	-65.58765	-79.80891	14.22126	0.4073555	0.6558308	0.5309309
4434	-70.24433	-82.52093	12.2766	0.1119558	3.763428	0.9904983
4440	-66.80698	-79.62224	12.81526	0.03300575	3.323882	0.4768539
4446	-64.21042	-78.71102	14.50061	0.1308202	0.6516738	0.4530562
4452	-66.85761	-79.97734	13.11973	0.3919811	1.94054	0.5251299
4458	-72.32144	-83.54324	11.2218	0.560522	7.133189	0.5251299
4464	-66.51443	-80.13064	13.61622	0.6443406	0.8576694	0.7876783
4470	-69.94349	-82.74093	12.79745	0.5469659	2.02114	0.7876783
4476	-69.68827	-81.3095	11.62122	0.5469659	5.279076	0.3545081
4482	-69.08458	-83.08177	13.99719	0.2977838	0.8900726	0.6764019
4488	-65.79142	-80.96231	15.1709	0.1888894	0.2474537	0.617161
4494	-68.59881	-80.40764	11.80884	0.3042135	5.636377	0.590908
4500	-68.14463	-81.13101	12.98639	0.2098611	2.034339	0.9534086
4506	-66.4153	-79.81046	13.39516	0.1857853	1.825783	0.5368327
4512	-69.71242	-82.43075	12.71833	0.252289	2.405058	0.9793124
4518	-66.13192	-80.07676	13.94483	0.1325791	1.161735	0.4814262
4524	-69.7969	-82.52829	12.73139	1.315629	1.181431	0.4219541
4530	-65.70868	-79.17369	13.46501	0.8667193	0.8957526	0.5646077
4536	-65.91891	-79.8553	13.93639	0.01238811	1.304159	0.5646077
4542	-67.88169	-79.52398	11.64229	0.01601575	7.365271	0.7232867
4548	-69.98858	-81.00877	11.02018	0.6336289	7.365271	0.7304754
4554	-75.81821	-87.64786	11.82965	0.1987966	4.072141	1.223189
4560	-70.81945	-82.50726	11.68781	0.6704023	4.647251	0.6578623
4566	-63.93517	-76.13814	12.20296	0.1129219	4.523431	0.7877788
4572	-68.27232	-80.81366	12.54133	0.615706	2.363945	0.7877788
4578	-71.93188	-84.90191	12.97004	0.1382235	2.250189	0.9190318
4584	-69.37656	-80.31238	10.93582	0.9623534	6.413734	0.6602672
4590	-71.02182	-82.5363	11.51448	0.244889	6.413734	0.8643196
4596	-71.0423	-83.47122	12.42892	0.4808774	2.421186	1.031703
4602	-70.29308	-83.07312	12.78004	0.3360838	2.654384	0.6050167
4608	-70.54546	-82.83782	12.29236	0.174035	3.540603	0.9934672
4614	-68.18213	-79.2614	11.07927	0.5401552	7.911028	0.5678359
4620	-66.2664	-78.45642	12.19002	0.5401552	3.47724	0.6942666
4626	-68.78981	-81.34907	12.55926	0.3111384	3.172698	0.3727102
4632	-65.88882	-79.03683	13.14801	0.02263577	2.276092	0.8300026
4638	-65.89932	-78.67399	12.77467	0.890616	1.685587	0.4346477
4644	-66.00182	-79.6442	13.64239	0.2348857	1.200188	0.2638487
4650	-64.35612	-77.6578	13.30168	0.8109031	1.12236	0.5244687
4656	-65.32544	-77.06509	11.73964	1.168188	3.130641	0.4088253
4662	-67.45251	-81.5569	14.10439	1.173311	0.1990491	0.2278409
4668	-69.51303	-80.34612	10.83309	1.395093	4.807268	0.2902523
4674	-66.53737	-79.50087	12.9635	0.5785903	1.348944	1.069099
4680	-62.94969	-76.96884	14.01914	0.02856638	1.191874	0.4579219
4686	-63.7188	-77.48514	13.76634	0.1191271	1.169	0.8700727
4692	-66.03631	-80.03607	13.99976	0.02124262	1.128219	0.7391058
4698	-67.1568	-79.91352	12.75672	0.05540931	2.877187	0.9112541
4704	-67.43305	-80.08722	12.65417	0.05081881	3.129459	0.9112541
4710	-65.51398	-79.67477	14.16079	0.1360962	0.9149768	0.6118669
4716	-66.89783	-79.39553	12.49771	0.1360962	3.804005	0.6504706
4722	-64.08421	-76.31753	12.23333	0.9673704	2.50341	0.5625616
4728	-63.09915	-76.43297	13.33382	0.9673704	0.8698638	0.3389639
4734	-76.20965	-89.6458	13.43616	0.4571528	1.085892	0.9459122
4740	-66.11406	-79.19094	13.07688	1.412632	0.5931539	0.9192293
4746	-69.85945	-83.72159	13.86214	0.8373555	0.5931539	0.4075439
4752	-69.57077	-82.4627	12.89193	1.202459	1.122151	0.4075439
4758	-73.61901	-84.95756	11.33855	1.280245	3.956203	0.5130821
4764	-68.97055	-80.58201	11.61146	0.09086668	7.044524	0.7579009
4770	-67.87935	-80.95218	13.07282	0.5297494	1.484374	0.9017526
4776	-68.79876	-80.414	11.61524	0.7342861	4.056216	0.2302361
4782	-67.44723	-81.18067	13.73345	0.5625176	0.8432362	0.7606734
4788	-65.37304	-79.16219	13.78915	0.6039009	0.8432362	0.5498549
4794	-69.5171	-82.80302	13.28592	0.1953475	1.819692	0.3035952
4800	-64.9536	-78.42394	13.47034	0.09648051	1.819692	0.6083489
4806	-63.84198	-76.98573	13.14375	0.2480692	1.819692	0.8810036
4812	-66.22716	-79.03703	12.80987	0.1503189	3.04461	0.4666414
4818	-64.78495	-77.30959	12.52464	0.3823098	2.985288	0.7285868
4824	-68.87891	-80.87555	11.99665	0.9285855	2.985288	0.3435329
4830	-69.72804	-83.48582	13.75778	0.9285855	0.6029784	0.602029
4836	-68.69812	-80.78114	12.08301	0.486667	3.963938	0.3621798
4842	-70.39269	-82.52766	12.13498	0.6103445	3.503571	0.6447438
4848	-69.04559	-80.90481	11.85922	0.1870245	4.784333	1.006092
4854	-72.02556	-82.50883	10.48327	0.4032149	12.66255	0.4925302
4860	-73.9792	-84.73358	10.75439	0.408988	10.56904	0.590235
4866	-69.63489	-80.50012	10.86522	0.2322379	10.56904	0.7282622
4872	-69.0136	-81.83571	12.82212	0.868026	1.650075	0.5681572
4878	-67.70509	-81.20686	13.50177	0.6751844	1.026951	0.6258609
4884	-71.96513	-83.4684	11.50327	0.7742677	4.723528	0.7572868
4890	-72.64939	-83.60968	10.96029	0.212063	9.932593	0.7636732
4896	-72.98331	-84.5321	11.54879	0.270111	6.326203	0.8155877
4902	-70.35292	-83.23249	12.87957	1.123293	1.228203	0.5983927
4908	-68.20772	-81.73074	13.52301	0.4292004	0.7174042	1.261007
4914	-68.59888	-81.40148	12.80259	0.2476247	2.209451	1.002468
4920	-70.56749	-83.89454	13.32705	0.1851905	1.494824	0.9894822
4926	-76.90046	-85.72236	8.821894	0.827424	25.77531	0.5824613
4932	-73.42733	-84.6279	11.20057	0.03058043	9.847141	0.6912604
4938	-70.94966	-85.13419	14.18453	0.1262842	0.8984761	0.6219598
4944	-73.80181	-81.75583	7.954025	1.636306	21.58905	0.1780805
4950	-71.81112	-79.94358	8.132461	2.165739	12.38762	0.1270337
4956	-70.75186	-78.85937	8.107508	2.165739	9.896177	0.07848199
4962	-70.04148	-80.68225	10.64077	1.50644	5.123137	0.2960249
4968	-74.00415	-80.24397	6.239818	1.624657	63.86932	0.3585837
4974	-69.6035	-81.77093	12.16743	0.6903752	3.145568	0.698859
4980	-67.54857	-77.60961	10.06104	0.7892227	12.94477	0.488982
4986	-68.73093	-79.5242	10.79327	0.6945952	8.658347	0.4686685
4992	-65.1576	-77.89334	12.73574	0.4509618	2.504757	0.4053381
4998	-65.66463	-78.39021	12.72558	0.2890556	2.903781	0.4388761
5004	-66.17954	-80.12244	13.9429	1.015116	0.4425123	0.4515385
5010	-68.42551	-82.4828	14.05729	0.4865232	0.5402137	0.9471179
5016	-64.38797	-76.95148	12.56351	0.3150577	2.244592	1.145523
5022	-62.6282	-76.64482	14.01662	0.1537933	1.006043	0.6835264
5028	-62.81561	-76.77163	13.95601	0.4557484	0.6918664	0.8513478
5034	-67.70913	-81.89009	14.18096	0.3148054	0.6160872	0.8746904
5040	-64.25168	-78.27403	14.02235	0.6614081	0.6160872	0.5332999
5046	-64.56751	-77.89655	13.32904	0.5005353	1.342789	0.7516828
5052	-66.09988	-78.94634	12.84646	0.8758625	1.298387	0.9294042
5058	-70.14147	-80.53633	10.39486	0.8758625	9.862962	0.4145589
5064	-72.64193	-83.57216	10.93023	0.5974631	6.422945	0.1720609
5070	-72.18962	-83.18876	10.99914	1.725796	3.654379	0.4951102
5076	-63.28409	-77.94897	14.66488	0.07264491	0.494675	0.8069477
5082	-68.12058	-82.334	14.21342	0.2072	0.7792485	0.3557636
5088	-73.41177	-84.29908	10.88731	1.858572	1.809613	0.09533555
5094	-78.04858	-90.64886	12.60028	0.1072484	3.668818	0.4258144
5100	-72.92641	-84.89664	11.97023	1.710038	1.670581	0.548829
5106	-75.96185	-87.6503	11.68844	0.3532197	5.8825	0.6195312
5112	-66.05016	-78.28197	12.2318	0.03043803	3.080958	1.332733
5118	-63.01555	-75.6707	12.65515	0.06723399	3.080958	0.9141885
5124	-64.63319	-77.14247	12.50928	0.6878546	2.525095	0.5096184
5130	-62.30261	-75.49333	13.19073	0.06423164	2.373646	0.6011086
5136	-64.81499	-77.39427	12.57929	0.01117462	3.385709	0.9250904
5142	-70.01588	-84.11734	14.10145	0.140346	0.9773458	0.5811229
5148	-66.47129	-80.54023	14.06893	0.4221192	0.7401079	0.6312993
5154	-69.38986	-79.93707	10.54721	0.7217918	9.903228	0.4269762
5160	-66.73488	-79.40159	12.66671	0.1247366	2.89661	0.9246235
5166	-65.87692	-79.58582	13.7089	0.05398696	1.485093	0.6807722
5172	-67.89466	-82.84481	14.95015	0.2963734	0.2807431	0.6807722
5178	-64.67767	-79.23908	14.56141	0.2963734	0.5032476	0.4803747
5184	-67.17289	-80.75601	13.58312	0.1243633	1.484516	0.30156
5190	-66.88819	-77.65987	10.77168	0.759693	7.814567	0.2968404
5196	-64.20363	-78.11578	13.91215	0.759693	0.5495446	0.2984805
5202	-67.25422	-78.04117	10.78695	1.166665	5.589049	0.2534872
5208	-67.18556	-78.68912	11.50356	1.166665	3.336916	0.2599318
5214	-68.44626	-81.13376	12.6875	0.221154	2.43599	1.02557
5220	-67.52516	-80.37778	12.85262	0.221154	1.446385	1.400461
5226	-64.58835	-78.55308	13.96473	0.7532577	0.55478	0.6913178
5232	-64.32702	-80.0013	15.67428	0.1248756	0.1173595	0.5143622
5238	-64.07032	-77.63077	13.56045	0.04083765	1.72303	0.6722237
5244	-64.98065	-78.36817	13.38752	0.02651064	2.085821	0.420707
5250	-73.4846	-86.72963	13.24503	0.490962	1.043531	1.136602
5256	-70.64003	-84.27941	13.63939	0.2539712	1.043531	0.9877157
5262	-66.58834	-80.14247	13.55413	0.9905519	0.6523149	0.3162526
5268	-66.32985	-79.89649	13.56664	0.05555197	1.670082	0.6988936
5274	-65.52924	-78.05732	12.52808	0.1514902	3.525058	0.7476263
5280	-69.46496	-80.43683	10.97187	0.9423729	6.097175	0.7584643
5286	-70.13449	-80.28681	10.15232	0.9423729	11.13379	0.4910521
5292	-68.04847	-79.97364	11.92517	0.4574137	4.104925	0.2532229
5298	-66.68398	-79.40577	12.72179	0.3000694	2.9019	0.5301267
5304	-67.3874	-79.56383	12.17643	0.2566112	4.463541	0.6126825
5310	-69.46151	-83.33274	13.87123	0.4080837	0.8925885	0.7000343
5316	-68.97297	-83.74572	14.77275	0.2391445	0.4086755	0.5873431
5322	-72.22957	-86.02265	13.79308	0.9047157	0.5238014	0.2881559
5328	-65.91201	-78.45278	12.54077	0.5846705	2.40479	0.8022607
5334	-68.79471	-79.66624	10.87153	0.5314045	9.154348	0.5206417
5340	-68.11405	-82.12252	14.00847	0.2059369	0.9794464	0.6489441
5346	-71.72045	-83.94855	12.2281	0.3570531	3.876463	0.6960557
5352	-65.48403	-78.43017	12.94615	0.0424229	2.544851	0.885137
5358	-68.30324	-81.11822	12.81498	0.1928948	2.544851	0.8625686
5364	-69.9651	-82.11092	12.14581	1.038509	2.544851	0.4599787
5370	-71.71401	-81.65362	9.939609	1.162486	10.5438	0.7269321
5376	-66.44054	-80.23371	13.79317	0.8111908	0.6745501	0.5204502
5382	-69.53043	-81.49002	11.95959	0.2695293	5.191763	0.4169497
5388	-67.42885	-79.31495	11.8861	0.179042	3.396709	1.388782
5394	-67.60002	-78.04558	10.44556	0.3264904	13.23397	0.3685178
5400	-66.33431	-77.82718	11.49287	0.8200447	4.626588	0.7473821
5406	-67.99489	-80.96536	12.97047	0.3656602	1.762482	0.9808032
5412	-66.75645	-79.28249	12.52603	0.1221361	3.316065	0.8909971
5418	-68.03993	-79.90508	11.86515	0.417103	5.004275	0.4204975
5424	-74.76016	-85.83846	11.0783	0.03489182	5.311917	1.644992
5430	-65.85889	-78.55428	12.69539	0.4499881	2.595132	0.6014042
5436	-65.05334	-76.98984	11.9365	0.9469499	3.237654	0.5022192
5442	-66.98026	-78.63028	11.65002	0.1405931	6.139334	0.9018529
5448	-75.20526	-85.83008	10.62482	0.01738718	12.90094	0.9018529
5454	-73.28555	-83.01612	9.730563	0.5266237	18.09044	0.3866895
5460	-70.23542	-80.38973	10.15431	0.5053537	14.37437	0.59992
5466	-70.63403	-85.07801	14.44399	0.1902901	0.6502218	0.5451567
5472	-71.42692	-85.64226	14.21533	0.1902901	0.8204937	0.6014771
5478	-74.29651	-85.55963	11.26312	0.2228101	8.306011	0.3378273
5484	-75.35782	-86.5307	11.17288	0.2895977	7.428315	0.9523868
5490	-74.70059	-87.02849	12.32789	0.3935939	2.982082	0.2174633
5496	-73.47862	-86.91848	13.43986	1.536556	0.2647396	0.1854712
5502	-72.37578	-84.87043	12.49465	1.536556	0.7192511	0.1475368
5508	-71.28549	-83.4164	12.1309	1.747104	0.7192511	0.1197338
5514	-71.14068	-83.81446	12.67378	0.1368548	3.128262	0.7825348
5520	-69.87426	-81.63515	11.76089	0.4347032	5.365661	0.4660214
5526	-67.22483	-81.77065	14.54582	0.1270219	0.6178315	0.4308214
5532	-69.49661	-84.20201	14.7054	0.2718191	0.4244793	0.6031288
5538	-66.34346	-79.01358	12.67011	0.1197927	3.321865	0.694204
5544	-65.11042	-77.83515	12.72473	0.1176081	3.321865	0.5651722
5550	-67.45908	-79.18975	11.73067	0.1859122	6.337338	0.6584522
5556	-66.94401	-78.25282	11.30881	0.380258	7.389798	0.6584522
5562	-73.73774	-84.46364	10.7259	0.8191443	7.388527	0.869748
5568	-70.74174	-81.7235	10.98175	0.8191443	6.396905	0.277602
5574	-65.37578	-79.07419	13.69841	0.2189033	1.3141	0.6351598
5580	-67.51622	-80.63945	13.12323	0.8815465	1.124621	0.3029839
5586	-68.12547	-80.29745	12.17197	0.8815465	2.655545	0.3243895
5592	-69.87901	-81.34624	11.46724	0.9685213	4.266985	0.3247655
5598	-68.17686	-80.37052	12.19366	0.1968214	4.266985	0.7950618
5604	-71.31616	-82.1392	10.82304	0.0686253	12.62147	0.4891008
5610	-67.44517	-80.55603	13.11086	0.5840504	1.422957	0.8478985
5616	-69.47323	-83.24609	13.77286	1.067626	0.4262842	0.2724023
5622	-68.78182	-80.5441	11.76228	1.495118	1.578075	0.1527673
5628	-68.39911	-79.36699	10.96788	1.495118	2.8209	0.1319023
5634	-69.97798	-81.69693	11.71895	0.8844839	3.735456	0.3146517
5640	-69.38851	-81.66136	12.27285	0.5032213	2.405498	0.1551077
5646	-68.86657	-80.98751	12.12094	0.9899002	2.405498	0.2761662
5652	-68.76905	-81.09361	12.32456	0.2084103	3.624665	0.8893477
5658	-68.72564	-81.47003	12.74439	0.1054868	2.720795	0.9464723
5664	-64.87467	-79.00528	14.1306	0.3235731	0.7944183	0.5098319
5670	-65.30392	-79.88468	14.58075	0.1927871	0.5555345	0.4695577
5676	-69.22818	-80.50113	11.27295	0.2524084	7.544489	0.259852
5682	-72.7871	-83.08848	10.30138	0.7938765	9.776797	0.2438437
5688	-69.6827	-81.86001	12.1773	0.4513135	3.921235	0.4659017
5694	-68.057	-81.22454	13.16754	0.1518388	1.887688	0.2347226
5700	-66.12161	-79.78976	13.66815	0.1636528	1.456242	0.4492871
5706	-63.28487	-76.66411	13.37924	0.01537872	2.144627	0.4844543
5712	-63.62881	-75.80252	12.17371	0.3472811	4.178708	0.6182991
5718	-65.4251	-79.92474	14.49963	0.3472811	0.5085813	0.4628034
5724	-68.43611	-81.06529	12.62918	1.007994	1.621719	0.3248309
5730	-66.56625	-80.02916	13.46291	0.7648698	0.8397153	0.2599911
5736	-65.82985	-79.29692	13.46707	0.3955667	1.42165	0.521681
5742	-66.29419	-79.75606	13.46188	0.01824924	1.42165	1.073965
5748	-68.48828	-81.34946	12.86118	0.0738781	2.036557	1.197221
5754	-69.25322	-82.41625	13.16303	0.2447307	2.036557	0.6724645
5760	-65.61616	-78.67951	13.06335	0.3416347	1.832632	0.8558772
5766	-64.9858	-77.84673	12.86094	0.5514786	1.832632	0.846876
5772	-66.67943	-78.90017	12.22074	0.4269064	3.817077	0.4077914
5778	-67.5211	-78.43399	10.9129	1.099178	6.026043	0.4077914
5784	-67.79299	-78.52983	10.73684	1.099178	6.272777	0.2817173
5790	-65.44181	-78.33059	12.88878	1.099178	0.9935059	0.224639
5796	-68.74106	-81.91263	13.17158	1.099178	0.952058	0.5697581
5802	-71.49586	-82.39554	10.89967	0.06198684	11.17413	0.7965232
5808	-68.20775	-79.51998	11.31224	0.8113633	5.497444	0.3717493
5814	-72.0585	-81.50899	9.450491	0.6504971	19.9505	0.414214
5820	-69.90303	-80.37064	10.46761	0.6504971	10.93359	0.4481398
5826	-72.58373	-82.98351	10.39978	0.5383882	10.93359	0.8695376
5832	-68.57107	-81.22825	12.65718	0.8358871	1.972337	0.4792803
5838	-69.12255	-81.16874	12.0462	0.9283195	3.007423	0.4582446
5844	-65.28917	-77.78753	12.49836	0.5246698	2.84934	0.6168291
5850	-72.22947	-81.43379	9.204319	0.6688731	22.9038	0.4813415
5856	-68.51889	-81.4536	12.93471	0.6688731	1.793058	0.4813415
5862	-68.86113	-79.81273	10.95161	0.3422877	9.620319	0.6383673
5868	-67.40513	-78.02106	10.61593	0.3422877	9.620319	1.05955
5874	-63.13317	-75.68576	12.55259	0.02732102	3.463585	0.9039226
5880	-69.81863	-81.97909	12.16046	0.21406	3.463585	1.108735
5886	-67.44567	-80.6589	13.21323	0.1898937	1.407007	1.154049
5892	-67.89813	-81.65481	13.75668	0.1788934	0.8421535	1.146709
5898	-70.01772	-82.01222	11.9945	0.05492593	5.890232	0.5918386
5904	-65.63692	-79.45454	13.81762	0.03895805	0.90539	1.154706
5910	-68.86904	-81.93732	13.06828	0.2064515	2.361286	0.5496406
5916	-70.40991	-83.34364	12.93373	0.3127522	2.361286	0.3825136
5922	-68.98658	-80.56624	11.57966	0.1083048	5.943611	1.055159
5928	-69.81279	-82.27876	12.46597	0.1494848	2.368134	1.312872
5934	-68.01798	-79.03554	11.01756	0.4808846	7.646459	0.2562849
5940	-64.06785	-77.71901	13.65116	0.2339851	1.338286	0.6627194
5946	-62.68422	-77.35076	14.66654	0.03489062	0.5619543	0.7012142
5952	-63.08645	-76.11187	13.02542	0.009565497	2.732736	0.7012142
5958	-63.3565	-76.76641	13.40992	0.05055692	1.913759	0.7088013
5964	-65.70937	-75.94882	10.23945	1.099468	8.943568	0.3076318
5970	-69.32221	-82.13253	12.81032	1.099468	0.6523842	0.1112436
5976	-68.12071	-82.3752	14.25449	0.04104396	0.9357814	0.5241084
5982	-64.51138	-78.8553	14.34392	0.01562602	0.8450477	0.6466844
5988	-68.41162	-81.4381	13.02648	0.1503624	2.53596	0.5922446
5994	-70.68911	-84.40232	13.7132	0.4081156	0.7066445	1.127346
6000	-72.11564	-82.69997	10.58433	0.8052438	9.2253	0.4676682
6006	-70.99535	-84.50496	13.50961	0.8052438	0.8873151	0.6414106
6012	-67.94465	-81.93675	13.9921	0.6100825	0.6766075	0.5112311
6018	-71.60047	-82.80687	11.2064	0.6632121	6.730715	0.5076536
6024	-65.22418	-78.7393	13.51511	0.8119902	0.8840989	0.3963183
6030	-64.75865	-77.06751	12.30886	0.5597867	3.256693	0.5625426
6036	-69.17846	-81.26054	12.08209	0.790902	3.256693	0.5389255
6042	-65.7823	-79.111	13.3287	0.1942362	1.90254	0.423633
6048	-68.36579	-82.34034	13.97455	0.03284264	0.741602	1.188551
6054	-71.75743	-85.13929	13.38186	0.05820315	2.062619	0.5258095
6060	-69.85876	-83.94427	14.08552	0.4440379	0.6631267	0.7446356
6066	-72.29683	-85.57918	13.28235	0.4627976	1.56618	0.4267956
6072	-71.01969	-84.18843	13.16874	0.4627976	1.743726	0.5496847
6078	-72.15751	-84.53231	12.3748	0.2267179	3.207408	0.9871321
6084	-70.1739	-81.02042	10.84652	0.6567573	8.564387	0.4597518
6090	-65.56961	-78.14933	12.57971	1.014851	1.481283	0.2354226
6096	-70.16384	-80.97947	10.81562	1.463696	5.062389	0.479193
6102	-77.58654	-80.72694	3.140395	1.843059	151.3405	0.07229926
6108	-71.77409	-79.66537	7.891274	2.230251	9.336934	0.05923895
6114	-66.36864	-79.90594	13.5373	0.4780992	1.229604	0.459831
6120	-69.7328	-81.88056	12.14776	0.1894958	4.853274	0.4689031
6126	-64.45895	-77.96042	13.50147	0.4906919	1.260148	0.4807159
6132	-66.45529	-79.84453	13.38924	0.5842772	1.260148	0.4078509
6138	-68.23767	-81.55588	13.31821	0.1288246	2.041673	0.5585013
6144	-68.31127	-82.96741	14.65614	0.4717652	0.3569357	0.5155524
6150	-65.78604	-78.91366	13.12762	0.4717652	1.800014	0.5155524
6156	-66.11925	-77.7812	11.66195	0.09312187	7.268209	0.5155524
6162	-65.89199	-78.92755	13.03557	0.0191794	2.365511	0.9114105
6168	-65.15507	-78.33487	13.17981	0.6142143	1.504981	0.5622057
6174	-63.71001	-77.72129	14.01128	0.1637722	0.9042089	0.8325526
6180	-68.84995	-80.76795	11.918	0.6757211	3.981164	0.5978074
6186	-68.87831	-82.12539	13.24708	0.6757211	1.332528	0.5766124
6192	-67.71738	-80.19118	12.4738	0.6594643	2.658537	0.4880188
6198	-68.1754	-80.62566	12.45026	0.6400435	2.658537	0.6618273
6204	-70.1364	-83.78773	13.65133	0.4935911	1.088533	0.4903756
6210	-67.81135	-79.85465	12.04329	0.9489518	2.903934	0.3865142
6216	-70.83588	-83.41532	12.57944	0.1615847	3.574855	0.5851244
6222	-68.46254	-81.70947	13.24693	0.3606754	1.194619	1.127144
6228	-72.4931	-84.24838	11.75528	0.5913277	3.483621	1.127144
6234	-68.51287	-81.77481	13.26194	0.1779894	1.398498	1.127144
6240	-64.9185	-78.31506	13.39656	0.03769548	1.86448	0.7934197
6246	-65.61199	-78.11034	12.49835	0.2972462	2.835316	0.9491402
6252	-67.66644	-81.26041	13.59397	0.04706515	1.325071	0.9915481
6258	-66.81589	-80.5127	13.69681	0.1428491	1.325071	0.7578432
6264	-72.35871	-82.05614	9.69743	0.9274494	10.56535	0.1398749
6270	-71.07691	-81.87421	10.7973	0.9171619	7.026077	0.3153584
6276	-73.03998	-83.69517	10.65519	1.291462	6.237437	0.3795124
6282	-67.63555	-80.5532	12.91765	0.2648392	2.555579	0.4963403
6288	-66.22563	-78.62331	12.39768	0.5561588	2.555579	0.2333881
6294	-76.65046	-90.67798	14.02753	0.9754164	0.4155062	0.5730669
6300	-72.9538	-83.3186	10.3648	0.9754164	9.534413	0.4916107
6306	-71.81453	-83.00128	11.18676	0.9754164	5.501954	0.4916107
6312	-73.11013	-84.94573	11.8356	0.4024417	5.215632	0.4916107
6318	-69.58006	-81.16286	11.5828	0.3543775	6.162994	0.6967875
6324	-68.51209	-82.83789	14.3258	1.17106	0.1855033	0.3418921
6330	-72.02917	-85.54215	13.51298	0.07594073	1.413399	0.9737573
6336	-75.71181	-89.52896	13.81715	0.3199109	0.9432046	0.8282919
6342	-68.98616	-79.00346	10.0173	0.630143	14.60991	0.5380416
6348	-69.23444	-80.74016	11.50571	0.2079466	6.305706	0.9433354
6354	-67.71335	-81.87043	14.15709	0.3855444	0.6970706	0.382627
6360	-70.53869	-80.56476	10.02607	0.5436375	15.15798	0.6033509
6366	-71.92776	-83.5857	11.65794	0.5622335	4.490232	0.916229
6372	-68.5295	-81.25798	12.72848	0.3493431	2.777564	0.4780703
6378	-70.11255	-84.9215	14.80895	0.3493431	0.3142783	0.3433472
6384	-69.43045	-83.72429	14.29383	0.3522345	0.5476965	0.8151086
6390	-68.67918	-83.27366	14.59448	0.2363351	0.4782189	0.7105813
6396	-69.79674	-82.27298	12.47624	0.1569209	2.854708	1.099654
6402	-67.77731	-79.14671	11.3694	0.8669461	4.85525	0.3065227
6408	-64.41122	-77.04104	12.62982	0.07579662	3.700255	0.5385771
6414	-68.96657	-81.4804	12.51383	0.1943584	3.700255	0.4886152
6420	-63.96088	-76.75916	12.79828	0.004730435	3.443414	0.4886152
6426	-63.35168	-77.36028	14.00861	0.0009153763	1.210672	0.3952784
6432	-67.35905	-81.92344	14.56439	0.5749409	0.3087538	0.3132677
6438	-65.74294	-79.47347	13.73054	0.4807712	0.991153	0.6288408
6444	-65.45666	-78.10355	12.64689	0.3086518	3.049917	0.550325
6450	-66.72841	-80.10351	13.3751	0.5938033	1.26571	0.407945
6456	-71.12543	-83.30976	12.18433	1.548317	1.092809	0.1726983
6462	-73.79977	-82.01394	8.21417	2.124018	15.56298	0.2437559
6468	-69.71884	-79.75267	10.03383	0.98691	11.52426	0.409366
6474	-67.37132	-80.49718	13.12586	0.2226657	2.182575	0.6219947
6480	-65.82231	-77.569	11.74669	0.6847871	4.515575	0.4403031
6486	-64.8294	-78.3018	13.4724	0.818676	0.9405406	0.5175258
6492	-64.40114	-78.09757	13.69643	0.3225176	1.128338	0.7420965
6498	-65.49992	-79.38361	13.8837	0.3225176	0.8516894	0.8650719
6504	-69.21218	-82.23215	13.01997	0.4205783	0.8692825	1.519838
6510	-68.68	-81.47443	12.79444	0.2142569	2.823432	0.3586972
6516	-67.9821	-80.56642	12.58432	0.5232747	2.697911	0.4406972
6522	-69.06464	-79.72004	10.6554	1.865555	2.697911	0.1322728
6528	-64.04335	-77.34623	13.30288	0.7754789	1.135947	0.4003114
6534	-70.12746	-82.30668	12.17922	0.3391812	4.104305	0.6774438
6540	-64.67797	-78.90575	14.22778	0.1202538	0.6504724	0.9827406
6546	-69.66463	-82.46434	12.79971	0.06143769	3.045392	0.7596391
6552	-68.15657	-82.08239	13.92583	0.5674127	0.6825491	0.759999
6558	-67.53409	-81.47797	13.94387	0.5674127	0.6825491	0.3227385
6564	-70.09609	-83.35997	13.26388	0.1531288	1.807806	0.8602557
6570	-66.20632	-80.1268	13.92048	0.1000119	1.220278	0.5583225
6576	-70.68484	-84.22076	13.53592	0.4760574	1.220278	0.4187645
6582	-68.69682	-81.95792	13.2611	0.7646564	1.220278	0.5232996
6588	-66.17523	-79.89122	13.716	0.2887978	1.220278	0.6123765
6594	-69.05508	-81.62896	12.57388	0.6918097	1.220278	1.392783
6600	-66.07964	-78.6946	12.61496	0.6918097	1.930354	0.9000924
6606	-65.87795	-75.65382	9.775878	0.6918097	15.76148	0.3519001
6612	-64.31144	-77.4106	13.09917	0.6918097	1.106939	1.029692
6618	-67.37839	-82.35914	14.98076	0.1333002	0.222616	1.029692
6624	-64.70026	-76.64903	11.94876	0.8275381	2.983358	0.8999257
6630	-65.56703	-77.83402	12.26699	0.1282164	4.469755	0.3484119
6636	-65.79826	-76.80496	11.0067	1.404835	3.097366	0.1447739
6642	-65.36372	-78.4026	13.03888	0.8188562	1.130585	0.2250092
6648	-64.95864	-78.49908	13.54044	0.1050549	1.729489	0.5018448
6654	-65.25393	-78.40984	13.15592	0.01794694	2.451918	0.3466849
6660	-66.60829	-77.68095	11.07266	0.8575321	6.019708	0.7622635
6666	-63.06717	-75.02201	11.95484	0.712326	3.663455	0.3525204
6672	-62.0056	-75.87727	13.87167	0.4610157	0.9019632	0.5021472
6678	-62.56093	-76.61694	14.05601	0.2764153	0.9019632	0.4884385
6684	-63.11588	-77.43763	14.32175	0.185347	0.750814	0.4940879
6690	-66.23865	-79.19108	12.95243	0.01762002	2.611888	0.8692757
6696	-66.08267	-79.83313	13.75046	0.01249023	1.313995	0.8692757
6702	-68.44545	-81.08156	12.63611	0.181752	3.349126	0.6114071
6708	-67.46177	-80.80088	13.3391	0.617337	1.265551	0.6372811
6714	-64.45189	-78.69632	14.24443	0.0722226	0.8665852	0.684322
6720	-64.32545	-78.44408	14.11864	0.2597414	0.6789808	0.9096969
6726	-65.08592	-79.20174	14.11581	0.217561	0.8715776	0.3830302
6732	-63.25103	-76.97288	13.72184	0.3589917	1.128446	0.6262086
6738	-65.1153	-79.74016	14.62487	0.03768252	0.6325826	0.4966126
6744	-64.44017	-77.74112	13.30095	0.335716	1.742545	0.4882991
6750	-66.14355	-78.86437	12.72082	0.2995514	2.68023	0.7625904
6756	-67.3879	-79.98278	12.59488	0.5263168	2.68023	0.534213
6762	-66.01579	-78.87935	12.86357	0.3933245	2.208878	0.762439
6768	-70.83958	-84.70114	13.86156	0.09106723	0.7818059	1.19335
6774	-68.15907	-81.77343	13.61436	0.06887547	0.8313186	1.366877
6780	-71.20517	-83.08668	11.88151	0.5666294	3.934787	0.8607241
6786	-70.41105	-83.30649	12.89544	1.145816	1.152826	0.6650414
6792	-70.22322	-80.26888	10.04566	0.3587129	16.46038	0.6650414
6798	-71.50931	-81.30287	9.793567	1.044955	12.95946	0.574567
6804	-66.96008	-78.71645	11.75636	1.044955	3.437075	0.4547116
6810	-69.94153	-83.29953	13.358	0.7527337	1.116083	0.5692077
6816	-76.90459	-88.19782	11.29323	0.616418	5.348627	0.9859286
6822	-68.60763	-82.2789	13.67126	0.616418	0.8805079	0.7083904
6828	-68.92481	-82.5685	13.64369	0.8288384	0.7515547	0.3811301
6834	-73.75651	-87.38881	13.63231	0.06036792	1.560802	0.3373455
6840	-71.01965	-83.8994	12.87975	0.7548	1.560802	0.288908
6846	-68.14849	-81.70069	13.5522	0.3389502	1.35377	0.3957438
6852	-70.83401	-84.9435	14.10949	0.2673679	0.7077014	0.8684209
6858	-71.63803	-85.9288	14.29077	0.4637166	0.5679392	0.5329922
6864	-70.17781	-78.28217	8.104355	1.92921	14.23683	0.1211684
6870	-70.0396	-80.79305	10.75345	1.92921	2.089854	0.108734
6876	-72.87917	-81.91125	9.032075	1.818176	8.539194	0.1209749
6882	-70.67794	-82.71636	12.03842	0.03821896	5.749794	0.6139473
6888	-69.01853	-82.40666	13.38813	0.4036215	1.275979	0.252626
6894	-72.42264	-84.52495	12.10232	0.08808361	5.127902	0.333752
6900	-71.33543	-84.8315	13.49607	0.3449935	1.411275	0.3865418
6906	-75.3936	-87.17395	11.78035	0.1359531	6.227897	0.7065702
6912	-70.75293	-81.04613	10.2932	0.4352933	13.30258	0.3283776
6918	-71.57685	-84.96156	13.38471	0.05165035	2.047833	0.5866514
6924	-65.6999	-79.55714	13.85724	0.8678952	0.5758982	0.4077115
6930	-63.69816	-77.92323	14.22507	0.4747434	0.5867948	0.6292709
6936	-65.51585	-76.89481	11.37896	0.7175077	5.759447	0.5134197
6942	-64.19733	-77.88264	13.6853	0.1790854	1.197856	0.8649593
6948	-65.31274	-79.96561	14.65286	0.2613994	0.468877	0.5345678
6954	-66.73558	-81.10026	14.36468	0.04182501	0.7624402	0.7375465
6960	-65.48924	-78.80654	13.3173	0.1156505	1.976012	0.3475176
6966	-70.23206	-80.6712	10.43913	1.38535	6.938032	0.5130866
6972	-63.63856	-75.6627	12.02413	0.5991379	3.921881	0.5640225
6978	-68.25794	-79.24003	10.98209	0.2667093	9.192498	0.2745932
6984	-68.11491	-82.34271	14.2278	0.3319815	0.6068223	0.8123697
6990	-66.27772	-79.26765	12.98993	0.511833	1.523028	0.979184
6996	-68.99312	-81.17651	12.18339	0.4248725	3.704143	0.3093851
7002	-74.82068	-84.14378	9.323109	1.006613	13.64342	1.120632
7008	-69.94404	-81.2173	11.27326	1.006613	4.929058	0.650269
7014	-65.71344	-80.39095	14.67751	0.3894617	0.383077	0.5672242
7020	-64.34556	-77.27663	12.93107	0.3894617	2.203544	0.368434
7026	-64.40818	-78.40261	13.99443	0.4527587	0.7967772	0.5482581
7032	-63.62189	-75.97015	12.34826	0.4527587	3.066629	0.2723134
7038	-63.04814	-77.34403	14.29589	0.4076191	0.5920487	0.5984226
7044	-62.46497	-77.05606	14.59109	0.2782293	0.4965368	0.486811
7050	-66.39977	-78.87601	12.47625	0.1246568	3.955285	0.6025591
7056	-63.31567	-78.19273	14.87705	0.4703595	0.2593795	0.4504505
7062	-70.98585	-84.17887	13.19301	0.8857465	1.144911	0.5899343
7068	-65.59103	-78.67647	13.08543	0.06685313	2.47547	0.7101384
7074	-65.89409	-78.70059	12.8065	0.3117066	2.690984	0.5110039
7080	-65.97963	-80.20085	14.22122	0.3117066	0.6681447	0.7288468
7086	-66.44889	-80.07994	13.63105	0.3960802	1.046664	0.835825
7092	-64.98105	-77.09119	12.11014	0.2940685	4.540675	0.391936
7098	-70.01338	-79.8284	9.81502	0.7177001	13.67772	0.2340945
7104	-65.05369	-76.66992	11.61623	0.6265182	5.162215	0.4326898
7110	-62.91365	-77.3051	14.39146	0.03964627	0.6633219	0.8735832
7116	-64.70589	-76.59971	11.89382	0.9306313	3.126359	0.3051435
7122	-65.04252	-76.23855	11.19603	0.174691	9.302764	0.5660243
7128	-64.07686	-77.53934	13.46249	0.3769097	1.204412	0.8874171
7134	-65.9657	-79.22424	13.25854	0.08178626	2.047629	0.7720111
7140	-64.09059	-77.20994	13.11935	0.05893542	2.5277	0.60023
7146	-65.94733	-80.04596	14.09863	0.2361868	0.8576423	0.3624171
7152	-66.49202	-80.63595	14.14392	0.03434193	0.8367362	0.9162863
7158	-70.76201	-82.48928	11.72727	0.2292094	5.421395	0.9162863
7164	-68.67161	-80.19709	11.52549	0.3087389	6.298179	0.8040327
7170	-70.15557	-82.04157	11.886	0.02376377	6.542085	0.4702723
7176	-68.32253	-81.2522	12.92967	0.182733	2.42769	0.80421
7182	-76.38369	-88.60343	12.21974	0.6421837	3.287576	0.4713074
7188	-74.81353	-85.52904	10.71551	0.6784289	9.035206	0.6330334
7194	-68.51152	-79.27204	10.76052	0.7281343	8.663159	0.4858868
7200	-72.02906	-81.48341	9.454344	1.617098	8.663159	0.1703074
7206	-68.38093	-80.85209	12.47116	0.440598	3.160863	0.5375315
7212	-68.15196	-81.32938	13.17741	0.1125619	1.676199	1.081022
7218	-62.99668	-76.92418	13.9275	0.3042566	0.84669	0.8410295
7224	-65.18063	-79.63759	14.45696	0.4826204	0.4216221	0.3443205
7230	-65.47427	-78.60829	13.13402	0.1330459	2.179279	0.7710091
7236	-70.17126	-79.10829	8.937025	0.5359685	27.17102	0.3144596
7242	-69.65818	-81.32892	11.67074	0.3404161	5.351158	0.2512282
7248	-66.75865	-80.53193	13.77328	0.6365923	0.7862636	0.6831689
7254	-66.95855	-80.00599	13.04744	0.4161114	1.952217	0.6600324
7260	-63.24642	-77.41684	14.17042	0.4985024	0.6219977	0.4374167
7266	-68.12877	-80.91628	12.7875	0.7532643	1.31466	1.095959
7272	-64.3891	-76.70521	12.31611	0.7532643	2.740822	0.3942189
7278	-65.10359	-77.89716	12.79356	0.301923	2.740822	0.496525
7284	-63.51195	-77.45939	13.94744	0.301923	0.8146136	0.8642759
7290	-64.77119	-78.03943	13.26823	0.08270284	2.191841	0.6015186
7296	-67.00316	-79.76869	12.76554	0.3207272	2.360841	0.8784148
7302	-70.21965	-84.06196	13.84231	0.3077101	0.6824139	1.130048
7308	-69.03165	-82.21476	13.1831	0.02665972	1.586616	1.207106
7314	-73.13415	-83.82644	10.69229	1.459032	5.421819	0.3841212
7320	-67.49596	-81.80873	14.31278	0.9239662	0.3008492	0.4185745
7326	-66.53411	-78.28664	11.75254	0.8360403	3.983367	0.6105682
7332	-63.65861	-76.2509	12.59228	0.5794391	2.487887	0.3661766
7338	-66.62158	-78.52479	11.90321	0.5446846	4.487022	0.4945894
7344	-66.89734	-77.8697	10.97235	0.3266751	9.345978	0.7152799
7350	-68.64106	-80.22238	11.58133	0.1572031	4.671235	1.307623
7356	-66.09533	-79.43267	13.33734	0.3042638	1.157605	1.126024
7362	-68.76053	-81.35193	12.5914	0.1127412	2.988547	0.9749186
7368	-67.75735	-81.05624	13.29888	0.2960218	1.803446	0.5381375
7374	-70.13533	-82.90146	12.76612	0.2818299	2.597441	0.7788231
7380	-65.1969	-79.07003	13.87313	0.2793015	0.9644287	0.7788231
7386	-66.71289	-80.75673	14.04384	0.1085914	0.9644287	0.7788231
7392	-65.66228	-78.15369	12.49141	0.05789526	2.23786	1.419004
7398	-62.28541	-76.36987	14.08445	0.06807001	1.077938	0.5366571
7404	-65.97947	-76.17367	10.19419	0.8503141	11.22932	0.3765663
7410	-72.42885	-86.07027	13.64141	0.7201816	0.768077	0.7924937
7416	-67.54914	-80.57718	13.02804	0.9597958	1.025673	0.2383444
7422	-67.31177	-80.29738	12.9856	0.9439978	1.309558	0.6135821
7428	-63.84639	-76.62816	12.78177	0.3826329	2.165263	0.9079236
7434	-73.16824	-84.3051	11.13686	0.0416072	7.308007	1.237617
7440	-64.94976	-78.19807	13.2483	0.02699713	2.108415	0.8132253
7446	-67.70935	-79.48366	11.77431	0.3695382	4.284756	1.058765
7452	-68.90666	-81.84963	12.94297	0.1651353	1.496623	1.343997
7458	-66.59969	-81.13729	14.53759	0.06052314	0.50015	0.9577976
7464	-68.49138	-80.19516	11.70379	0.5140829	5.188012	0.6273749
7470	-67.64363	-80.23731	12.59369	0.09257455	3.745247	0.5574227
7476	-73.34951	-84.99036	11.64085	0.7511372	3.745247	0.9935352
7482	-70.9472	-83.60239	12.6552	0.1388306	3.454449	0.5519875
7488	-73.13272	-84.61664	11.48392	0.02237979	8.205904	0.7041047
7494	-69.76363	-83.84195	14.07832	0.1173061	0.7767232	0.9726773
7500	-64.60636	-78.99999	14.39363	0.08179943	0.7767232	0.5070857
7506	-64.98941	-77.40451	12.4151	0.112235	4.12538	0.6448814
7512	-66.59028	-79.1409	12.55062	0.002288604	4.12538	0.5730475
7518	-65.4651	-77.71392	12.24883	0.004203406	5.13004	0.4376208
7524	-71.65533	-84.98017	13.32485	0.5727892	1.29511	0.7047293
7530	-66.23611	-78.04235	11.80623	0.8909297	3.711879	0.5620832
7536	-68.52988	-78.95536	10.42548	1.328544	6.261632	0.2364684
7542	-71.70487	-81.10617	9.401297	1.030174	16.56825	0.4445967
7548	-67.02524	-80.95394	13.92871	0.2236322	1.074445	0.5570559
7554	-69.79826	-83.82823	14.02997	0.219874	0.8085933	0.8720007
7560	-68.58726	-79.90371	11.31645	0.4528643	6.997482	0.6609514
7566	-65.69158	-80.04714	14.35557	0.4528643	0.5321419	0.5430767
7572	-68.43141	-81.37425	12.94284	0.7980675	1.589006	0.4971802
7578	-66.24203	-80.34299	14.10096	0.4892316	0.6858274	0.5005831
7584	-66.34298	-79.45855	13.11557	0.2143072	1.659361	1.054199
7590	-68.81481	-81.35128	12.53647	0.1999891	2.530906	1.141953
7596	-75.90873	-85.56809	9.659353	0.7302201	12.28837	1.218259
7602	-64.16351	-77.59161	13.4281	0.1384379	1.234718	1.13293
7608	-70.89653	-84.83391	13.93737	1.15116	0.3442159	0.7053621
7614	-68.99615	-82.91944	13.92329	0.4900691	0.8273513	0.5363456
7620	-70.74766	-81.63197	10.88431	0.4743884	8.815555	0.7631763
7626	-66.30485	-80.55898	14.25412	0.08868239	0.5903626	1.07107
7632	-67.82245	-82.7976	14.97515	0.04471037	0.3814321	0.6913864
7638	-70.34574	-83.11048	12.76473	0.03720007	3.336223	0.6605055
7644	-71.58681	-85.65951	14.0727	0.03642334	1.053083	0.3358276
7650	-72.33625	-85.8724	13.53615	0.1485671	1.603557	0.6674084
7656	-65.88792	-79.40542	13.5175	0.1485671	1.168856	1.094637
7662	-68.43001	-79.76231	11.3323	0.323624	5.901873	1.094637
7668	-64.86153	-77.63276	12.77123	0.8305929	1.785438	0.5631143
7674	-67.10163	-79.00203	11.90039	0.6524803	4.145829	0.5401936
7680	-66.51905	-80.03893	13.51988	0.6524803	1.059298	0.4849358
7686	-69.10885	-82.54594	13.43709	0.6524803	0.9092567	0.925494
7692	-65.64174	-78.65745	13.01571	1.100497	1.020442	0.3130458
7698	-66.88558	-76.57958	9.694006	0.5899805	15.05365	0.2000554
7704	-67.23097	-76.50656	9.27559	1.032231	11.89962	0.118007
7710	-66.53534	-79.38727	12.85193	1.16706	0.8167841	0.1725271
7716	-67.81502	-80.92963	13.11461	0.3744049	1.888848	0.3516095
7722	-67.82289	-80.38531	12.56242	0.03288009	3.864432	0.3516095
7728	-69.65925	-83.1789	13.51965	0.1612695	1.614201	0.660113
7734	-75.45403	-86.06831	10.61429	0.8859888	8.361484	0.6617109
7740	-69.81402	-83.82212	14.00811	0.8859888	0.4497878	0.3508731
7746	-70.83058	-84.89435	14.06376	0.8859888	0.4497878	0.5117878
7752	-70.19615	-81.68549	11.48934	0.2194288	7.114307	0.7254703
7758	-68.3889	-79.50341	11.11451	0.581709	7.114307	0.7450868
7764	-66.69622	-78.85847	12.16225	0.22108	4.685405	0.452165
7770	-69.64651	-83.53022	13.8837	0.8805454	0.5024821	0.3120158
7776	-67.74738	-82.31916	14.57178	0.6100106	0.2899144	0.3120158
7782	-70.04514	-85.10882	15.06368	0.1499084	0.2899144	0.34201
7788	-68.58343	-82.0202	13.43678	0.2141863	1.565571	0.7675631
7794	-66.62925	-81.88471	15.25546	0.1627245	0.197265	0.7675631
7800	-63.8269	-78.35792	14.53103	0.7806897	0.2125659	0.2633098
7806	-62.40529	-75.23533	12.83004	0.2315776	2.607833	0.7519876
7812	-65.25178	-77.91546	12.66368	0.2338538	2.344749	1.080432
7818	-65.83084	-77.62776	11.79692	1.216674	2.753724	0.3294953
7824	-68.11416	-80.92573	12.81156	1.43528	0.3804834	0.09703687
7830	-66.57482	-79.33678	12.76195	0.6130577	2.18107	0.5003179
7836	-66.63108	-79.40616	12.77508	0.2608512	2.826338	0.4044137
7842	-76.60354	-89.07558	12.47204	0.5101755	0.8212808	1.883465
7848	-67.05461	-81.11451	14.0599	0.516605	0.4747972	0.1955629
7854	-65.06144	-79.0684	14.00696	0.398051	0.7242596	0.2828269
7860	-68.84349	-81.63582	12.79232	0.5813416	1.946945	0.2828269
7866	-67.69042	-81.74452	14.05411	0.851531	0.40058	0.2828269
7872	-69.3631	-82.29983	12.93673	0.2459777	2.541008	0.4436691
7878	-67.2745	-81.16566	13.89116	0.7194053	0.669756	0.4775648
7884	-66.8228	-81.31436	14.49156	0.9546563	0.1855926	0.2974506
7890	-71.84849	-82.3485	10.50001	0.3252022	12.25856	0.2974506
7896	-66.54303	-80.32251	13.77948	0.05624866	1.312097	0.2974506
7902	-64.07687	-78.18698	14.11011	0.532364	0.6447484	0.5409569
7908	-66.33135	-76.68301	10.35166	1.189894	7.298219	0.2428675
7914	-68.07654	-79.16658	11.09004	1.344803	4.515506	0.5483931
7920	-70.88304	-84.02112	13.13808	0.624872	1.147215	1.021125
7926	-69.55652	-83.2634	13.70688	0.1792488	1.379622	0.573928
7932	-69.38016	-81.44046	12.0603	0.256408	4.907787	0.561384
7938	-67.79633	-80.52385	12.72752	0.6873771	2.103181	0.4598771
7944	-67.2921	-78.26046	10.96836	0.6873771	7.084547	0.8105658
7950	-64.28655	-77.01191	12.72536	0.07767666	2.859685	0.929644
7956	-65.74611	-79.39898	13.65287	0.1897652	1.440097	0.5609278
7962	-68.51449	-81.85119	13.3367	0.4074887	1.440097	0.7658374
7968	-67.72834	-81.36501	13.63667	0.07001049	1.440097	0.8168158
7974	-64.83377	-78.57518	13.74141	0.1959547	1.274336	0.6627309
7980	-64.77481	-77.16865	12.39384	0.1939948	4.039786	0.4613688
7986	-64.09091	-77.11008	13.01917	0.2667412	2.348068	0.5114642
7992	-64.64688	-77.37972	12.73284	0.3867801	2.360279	0.8388269
7998	-65.1852	-77.91803	12.73283	0.245853	2.796773	0.7453869
