Iteration	Posterior	Likelihood	Prior	rate_log_sd	rate_loss	tree_length
0	-63.99561	-76.66748	12.67187	0.71077	2.166537	0.4867447
6	-65.7814	-79.49843	13.71703	0.5778838	0.9367238	0.5197526
12	-66.1419	-79.8522	13.7103	0.5778838	0.8700217	0.7266559
18	-63.80021	-77.63891	13.83869	0.5152506	0.8700217	0.5874349
24	-66.68318	-77.98731	11.30413	0.837603	5.355313	0.3472936
30	-69.44149	-81.21219	11.7707	1.160795	2.947321	0.3330606
36	-68.53014	-80.87991	12.34976	1.160795	1.173867	0.139263
42	-71.91576	-79.33575	7.419989	1.270746	42.35589	0.3718258
48	-63.51143	-78.13819	14.62676	0.3836286	0.3974513	0.648002
54	-64.90286	-79.24294	14.34008	0.3836286	0.3970255	1.01722
60	-63.07084	-77.25965	14.18881	0.2465537	0.7258239	0.7626234
66	-66.03182	-77.82126	11.78944	0.1216918	6.541756	0.4836288
72	-63.61765	-76.50413	12.88648	0.8908675	1.520713	0.4254805
78	-67.26044	-79.43594	12.1755	0.6287179	3.436305	0.4709175
84	-69.43608	-81.94919	12.51311	0.5076025	2.805844	0.364104
90	-69.12343	-81.35961	12.23619	1.02844	2.389807	0.5080198
96	-73.06468	-82.57465	9.509971	1.02844	13.80246	0.2435638
102	-66.85715	-79.07547	12.21833	1.02844	2.418302	0.5432169
108	-65.84233	-79.25964	13.41731	0.2568616	1.681474	0.5413287
114	-70.50294	-82.3432	11.84026	0.4977477	4.739254	0.6427621
120	-70.83426	-82.67452	11.84026	0.4977477	4.739254	0.6427621
126	-68.6014	-82.40071	13.79931	0.4977477	0.9031459	0.6427621
132	-67.3733	-81.29186	13.91857	0.1554289	1.165608	0.4819591
138	-68.98081	-81.56398	12.58317	0.21823	2.975726	0.2514272
144	-66.27611	-80.5693	14.29319	0.4074491	0.5591588	0.7098989
150	-73.88404	-85.70792	11.82388	0.08204411	6.135421	0.7573468
156	-71.18235	-84.16973	12.98738	0.04428278	2.250475	0.9989395
162	-65.9847	-81.49749	15.51279	0.1884751	0.1434551	0.497362
168	-69.33596	-82.74212	13.40616	0.6952055	0.9281765	0.8899157
174	-68.21171	-82.32057	14.10886	0.4007066	0.6940317	0.7108375
180	-70.00059	-82.34988	12.34929	0.08106897	4.502143	0.5849082
186	-67.15166	-80.52012	13.36845	0.3462519	1.579929	0.3829403
192	-67.30157	-79.58115	12.27958	0.183129	4.334656	0.3829403
198	-73.08957	-82.54405	9.454476	0.1821362	21.75174	0.1958462
204	-64.56045	-77.1919	12.63145	0.05773198	3.726783	0.5732402
210	-66.35193	-78.57357	12.22164	1.105263	2.238243	0.5982677
216	-66.51875	-81.49119	14.97244	0.3006053	0.2804846	0.3925879
222	-70.63741	-82.53133	11.89392	0.9086288	3.116822	0.2864521
228	-69.01738	-80.81643	11.79906	0.3319111	5.619628	0.4768373
234	-66.82697	-80.22676	13.39979	0.6630056	0.9814184	0.2532366
240	-69.53394	-80.75708	11.22313	0.468229	7.329931	0.356191
246	-66.16369	-78.45853	12.29483	0.8422969	2.525218	0.6939817
252	-67.38224	-79.55764	12.17539	0.9686301	2.503068	0.3417029
258	-67.37891	-80.7813	13.40239	0.1693249	1.820273	0.5926131
264	-72.89911	-82.89	9.990898	0.4426827	16.56122	0.5529787
270	-68.89404	-83.15873	14.26469	0.05562238	0.8452216	0.7196577
276	-67.73847	-81.49559	13.75711	0.1292943	1.297947	0.7196577
282	-70.40132	-82.43169	12.03038	0.1150494	4.993438	0.8310683
288	-69.41492	-82.41382	12.9989	0.4621674	1.469084	1.05816
294	-65.52741	-78.12213	12.59473	0.5163433	2.418061	0.8123184
300	-63.82813	-77.35623	13.5281	0.4771611	1.23594	0.5665333
306	-62.78573	-75.19333	12.4076	0.4771611	3.149967	0.3804901
312	-67.09073	-75.85042	8.759689	1.59241	10.09917	0.08966487
318	-65.71629	-79.42545	13.70915	0.8870712	0.6506541	0.3697116
324	-67.35831	-78.69573	11.33742	0.5189895	6.54711	0.3530846
330	-64.73273	-76.884	12.15128	0.09179354	5.197555	0.4972073
336	-65.00886	-79.18118	14.17232	0.4371997	0.6534657	0.6180976
342	-65.70654	-78.78191	13.07538	0.8451186	1.108784	0.2438529
348	-66.34568	-78.84599	12.50031	0.493544	2.457565	0.2299045
354	-68.73604	-81.31828	12.58225	1.263168	0.9069945	0.1548491
360	-67.96789	-79.65964	11.69175	1.751233	1.933248	0.3311504
366	-65.60496	-76.91671	11.31175	1.015705	3.826469	0.1934961
372	-70.14585	-81.93555	11.78969	0.1373829	6.18857	0.7039121
378	-68.80309	-81.89345	13.09036	0.2619724	2.093115	0.713884
384	-72.88495	-85.29268	12.40773	0.1228762	1.678684	1.680445
390	-69.98374	-83.64755	13.66381	0.167006	0.4334278	1.680445
396	-64.38789	-78.23332	13.84542	0.1946831	1.184715	0.5998966
402	-68.51569	-81.94261	13.42692	0.1415643	1.184715	1.169488
408	-67.43271	-82.01945	14.58674	0.09213779	0.6184985	0.5434703
414	-71.18791	-84.09389	12.90598	0.5682054	1.997524	0.4520953
420	-66.98238	-79.46595	12.48357	0.7116994	2.242484	0.821485
426	-69.53504	-82.53379	12.99875	0.1391669	2.63163	0.5671779
432	-68.57395	-83.13976	14.56582	0.07559059	0.6478326	0.4994575
438	-67.32405	-79.11414	11.79009	0.4330269	4.985934	0.7250238
444	-68.84259	-80.47506	11.63247	0.04176946	6.894142	0.8385045
450	-71.80757	-85.94954	14.14197	0.4360126	0.5350368	0.2330786
456	-70.9621	-81.76831	10.80621	0.711882	7.952673	0.3069594
462	-68.50233	-82.40577	13.90344	0.4151723	0.880786	0.648957
468	-70.37892	-84.06756	13.68864	0.3938073	0.880786	0.9658766
474	-67.23956	-80.83987	13.60031	0.05035917	1.681919	0.6239634
480	-66.253	-81.04066	14.78767	0.1835425	0.3815312	0.7684604
486	-67.97574	-79.30689	11.33115	1.282447	3.174832	0.2072554
492	-67.93731	-81.05856	13.12125	1.282447	0.5385902	0.1754705
498	-69.91183	-82.41777	12.50594	1.282447	0.7710449	0.1158503
504	-68.88333	-82.3102	13.42687	0.1163431	1.210951	1.171565
510	-69.26481	-82.11472	12.8499	0.1163431	1.366767	1.528781
516	-67.41111	-79.80389	12.39278	0.3090678	2.450336	1.206706
522	-68.09947	-81.48944	13.38998	0.1338725	1.396751	1.050787
528	-67.89621	-81.67707	13.78086	0.3825899	1.017547	0.6751174
534	-69.17679	-80.74522	11.56843	0.3752596	4.643325	1.141072
540	-73.61155	-82.92306	9.31151	1.905759	7.716623	0.1626583
546	-71.60994	-81.72187	10.11193	1.905759	4.394211	0.1601112
552	-71.87508	-83.82568	11.9506	1.905759	0.9368808	0.1648809
558	-70.71117	-80.95765	10.24649	1.292159	7.734852	0.2909706
564	-68.78164	-81.94006	13.15841	0.5201556	1.651479	0.4084415
570	-74.82951	-84.15032	9.320805	0.9713646	17.57702	0.3647297
576	-71.3536	-82.02827	10.67467	1.45721	5.446349	0.3647297
582	-69.0085	-82.16568	13.15718	0.4697591	1.755636	0.4733319
588	-70.78957	-83.3717	12.58213	0.2358525	3.401052	0.4733319
594	-68.14088	-81.56552	13.42464	0.07217071	1.941793	0.4173904
600	-68.16345	-79.85727	11.69383	0.6378257	3.810124	1.03055
606	-65.35888	-77.68749	12.3286	0.2977274	3.810124	0.6616693
612	-63.26336	-76.76841	13.50505	0.06097138	1.78507	0.6621028
618	-66.11835	-79.004	12.88566	0.1159134	1.714146	1.307758
624	-64.98981	-78.52246	13.53265	0.2526342	1.308097	0.8482886
630	-63.51494	-76.78299	13.26805	0.6352774	1.363691	0.5531991
636	-65.48262	-78.58945	13.10683	0.7363816	1.363691	0.340269
642	-66.04674	-76.94168	10.89494	0.06572618	11.71342	0.680037
648	-67.17781	-79.10399	11.92617	0.2899031	4.933442	0.3081573
654	-67.4514	-79.80113	12.34972	0.0321968	4.706437	0.5069167
660	-68.33093	-81.79864	13.46772	0.6880273	1.075957	0.475754
666	-64.72169	-78.1784	13.45671	0.7980948	0.6556906	0.1816461
672	-62.64545	-76.81267	14.16722	0.1772228	0.8880623	0.4601939
678	-63.14704	-77.90471	14.75767	0.4230767	0.3190534	0.3884182
684	-63.35988	-76.38163	13.02176	0.07516756	2.044809	1.046743
690	-62.22504	-75.64863	13.4236	0.01751084	2.044809	0.5758966
696	-63.19936	-77.80162	14.60227	0.5202759	0.3441463	0.6391292
702	-66.09878	-78.30363	12.20485	0.3443512	4.058923	0.3784904
708	-66.47395	-80.45433	13.98038	0.06351645	0.8867222	0.9985079
714	-68.98389	-81.59626	12.61237	0.1485004	1.019287	1.890373
720	-65.56272	-78.70171	13.13899	0.04962112	2.430695	0.6854721
726	-64.23588	-78.121	13.88511	0.03591906	1.283878	0.6792495
732	-65.1137	-78.77655	13.66285	0.299344	1.164864	0.2982831
738	-63.55073	-77.49663	13.9459	0.5643551	0.7370375	0.5886292
744	-67.01551	-80.28955	13.27404	0.4531943	1.444076	0.7854595
750	-66.51952	-80.09954	13.58002	0.2210032	1.457653	0.3787363
756	-63.5748	-76.66035	13.08555	0.6692221	1.555258	0.4324318
762	-67.49822	-79.41263	11.91441	0.2127955	5.017262	0.8453741
768	-63.83612	-77.90917	14.07305	0.2258274	0.9288563	0.4512687
774	-66.57729	-78.62378	12.04649	0.4665407	4.059386	0.3340477
780	-64.97103	-77.71759	12.74657	0.2988859	2.852009	0.50606
786	-67.7576	-80.79302	13.03542	0.2988859	1.813249	0.9489424
792	-66.98034	-79.75682	12.77647	0.1368227	2.96742	0.3239041
798	-66.19515	-79.03331	12.83816	0.38412	2.459343	0.5635093
804	-66.23457	-80.86142	14.62684	0.1173091	0.4887141	0.8113251
810	-72.23294	-86.41739	14.18446	0.004481658	1.01043	0.3847509
816	-70.83301	-83.88797	13.05495	0.7852453	1.452409	0.5021937
822	-72.60625	-86.04568	13.43942	0.736461	0.8906428	0.8496626
828	-72.58362	-84.33174	11.74812	0.736461	3.926588	0.8191518
834	-70.71988	-82.23419	11.5143	0.7752674	4.887237	0.6549965
840	-68.81771	-81.60051	12.7828	0.1987896	2.082835	1.133222
846	-69.21721	-82.76578	13.54857	1.163599	0.5363448	0.3140625
852	-66.57596	-78.74191	12.16595	0.872272	2.778037	0.3710409
858	-69.1425	-80.76115	11.61865	0.0122631	7.445871	0.7407235
864	-65.37202	-78.22454	12.85251	0.01171399	3.058462	0.7469168
870	-65.66832	-76.91657	11.24825	0.6032802	6.299547	0.7801459
876	-65.82113	-77.23704	11.4159	0.05933739	8.107078	0.7801459
882	-63.15326	-77.66071	14.50745	0.09346387	0.6751358	0.5428544
888	-62.96056	-77.46027	14.49971	0.04173088	0.6751358	0.6989931
894	-65.36459	-79.75721	14.39262	0.2499393	0.6431225	0.5534814
900	-63.04076	-75.89687	12.85611	0.04880084	1.921802	1.27945
906	-61.72557	-75.23332	13.50775	0.3820038	1.104357	0.9312587
912	-62.50541	-74.22202	11.7166	0.9760719	3.565297	0.7024115
918	-67.7833	-79.57379	11.79049	0.5233566	4.936468	0.471559
924	-64.3974	-76.39843	12.00103	0.5023277	4.098847	0.7077493
930	-61.5559	-75.21591	13.66001	0.117083	1.42688	0.7314275
936	-66.80123	-78.56377	11.76254	1.118393	3.196808	0.6036911
942	-66.78286	-78.245	11.46214	1.118393	3.196808	0.1989909
948	-68.08561	-79.93262	11.84701	1.733461	1.558864	0.2558176
954	-72.55382	-79.48065	6.926824	1.496876	46.7099	0.2960455
960	-65.63383	-77.68253	12.0487	0.3400857	4.676411	0.4683128
966	-64.17126	-77.54935	13.37809	0.1852812	0.963753	1.347992
972	-65.66995	-78.68913	13.01918	0.2563079	2.287157	0.3680514
978	-67.50942	-82.49844	14.98902	0.1762007	0.3206798	0.3697957
984	-65.25785	-77.54944	12.29159	0.3374589	3.776238	0.3551397
990	-66.38206	-79.48022	13.09816	0.742447	1.364489	0.3381921
996	-66.08667	-78.50267	12.416	1.06959	1.773782	0.2856922
1002	-66.07362	-79.03222	12.9586	1.06959	1.212961	0.5513145
1008	-64.20418	-76.78622	12.58204	0.7179236	2.31385	0.546046
1014	-63.53904	-76.86468	13.32563	0.257015	1.33255	1.043042
1020	-61.13167	-74.97774	13.84606	0.26943	0.8565459	0.9595021
1026	-63.42721	-76.08272	12.65551	0.1510293	2.728071	0.9878799
1032	-65.30589	-77.52928	12.22339	0.006963975	5.237772	0.4702691
1038	-74.52223	-87.52388	13.00165	0.05956787	1.356247	1.46371
1044	-66.51438	-80.04623	13.53185	0.03871478	1.226284	1.135773
1050	-67.41431	-82.21746	14.80316	0.384409	0.3292212	0.4987593
1056	-70.46099	-82.48355	12.02257	0.1361512	5.36396	0.6545173
1062	-66.27074	-80.6839	14.41316	0.2592933	0.5626411	0.7464182
1068	-66.96567	-80.63473	13.66906	0.5434133	0.8959283	0.7956594
1074	-66.6862	-81.08871	14.40251	0.3554262	0.5612804	0.4367411
1080	-65.63577	-79.12922	13.49345	0.02097049	1.61541	0.8953383
1086	-66.80044	-79.45466	12.65423	0.01437141	3.773117	0.5881504
1092	-67.27728	-81.81194	14.53466	0.01465094	0.7130226	0.4494963
1098	-66.47937	-78.48332	12.00395	0.02608625	5.757997	0.7062593
1104	-65.38598	-79.6186	14.23263	0.526173	0.5301324	0.350406
1110	-65.48169	-78.42481	12.94311	0.526173	2.010681	0.4682993
1116	-63.33486	-77.54561	14.21075	0.526173	0.5788033	0.4602757
1122	-63.90376	-76.85457	12.95081	0.08580136	2.834888	0.5964206
1128	-65.38594	-79.45791	14.07196	0.5313584	0.5603969	0.2650953
1134	-63.50571	-76.97031	13.4646	0.02489193	1.965074	0.4366293
1140	-61.93274	-76.03254	14.0998	0.344968	0.7886203	0.5964051
1146	-63.25364	-77.44649	14.19285	0.1202576	0.8376963	0.744521
1152	-63.854	-76.66646	12.81247	0.5493985	2.202984	0.5247663
1158	-63.36826	-76.51998	13.15172	0.9062145	1.150241	0.6338263
1164	-63.43192	-77.00879	13.57687	0.1054594	1.150241	1.094998
1170	-65.04401	-77.4687	12.4247	0.854047	2.357434	0.5369009
1176	-68.60902	-82.3345	13.72548	0.4742443	1.030716	0.5196651
1182	-64.63818	-79.37479	14.73662	0.09334879	0.5201337	0.5241987
1188	-64.86598	-76.93091	12.06493	0.3420966	4.482908	0.3684697
1194	-64.93194	-76.96495	12.03301	0.3420966	4.663476	0.4073862
1200	-65.87893	-79.92187	14.04294	0.380435	0.4794841	1.156959
1206	-65.47866	-78.14253	12.66388	0.6025192	1.938296	0.9391035
1212	-67.25496	-79.36526	12.1103	0.6025192	3.521982	0.6952808
1218	-63.65066	-77.99875	14.34809	0.2293416	0.6697143	0.6424526
1224	-66.96778	-78.3909	11.42312	0.1996747	5.005946	1.323165
1230	-67.30267	-78.83207	11.5294	1.24529	3.500723	0.5612664
1236	-67.29204	-79.365	12.07296	0.1927125	4.997671	0.6387629
1242	-65.28458	-77.74326	12.45868	0.1927125	3.768947	0.6387629
1248	-64.70647	-77.9131	13.20663	0.1927125	2.079088	0.6387629
1254	-74.09013	-85.61554	11.5254	0.8133645	2.062641	1.64748
1260	-69.52622	-83.35629	13.83007	0.8133645	0.6285668	0.619691
1266	-65.55771	-77.96534	12.40763	0.3047734	3.687766	0.5164945
1272	-71.19105	-82.84977	11.65872	0.1827905	6.745804	0.6200536
1278	-68.99324	-83.07652	14.08328	0.7345911	0.524064	0.4434406
1284	-69.22462	-80.99489	11.77028	0.7996898	3.646538	0.2690179
1290	-66.9714	-77.48095	10.50955	0.7996898	6.998238	0.1502639
1296	-67.07785	-78.18095	11.1031	0.4444316	7.323051	0.2482065
1302	-68.39475	-79.64208	11.24733	0.8363238	4.829627	0.2194324
1308	-67.66045	-79.56281	11.90236	0.1097534	6.098367	0.5330401
1314	-68.29346	-80.75112	12.45767	0.875109	2.12678	0.7149194
1320	-69.04061	-79.43531	10.3947	0.7923589	9.626875	0.2810385
1326	-66.11859	-78.60311	12.48452	0.7923589	2.235648	0.3369989
1332	-67.30769	-80.03342	12.72573	0.7923589	1.820887	0.3369989
1338	-68.23218	-79.04755	10.81536	0.8067968	7.276324	0.2852701
1344	-68.053	-78.07093	10.01793	1.111747	9.84022	0.2670989
1350	-64.49987	-78.05813	13.55826	0.2675736	1.360716	0.7356291
1356	-64.81957	-79.42895	14.60938	0.01171592	0.6334006	0.3711102
1362	-66.91809	-78.31882	11.40073	0.2839215	6.1086	1.020067
1368	-67.96476	-80.81281	12.84805	0.311446	2.519298	0.6564211
1374	-69.39232	-80.53838	11.14605	0.7270359	6.532603	0.6564211
1380	-72.9481	-83.50946	10.56136	1.043683	8.029032	0.4871152
1386	-72.66906	-82.8777	10.20864	1.132263	8.868315	0.2990852
1392	-72.49662	-82.41944	9.922818	1.132263	9.888489	0.91765
1398	-71.02161	-81.18081	10.1592	1.114503	9.888489	0.4343128
1404	-69.80804	-79.86328	10.05524	0.2326918	18.05759	0.5380414
1410	-67.1915	-79.48445	12.29294	0.104949	4.64574	0.4682596
1416	-69.64673	-79.21973	9.572996	1.183741	11.52332	0.211691
1422	-65.34683	-80.36085	15.01402	0.01558247	0.3989089	0.4191295
1428	-67.98998	-79.14858	11.1586	0.8333312	6.160932	0.4414782
1434	-70.79957	-82.02072	11.22115	0.8333312	5.927833	0.4802594
1440	-74.10013	-84.92744	10.82731	1.224937	5.927833	0.5399767
1446	-70.56427	-81.94226	11.37799	0.6742573	5.927833	0.5399767
1452	-66.48141	-79.93753	13.45611	1.164755	0.5453456	0.2619497
1458	-67.21778	-79.82568	12.6079	0.8816078	1.931974	0.6292595
1464	-67.89495	-80.9842	13.08925	0.6656827	1.395857	0.2874264
1470	-69.64486	-82.99634	13.35148	0.5076032	1.300565	0.7585921
1476	-67.21834	-80.61519	13.39686	0.5327882	1.300565	0.3877201
1482	-66.17707	-79.09125	12.91418	0.9990267	0.954924	0.1852237
1488	-65.12197	-78.03997	12.918	0.9764614	1.199626	0.2735489
1494	-65.5729	-78.14886	12.57596	1.305927	0.9017052	0.1619833
1500	-66.27959	-79.60088	13.3213	0.09473029	1.974965	0.3291733
1506	-66.44439	-79.90551	13.46112	0.4598708	1.283005	0.3545201
1512	-67.60171	-80.03927	12.43756	1.039683	1.935376	0.3733461
1518	-66.70434	-79.01493	12.31059	0.1228083	3.195639	1.149869
1524	-68.27828	-80.90096	12.62268	0.06549089	2.462954	1.212995
1530	-72.5503	-85.68089	13.1306	0.1695096	1.653761	1.085722
1536	-70.50772	-82.46016	11.95244	0.4235793	3.981758	0.9246112
1542	-69.69051	-81.48748	11.79698	0.5757812	3.981758	0.9281526
1548	-69.01364	-80.50844	11.4948	0.5757812	5.557667	0.7232569
1554	-70.41458	-81.81246	11.39788	0.5757812	4.701389	1.098437
1560	-70.36459	-84.82878	14.46419	0.3047789	0.4812776	0.795094
1566	-67.80304	-80.29743	12.49439	0.1539701	3.511174	0.7991371
1572	-64.67579	-78.58969	13.9139	0.1486254	1.171178	0.4424282
1578	-62.3681	-76.5071	14.139	0.0341521	0.9586669	0.7576453
1584	-64.22032	-78.60155	14.38122	0.1068478	0.637656	0.8476234
1590	-72.93052	-84.26407	11.33355	0.7962384	3.735392	1.235274
1596	-65.28261	-77.54257	12.25997	0.3658215	3.744784	0.7056196
1602	-68.22588	-80.98897	12.76309	0.5560111	1.209367	1.35823
1608	-70.77801	-82.2656	11.4876	0.4290262	3.54089	1.461211
1614	-68.25621	-80.45052	12.19431	1.059429	1.914395	0.9675956
1620	-67.45363	-78.41245	10.95882	1.059429	6.036716	0.4303885
1626	-70.10578	-82.37908	12.2733	1.059429	1.707367	0.1963552
1632	-62.25943	-76.61066	14.35122	0.1597527	0.7198631	0.644322
1638	-61.82707	-75.23215	13.40508	0.5581388	1.274658	0.5997242
1644	-63.76127	-74.85851	11.09724	0.5581388	7.646151	0.3982736
1650	-61.17053	-74.44436	13.27382	0.6493131	1.329804	0.5833363
1656	-61.40193	-73.77066	12.36873	0.6493131	2.897867	0.4419192
1662	-64.6025	-78.51488	13.91237	0.6493131	0.6889604	0.6186674
1668	-64.54096	-77.65079	13.10983	0.05994084	1.864366	1.079772
1674	-67.29495	-78.67083	11.37589	1.032964	3.912777	0.2349667
1680	-68.49869	-80.48708	11.98839	1.032964	2.636118	0.2913802
1686	-65.3722	-76.4254	11.05321	1.032964	5.749824	0.4235107
1692	-67.93852	-79.55333	11.61481	1.032964	3.578645	0.3045413
1698	-63.03436	-77.40246	14.3681	0.2079503	0.6591031	0.3581713
1704	-73.10615	-83.65658	10.55042	1.721029	4.65835	0.2899552
1710	-72.72874	-81.95998	9.231249	0.808258	19.77614	0.3137838
1716	-67.7872	-78.80897	11.02177	1.037915	5.443396	0.2948217
1722	-67.36265	-79.37824	12.01559	0.2305388	5.081987	0.3896789
1728	-66.85484	-80.14223	13.28739	0.7212053	1.216996	0.609688
1734	-77.39094	-88.51942	11.12848	0.731142	6.773892	0.5183604
1740	-70.37465	-84.9334	14.55876	0.731142	0.2846184	0.5091572
1746	-70.00721	-81.87081	11.8636	0.4010777	5.117969	0.5091572
1752	-66.84862	-80.69809	13.84947	0.5306934	0.8574387	0.5280981
1758	-71.41245	-82.46139	11.04895	0.1482825	10.43332	0.4756495
1764	-66.53991	-81.49637	14.95646	0.3597609	0.2685658	0.5858179
1770	-66.84598	-78.54009	11.69411	0.4509226	5.567676	0.5129467
1776	-69.75321	-81.13051	11.3773	0.6228815	5.636541	0.796786
1782	-72.38666	-83.88681	11.50015	0.4582849	5.722673	0.2751508
1788	-72.42902	-84.26506	11.83605	0.8014682	3.900844	0.5164291
1794	-67.33635	-81.34943	14.01308	0.155888	0.7093382	1.080618
1800	-69.15945	-81.77264	12.61318	0.09175628	2.740853	1.080618
1806	-67.45618	-82.48463	15.02845	0.02975351	0.2234284	1.080618
1812	-65.80131	-79.87241	14.07109	0.6192506	0.5915176	0.635274
1818	-69.21812	-82.51376	13.29564	0.1464204	1.699154	0.9126105
1824	-68.04241	-80.99284	12.95043	1.065039	0.6354941	0.1238826
1830	-74.88845	-85.05378	10.16533	0.5692252	10.4849	0.1607927
1836	-67.64703	-79.56033	11.91329	0.1472528	5.904369	0.515457
1842	-64.91404	-77.59921	12.68517	0.1127415	3.024709	0.8543707
1848	-69.21015	-79.88728	10.67713	1.158594	6.080347	0.2552961
1854	-69.63766	-81.75127	12.11361	0.05478806	5.256067	0.6917243
1860	-68.56754	-81.03056	12.46302	0.1271327	3.868995	0.6917243
1866	-68.26382	-82.47582	14.212	0.4521484	0.5951245	0.6790492
1872	-67.64063	-81.36507	13.72443	1.070354	0.3276042	0.1759425
1878	-73.93156	-85.42379	11.49223	0.514509	5.967959	0.3733498
1884	-65.23863	-78.17232	12.9337	0.6312728	1.825026	0.6040161
1890	-68.51821	-81.17182	12.6536	0.7672537	1.749894	0.8989619
1896	-69.45974	-81.53447	12.07473	0.03471277	5.572101	0.3794592
1902	-66.21143	-78.01777	11.80634	0.2219553	5.572101	0.7808626
1908	-64.5443	-77.32122	12.77692	0.1387125	2.931422	0.7509025
1914	-67.08869	-78.75644	11.66775	0.4771537	5.560812	0.4674052
1920	-68.27891	-80.6729	12.39399	0.5772082	1.945537	1.21213
1926	-68.84093	-81.84308	13.00215	1.532716	0.6023311	0.2617074
1932	-72.76546	-85.15344	12.38798	1.532716	1.232737	0.7513531
1938	-65.34296	-78.23469	12.89173	0.3904791	2.176259	0.7513531
1944	-69.90663	-83.88269	13.97606	0.4172378	0.7371934	0.8011123
1950	-66.77944	-79.95952	13.18008	0.6900365	1.363872	0.3739851
1956	-68.07173	-81.92342	13.85169	0.2858385	1.056094	0.3739851
1962	-70.78343	-82.8564	12.07297	0.7998723	3.014279	0.306441
1968	-66.99459	-80.88018	13.88559	0.2265304	1.109054	0.5879825
1974	-68.03319	-79.9738	11.94061	0.3026013	5.06718	0.3780736
1980	-69.31558	-83.42423	14.10865	0.07250085	1.045586	0.5509684
1986	-74.03696	-85.03718	11.00022	0.07078706	9.621708	0.9467665
1992	-73.48403	-86.60979	13.12576	0.1440994	1.92063	0.9467665
1998	-74.33156	-88.3343	14.00274	0.1440994	0.8395348	0.9467665
2004	-73.65325	-85.09422	11.44097	0.801305	4.753685	0.7944613
2010	-70.3804	-83.50934	13.12894	0.9087401	1.207381	0.4885744
2016	-71.71995	-83.58406	11.86411	0.4884586	4.807178	0.4986803
2022	-78.75271	-88.70034	9.947628	0.1216147	19.2273	0.2985426
2028	-77.57036	-87.54307	9.972716	0.05228578	19.2273	0.2695102
2034	-72.79284	-84.51835	11.72551	0.1657044	6.530656	0.4003761
2040	-69.67002	-81.32031	11.65029	0.4017859	5.911835	0.5620331
2046	-68.12413	-81.65651	13.53238	0.2124104	1.498491	0.6957947
2052	-67.20296	-81.25394	14.05098	0.2241386	0.8986662	0.6957947
2058	-65.47613	-77.81613	12.34	0.6402893	3.000283	0.5221418
2064	-69.14279	-80.05783	10.91504	1.019818	6.372056	0.4174167
2070	-66.69288	-80.97303	14.28015	0.5546134	0.4910885	0.3659645
2076	-67.92771	-80.2604	12.33269	0.9720848	2.310058	0.5245873
2082	-66.58787	-78.89067	12.3028	0.9720848	1.799325	0.196997
2088	-68.52183	-80.03159	11.50975	1.447065	2.036336	0.1509292
2094	-69.16123	-83.66801	14.50678	0.4395701	0.3926231	0.7727311
2100	-73.43487	-86.93321	13.49834	0.4395701	1.321186	0.5500612
2106	-77.5359	-90.305	12.7691	0.6735967	2.052071	0.5500612
2112	-69.62037	-83.87439	14.25401	0.7248737	0.3979538	0.3383295
2118	-65.785	-80.12362	14.33862	0.1284591	0.7700537	0.5964681
2124	-65.34335	-78.74481	13.40147	0.5910965	1.042815	0.881677
2130	-69.21855	-80.38263	11.16408	0.1686053	8.441839	0.881677
2136	-65.8827	-78.93986	13.05716	0.1686053	1.209241	1.431069
2142	-66.02654	-78.51895	12.49241	0.8905689	1.832522	0.8818762
2148	-67.8613	-79.14155	11.28025	0.7496809	5.47047	0.8138942
2154	-64.08543	-75.931	11.84557	0.9019801	3.35374	0.3165894
2160	-60.23626	-74.28654	14.05028	0.04489577	0.9909512	0.8192873
2166	-63.43355	-76.95755	13.524	0.1734909	1.088316	1.132859
2172	-62.86858	-76.09943	13.23085	0.5586437	1.370105	0.7782611
2178	-63.71667	-78.09224	14.37557	0.5586437	0.4524351	0.5782789
2184	-62.53848	-76.18211	13.64362	0.8113619	0.7917108	0.4648145
2190	-64.00221	-77.46017	13.45796	0.9378315	0.7917108	0.3441932
2196	-74.03276	-85.02606	10.9933	0.9083498	6.555407	0.5613769
2202	-75.33501	-89.60542	14.27042	0.3658619	0.6030367	0.7083378
2208	-66.95916	-80.71738	13.75822	0.2201429	1.277263	0.5118126
2214	-68.50338	-82.53023	14.02685	0.2201429	0.9836768	0.5118126
2220	-70.71768	-83.17514	12.45746	0.2888205	3.397702	0.7185338
2226	-70.12195	-84.44356	14.32161	0.2888205	0.5198092	0.9100321
2232	-70.46792	-84.34108	13.87316	0.1841856	1.175749	0.4382604
2238	-68.94956	-82.43781	13.48825	0.336316	1.471976	0.4781582
2244	-74.20319	-83.81754	9.614352	0.816123	16.64253	0.502684
2250	-72.79933	-86.28353	13.4842	0.499538	0.8456245	1.099752
2256	-71.03934	-84.14477	13.10543	0.04555825	2.329242	0.8195413
2262	-68.09492	-81.21131	13.11639	0.0977521	1.795118	1.079021
2268	-67.1608	-80.83498	13.67418	0.07837423	1.569991	0.4707449
2274	-70.70435	-82.67244	11.96809	0.2074375	2.672281	1.537436
2280	-66.15214	-80.58131	14.42918	0.1374601	0.6935462	0.5863975
2286	-64.54333	-77.59752	13.0542	0.01430311	2.770735	0.5863975
2292	-67.05651	-78.3152	11.25869	0.5799784	6.687712	0.6561568
2298	-68.32888	-79.68985	11.36098	0.4776928	6.687712	0.6561568
2304	-68.9398	-80.5859	11.6461	0.5936357	3.517469	1.209482
2310	-65.77359	-78.96884	13.19524	0.05371654	2.287109	0.7094907
2316	-69.23638	-81.20403	11.96765	0.3828968	4.756397	0.5973479
2322	-70.08988	-84.33231	14.24243	0.1734071	0.6948512	0.8415853
2328	-68.66232	-82.87834	14.21602	0.1642395	0.8581787	0.5175022
2334	-67.65649	-81.71196	14.05547	0.2468024	0.6812851	0.9869994
2340	-70.34896	-85.32989	14.98093	0.2468024	0.1982731	0.9869994
2346	-74.53984	-88.04186	13.50203	1.514181	0.413037	0.524069
2352	-64.50821	-78.89216	14.38395	0.3531887	0.4887206	0.8203706
2358	-68.77138	-79.2984	10.52702	0.8819679	8.797228	0.687226
2364	-68.12236	-79.37772	11.25536	0.9409345	4.877915	0.2825117
2370	-68.95377	-78.38812	9.434353	0.9409345	16.9444	0.3972376
2376	-68.28781	-80.41808	12.13026	0.9409345	2.793994	0.4897855
2382	-71.81767	-84.02179	12.20412	0.0580249	4.883496	0.7085124
2388	-73.45544	-85.42736	11.97192	0.4570676	4.044209	0.8391489
2394	-71.3175	-84.21678	12.89928	0.1876871	2.241926	0.9467408
2400	-70.42922	-82.91603	12.48682	0.5679975	2.802742	0.5838473
2406	-68.10586	-79.58681	11.48095	0.85237	4.867545	0.4701642
2412	-69.41213	-80.45018	11.03805	0.4207732	8.47377	0.3415504
2418	-66.30437	-78.80405	12.49969	0.8653939	2.035725	0.3152465
2424	-66.54271	-79.66766	13.12496	0.8653939	1.205681	0.673412
2430	-68.11969	-81.95299	13.8333	0.5929349	0.7800014	0.3641417
2436	-68.97997	-79.96331	10.98334	0.8199964	6.936028	0.4025048
2442	-72.6013	-82.20015	9.598854	0.6512977	18.0219	0.6632213
2448	-68.42894	-80.76293	12.334	0.1995484	4.211121	0.5247439
2454	-67.44499	-80.9554	13.5104	0.02143882	1.885223	0.5907018
2460	-66.50677	-80.22429	13.71752	0.02143882	1.512189	0.6882339
2466	-66.16479	-80.20073	14.03594	0.2043021	0.9077757	0.737256
2472	-68.27618	-82.96572	14.68954	0.1005682	0.5185049	0.6625595
2478	-67.08813	-80.12786	13.03973	0.2474151	2.14706	0.7677087
2484	-74.82642	-85.5633	10.73688	1.152597	6.492983	0.3819914
2490	-73.31945	-84.65729	11.33783	1.310097	3.351571	0.2512581
2496	-69.4567	-81.41336	11.95666	1.310097	1.400984	0.1290164
2502	-70.70482	-81.30279	10.59797	1.310097	5.057659	0.1823295
2508	-72.70952	-85.25896	12.54944	1.413787	1.292582	0.4638932
2514	-66.47757	-78.18122	11.70365	0.116575	6.946698	0.4638932
2520	-66.40703	-79.0504	12.64336	0.7451986	2.156438	0.4980311
2526	-68.38697	-79.34776	10.96079	0.7451986	7.361669	0.3865972
2532	-67.14184	-78.01179	10.86995	1.401153	3.58319	0.1552924
2538	-68.6642	-80.56139	11.89719	1.401153	2.251106	0.6524496
2544	-66.32011	-80.2097	13.8896	0.4086472	0.909122	0.3931112
2550	-73.45396	-84.78139	11.32743	1.419627	3.131637	0.2571063
2556	-73.87279	-81.53541	7.662629	1.419627	23.20236	0.1052806
2562	-70.54467	-81.30985	10.76518	1.419627	4.594182	0.2325426
2568	-68.36586	-80.52768	12.16182	0.1839764	4.594182	0.7104813
2574	-68.32688	-80.65895	12.33207	0.5185379	3.141242	0.3336233
2580	-68.06848	-83.31858	15.25009	0.1478129	0.2031429	0.3011976
2586	-68.66611	-83.41497	14.74885	0.3863766	0.3313413	0.6707233
2592	-68.18613	-83.29157	15.10544	0.1213529	0.3110433	0.5268463
2598	-72.11576	-85.97971	13.86395	0.3399774	0.729684	1.022543
2604	-70.6387	-83.9646	13.32591	0.4373801	1.552983	0.4613075
2610	-68.10074	-81.6322	13.53146	0.3711722	1.15998	0.8592618
2616	-67.43774	-81.3752	13.93746	0.4832203	0.7735326	0.6914366
2622	-67.30208	-81.8691	14.56702	0.2047049	0.533582	0.6506508
2628	-66.4976	-78.81316	12.31556	0.5303199	3.181785	0.6938692
2634	-65.31959	-79.73387	14.41428	0.259872	0.5828663	0.6938692
2640	-67.01096	-78.93888	11.92792	0.3304932	5.071239	0.4080045
2646	-64.62328	-78.42863	13.80536	0.2054038	1.033296	0.871267
2652	-66.57379	-81.24642	14.67264	0.2681598	0.4078547	0.7375117
2658	-67.46039	-79.81316	12.35277	0.4538911	1.191257	1.748674
2664	-67.25293	-78.96731	11.71438	0.9097885	3.846925	0.383107
2670	-66.65833	-78.7964	12.13806	0.07070477	2.450077	1.591791
2676	-68.72717	-81.81072	13.08355	0.348842	1.938285	0.3239703
2682	-69.11239	-81.96749	12.85509	0.5581231	2.038946	0.6587164
2688	-68.60503	-81.2691	12.66407	0.337785	2.558601	0.8618168
2694	-66.54248	-79.38995	12.84747	0.3235441	2.558601	0.4324514
2700	-67.91296	-83.22646	15.3135	0.1368736	0.1977978	0.7156621
2706	-66.02223	-77.45559	11.43336	0.7517419	4.833681	0.2678915
2712	-66.48049	-78.00793	11.52745	0.6473815	5.272419	0.360598
2718	-66.08373	-77.31729	11.23355	0.2256977	8.552608	0.67436
2724	-67.87177	-79.01245	11.14068	0.3524903	8.552608	0.593739
2730	-71.6732	-83.70997	12.03677	0.01988889	5.890175	0.5652009
2736	-70.66553	-82.85202	12.18649	0.3484197	4.182402	0.4354789
2742	-72.57471	-82.29809	9.723376	1.433525	9.884803	0.2885377
2748	-71.54615	-84.10106	12.55491	1.433525	1.120674	0.2885377
2754	-68.98601	-80.66426	11.67825	1.187823	3.280578	0.5128624
2760	-65.60204	-78.75624	13.15419	1.074129	0.9146122	0.3160741
2766	-67.03544	-80.76799	13.73254	0.1050997	1.028598	1.056511
2772	-64.72514	-78.268	13.54287	0.8734414	0.6987912	0.2695933
2778	-64.7292	-79.28143	14.55223	0.03316616	0.5939663	0.2847768
2784	-66.61212	-78.05112	11.439	1.098425	4.202615	0.4949368
2790	-73.83573	-81.06725	7.231513	1.572839	34.96702	0.2080748
2796	-71.59768	-79.02888	7.4312	1.91642	23.63521	0.1575144
2802	-64.23944	-76.38523	12.14579	0.5987023	3.101383	0.8796243
2808	-63.71582	-76.49132	12.7755	0.2813508	2.824981	0.4818207
2814	-64.70625	-78.33253	13.62627	0.2334853	1.182504	0.8860505
2820	-64.14691	-78.53201	14.3851	0.4626607	0.5066536	0.5528613
2826	-69.22212	-83.10252	13.8804	0.5450301	0.6333709	0.2302097
2832	-73.11089	-83.83849	10.7276	0.9803221	7.067266	0.3172144
2838	-78.29623	-89.17046	10.87423	0.8995739	7.067266	0.3991237
2844	-71.17514	-84.4	13.22486	0.5252319	0.703635	1.435852
2850	-66.33004	-79.66315	13.33311	0.1012199	1.592094	0.9975716
2856	-68.18818	-77.78746	9.599282	0.9124339	14.4236	0.2678362
2862	-64.59292	-78.07828	13.48536	0.4553013	1.211712	0.7485022
2868	-64.97636	-78.80162	13.82526	0.01772718	1.109942	0.9750178
2874	-63.49502	-77.9164	14.42138	0.1677771	0.6577215	0.6523314
2880	-65.30756	-78.68148	13.37392	0.2203866	1.806037	0.4712297
2886	-69.43709	-81.68693	12.24984	0.06361798	4.925204	0.5531184
2892	-66.29817	-81.51531	15.21714	0.3617894	0.1770946	0.5676682
2898	-66.68808	-80.42594	13.73786	0.5704183	0.9168769	0.5676682
2904	-70.25425	-85.00916	14.75491	0.1274756	0.4839375	0.5676682
2910	-71.37597	-85.22088	13.84491	0.2332924	1.067218	0.7386048
2916	-70.76877	-84.26808	13.4993	0.8271295	0.8294291	0.7386048
2922	-67.27948	-80.73766	13.45818	0.9349765	0.7826049	0.3302117
2928	-66.53668	-80.0413	13.50462	0.653395	1.067643	0.4437675
2934	-64.15353	-78.08036	13.92683	0.3578181	0.8413649	0.7798258
2940	-66.52844	-80.40645	13.87801	0.1548939	1.009992	0.8721884
2946	-65.71687	-79.15169	13.43482	0.06035018	1.854068	0.712187
2952	-65.67637	-79.50457	13.82821	0.4777083	0.912002	0.5947909
2958	-69.51942	-80.03809	10.51867	0.4331813	12.16136	0.516884
2964	-70.26544	-82.32741	12.06197	0.3441472	3.089692	0.1430351
2970	-66.88451	-78.39501	11.5105	0.6888552	4.20507	0.193186
2976	-68.13269	-80.56732	12.43463	0.6005175	2.725524	0.3381997
2982	-70.84831	-82.46111	11.6128	0.634496	3.952765	0.1824573
2988	-65.05112	-79.00217	13.95104	0.1420028	1.055688	0.3227455
2994	-68.24465	-80.65893	12.41428	0.2974184	3.067977	0.9317455
3000	-68.23189	-81.84753	13.61564	0.8756327	0.4745897	0.1708713
3006	-68.06707	-81.61524	13.54817	0.5367431	1.150186	0.4589893
3012	-67.22022	-80.08594	12.86571	0.5367431	2.037041	0.3536392
3018	-68.70431	-80.74416	12.03985	0.5367431	4.082958	0.5043925
3024	-66.9334	-80.30067	13.36727	0.04690098	2.028382	0.6691737
3030	-67.62557	-80.78095	13.15538	0.02197679	2.251023	0.8382662
3036	-68.05886	-81.15265	13.09379	0.03761389	2.551088	0.6814526
3042	-66.85321	-79.31805	12.46484	0.5199076	2.832149	0.7104159
3048	-69.52607	-81.0756	11.54953	0.650309	4.566871	0.9129431
3054	-65.11298	-77.94843	12.83545	0.08870559	1.199012	1.660741
3060	-63.09154	-75.13085	12.03931	0.0962837	5.35591	0.7025616
3066	-64.22608	-76.16177	11.93569	0.2314937	2.940278	1.453411
3072	-64.56246	-76.98647	12.42401	0.1615245	2.940278	1.109008
3078	-64.46627	-77.11193	12.64566	0.2531824	2.940278	0.7698307
3084	-63.55311	-76.79663	13.24352	0.3377872	1.541301	0.8786375
3090	-62.54444	-75.70307	13.15863	0.02437558	2.176997	0.8794796
3096	-67.16531	-80.97334	13.80803	0.03372381	0.4444851	1.658363
3102	-69.75757	-80.09692	10.33935	1.162931	8.589048	0.4990754
3108	-66.90996	-77.94545	11.03549	1.710904	2.172455	0.1254926
3114	-64.91931	-77.68622	12.76692	0.5168463	2.172455	0.3116916
3120	-68.26345	-79.77629	11.51284	0.4599383	5.986519	0.7081634
3126	-67.68583	-80.85087	13.16504	0.8047211	1.274174	0.5795059
3132	-69.56865	-84.05658	14.48793	0.4482499	0.3910105	0.7912123
3138	-67.82155	-81.12593	13.30438	0.4482499	1.434478	0.7597801
3144	-65.99392	-79.65522	13.6613	0.1795326	1.434478	0.5847897
3150	-70.11559	-81.96333	11.84774	0.7389477	4.01398	0.5847897
3156	-68.8132	-82.51678	13.70358	0.8836288	0.662946	0.3813764
3162	-64.54548	-77.99781	13.45233	0.4308607	1.383552	0.4331504
3168	-68.8409	-80.35091	11.51002	0.3459565	6.72792	0.4199506
3174	-66.20294	-79.86877	13.66583	0.3459565	1.155327	0.7145738
3180	-66.19713	-78.98024	12.7831	0.7154244	1.94785	0.4325043
3186	-69.01888	-82.79281	13.77392	0.7154244	0.7621966	0.4575182
3192	-69.48022	-80.97196	11.49174	0.5581814	5.205628	0.87569
3198	-65.30556	-77.85686	12.5513	0.3457389	3.202346	0.5174539
3204	-66.26466	-79.20222	12.93755	0.3457389	2.222682	0.3364153
3210	-70.3336	-82.86255	12.52896	0.9676126	1.459942	1.030665
3216	-71.31888	-84.39428	13.0754	1.498627	0.5097438	0.2150252
3222	-70.05946	-84.68334	14.62388	0.3689634	0.4189608	0.4226473
3228	-73.33742	-88.11922	14.7818	0.1361651	0.4189608	0.7404441
3234	-67.50493	-80.49475	12.98982	1.108841	0.6007229	0.1296028
3240	-66.17187	-79.40423	13.23236	0.4236325	1.529599	0.7963508
3246	-65.86248	-79.25709	13.3946	0.09262435	1.852271	0.7270442
3252	-64.7609	-78.68991	13.929	0.2602908	1.040802	0.4744215
3258	-66.2779	-80.67578	14.39788	0.08793309	0.7676741	0.5186703
3264	-71.08209	-83.37237	12.29028	0.336177	3.209177	0.9607818
3270	-71.20283	-84.81087	13.60804	0.0622518	1.346505	0.9434566
3276	-67.13439	-80.93654	13.80215	0.0781793	1.102255	0.9434566
3282	-64.91503	-78.43272	13.51769	0.1954993	1.620668	0.5551704
3288	-68.66323	-80.13254	11.46931	0.4279374	6.323723	0.3416726
3294	-69.01493	-80.53037	11.51544	0.2254546	7.274402	0.4226249
3300	-67.98797	-81.83467	13.8467	0.4777808	0.8848601	0.3929615
3306	-68.95755	-80.74389	11.78634	0.660054	4.32412	0.3552928
3312	-68.46018	-80.35011	11.88993	0.7446793	3.756838	0.3535625
3318	-72.96611	-82.17334	9.207236	0.5497063	22.29625	0.2650417
3324	-65.33625	-78.75229	13.41604	0.5900317	1.207175	0.3838458
3330	-68.6906	-82.06959	13.37898	0.5900317	1.250475	0.3838458
3336	-67.17096	-80.03109	12.86013	0.6043689	1.940725	0.3602337
3342	-66.94501	-79.8252	12.88019	0.6043689	1.823989	0.3083266
3348	-69.35481	-83.40062	14.04581	0.1786407	0.9690859	0.6500815
3354	-68.36104	-80.44641	12.08537	0.8072599	3.213927	0.4871065
3360	-65.02132	-79.37365	14.35233	0.3232576	0.6232918	0.4947175
3366	-67.98594	-79.96175	11.97581	0.4272719	4.635221	0.4947175
3372	-68.19717	-80.76272	12.56556	0.4272719	2.972978	0.4947175
3378	-65.61856	-79.10146	13.4829	0.2916258	1.414817	0.313114
3384	-66.95076	-79.45739	12.50663	0.2916258	3.422769	0.584612
3390	-68.69984	-82.55343	13.85359	0.2559377	1.017155	0.7643298
3396	-68.22313	-80.64466	12.42152	0.1425719	4.117141	0.5254364
3402	-66.81704	-81.32138	14.50433	0.2045734	0.5824524	0.3946217
3408	-67.54499	-80.25111	12.70611	0.2308121	2.302428	1.064187
3414	-65.03796	-77.84451	12.80654	0.3432674	2.620531	0.471865
3420	-63.7754	-76.53485	12.75945	0.1495314	3.107733	0.6259849
3426	-67.47311	-79.89291	12.41979	0.335311	2.819085	0.2038039
3432	-65.29271	-78.33769	13.04498	0.605489	1.301674	1.00118
3438	-63.83978	-76.80103	12.96125	0.3586615	2.280148	0.5302959
3444	-63.65157	-78.2285	14.57693	0.3586615	0.4506428	0.4239031
3450	-63.79358	-77.80571	14.01212	0.7720624	0.5421735	0.5814385
3456	-63.78525	-78.16316	14.37791	0.7720624	0.2853566	0.2809605
3462	-63.65131	-78.04453	14.39322	0.7445382	0.2904625	0.2809605
3468	-65.58295	-79.77071	14.18776	0.5486905	0.508649	0.2981834
3474	-65.25448	-78.95434	13.69986	0.1209851	1.331281	0.7776341
3480	-67.7561	-82.30101	14.54492	0.1339467	0.5214883	0.8260618
3486	-63.79434	-78.96368	15.16934	0.2120177	0.2480718	0.5175994
3492	-63.80905	-76.80694	12.99789	0.1765286	2.298244	0.8101931
3498	-64.95234	-77.94126	12.98892	0.1744145	2.566586	0.5879738
3504	-65.00836	-78.74704	13.73868	0.05701547	0.9627877	1.155118
3510	-64.67153	-78.37586	13.70433	0.3762455	1.135881	0.4047743
3516	-65.44835	-79.08116	13.63281	0.1175659	1.01801	1.146003
3522	-68.10375	-79.04751	10.94377	0.4713647	8.921968	0.6290432
3528	-66.10607	-79.82773	13.72166	0.5992484	0.8655402	0.6785053
3534	-67.6959	-79.65162	11.95572	0.4424119	4.586755	0.4075823
3540	-68.12337	-80.22998	12.10662	0.3273914	4.483481	0.4182321
3546	-63.15994	-75.97309	12.81315	0.2145389	2.477273	0.8781902
3552	-62.83464	-76.64831	13.81367	0.1989822	1.229868	0.4475065
3558	-66.6302	-76.9617	10.3315	0.8942826	8.904747	0.2368746
3564	-70.96242	-81.90781	10.94539	0.3624968	8.904747	0.8115013
3570	-76.18656	-85.99792	9.811361	0.3570491	15.71592	0.1864846
3576	-71.80781	-84.30368	12.49587	0.06856002	3.025186	0.1732776
3582	-71.21006	-84.46979	13.25973	1.538443	0.5408801	0.5031015
3588	-69.66299	-83.12874	13.46575	0.112102	1.809061	0.5956548
3594	-68.3598	-83.04439	14.68459	0.474201	0.2603651	0.8761411
3600	-65.27135	-79.47153	14.20019	0.4311877	0.5253511	0.8761411
3606	-66.45456	-79.89311	13.43855	0.8303526	0.9608824	0.5292388
3612	-66.3796	-80.34152	13.96192	1.045861	0.4149983	0.4478157
3618	-64.76228	-78.71246	13.95018	0.2879113	0.8235497	0.8653455
3624	-62.28747	-75.62399	13.33652	0.2016859	1.418061	1.021028
3630	-67.42736	-79.12765	11.70029	0.03873593	2.879983	1.78273
3636	-62.86483	-76.30213	13.4373	0.1527271	1.636996	0.2950296
3642	-64.56767	-77.94041	13.37274	0.4869345	1.403527	0.4114557
3648	-69.20182	-81.8766	12.67478	0.5290468	2.510196	0.4806502
3654	-65.7564	-79.22617	13.46977	0.7618402	0.98462	0.4191006
3660	-67.40612	-80.17805	12.77193	0.9581147	1.51245	0.3399924
3666	-66.57852	-79.91706	13.33854	0.8645966	0.8851673	0.2750092
3672	-68.19767	-81.89372	13.69605	0.7148643	0.8250726	0.5641665
3678	-68.45826	-79.96333	11.50507	0.9887049	3.73331	0.2452319
3684	-69.82749	-80.12425	10.29675	0.9887049	8.523194	0.2334033
3690	-69.91135	-81.47068	11.55933	0.03300283	7.456925	0.2899601
3696	-69.58524	-81.0416	11.45636	0.525316	5.369285	0.2393531
3702	-67.53089	-80.41143	12.88053	0.578765	1.971055	0.6451349
3708	-69.81437	-81.68876	11.87439	0.6642836	4.037533	0.3543051
3714	-73.8091	-83.83405	10.02495	1.094683	7.703438	0.1408736
3720	-67.54192	-80.11521	12.5733	1.094683	1.438228	0.2552107
3726	-70.56992	-82.92449	12.35457	1.094683	1.972632	0.3652504
3732	-66.30497	-79.93493	13.62996	0.2545445	1.36093	0.6236006
3738	-65.61862	-79.14029	13.52167	0.2133752	1.411162	0.8086692
3744	-69.49624	-81.46327	11.96703	0.1616923	3.743235	1.233829
3750	-70.30814	-80.1186	9.810461	0.8869457	14.14582	0.4447784
3756	-72.58774	-83.90894	11.3212	1.035264	4.789428	0.475327
3762	-69.82171	-81.62967	11.80796	0.9730284	3.434046	0.3947618
3768	-70.3234	-79.47488	9.15148	0.6374631	23.02218	0.3297543
3774	-64.83217	-79.24001	14.40784	0.2386003	0.5557154	0.7983419
3780	-66.75358	-80.76558	14.012	0.05568839	0.8563052	1.00839
3786	-65.24406	-79.75407	14.51001	0.0500661	0.7082689	0.4799638
3792	-67.25028	-80.27266	13.02237	0.6464002	1.575828	0.324398
3798	-66.27857	-78.81535	12.53678	0.6299051	1.923351	0.1872654
3804	-70.4262	-79.93154	9.505348	1.650016	9.426423	0.2452693
3810	-64.97106	-76.60799	11.63694	0.2052074	6.851504	0.5257292
3816	-66.4334	-77.13321	10.69981	0.6825473	9.273551	0.5257292
3822	-68.68879	-81.93358	13.24479	0.4362017	1.572382	0.3338134
3828	-66.6482	-79.57153	12.92333	0.2105798	2.655734	0.4783925
3834	-67.77833	-77.49164	9.713307	1.807565	6.050308	0.1498204
3840	-69.64132	-79.46328	9.821967	0.8159188	14.51994	0.6140459
3846	-65.58719	-79.43372	13.84653	0.3761003	0.9623098	0.6682587
3852	-66.69328	-81.18786	14.49459	0.04239953	0.619327	0.8186893
3858	-71.61099	-83.28848	11.67749	0.5028906	5.432107	0.5083695
3864	-70.09578	-82.07125	11.97547	0.3355948	4.851701	0.6294587
3870	-67.10401	-80.55532	13.45131	0.4032313	1.425416	0.5574251
3876	-64.16919	-75.96752	11.79833	0.554278	4.797041	0.4628299
3882	-62.97165	-75.68247	12.71082	0.3740437	2.602342	0.7197826
3888	-67.57262	-81.12043	13.54781	0.2457191	0.833179	1.276442
3894	-69.16039	-82.66845	13.50806	0.03176151	0.7265068	1.571457
3900	-67.84495	-78.75209	10.90714	0.408302	7.017142	1.17234
3906	-66.87438	-77.27322	10.39884	0.408302	12.77658	0.7021997
3912	-63.93275	-77.45808	13.52533	0.726909	0.9246031	0.6869033
3918	-68.90868	-80.39669	11.48801	0.3777289	6.299249	0.7599791
3924	-71.81289	-83.3799	11.56701	0.7650796	4.534826	0.7599791
3930	-65.55661	-78.92035	13.36374	0.3595601	1.607007	0.5518879
3936	-64.38319	-79.21657	14.83338	0.01358245	0.5103345	0.5016596
3942	-67.05822	-79.15985	12.10164	0.5705142	2.616225	1.162555
3948	-67.51638	-78.84755	11.33117	0.0555518	8.029078	0.9072113
3954	-63.86126	-77.51487	13.65362	0.2784034	1.273328	0.3582331
3960	-62.4118	-76.29283	13.88103	0.1167345	1.185569	0.6923856
3966	-66.20763	-80.30366	14.09603	0.1311684	1.00005	0.4588013
3972	-63.08469	-75.48279	12.39811	0.6316933	2.556682	0.8287427
3978	-61.84227	-75.55594	13.71367	0.06568044	1.334933	0.8287427
3984	-62.65224	-75.65909	13.00685	0.1798345	2.426195	0.693104
3990	-62.23827	-75.47407	13.2358	0.03415059	2.015174	0.8847593
3996	-65.27668	-76.88169	11.605	0.126331	4.462888	1.363688
4002	-65.70134	-78.13231	12.43097	0.6140198	2.573357	0.7986233
4008	-64.86446	-77.81835	12.95389	0.08556072	1.188247	1.584213
4014	-64.80279	-78.45587	13.65307	0.1503465	1.351035	0.7798906
4020	-63.9155	-77.54122	13.62571	0.02428204	1.656163	0.6644124
4026	-68.29363	-80.41631	12.12268	0.2523466	2.514924	1.44386
4032	-66.07098	-78.77289	12.7019	0.3654846	1.459695	1.397638
4038	-67.4547	-81.62624	14.17154	0.2266106	0.5432706	1.085952
4044	-68.85619	-79.65132	10.79513	1.219774	6.030112	0.4167414
4050	-70.04237	-79.9052	9.862833	1.219774	10.0879	0.2626348
4056	-69.11444	-77.63199	8.517551	1.219774	22.01367	0.2432325
4062	-67.42801	-79.87942	12.45141	0.2342415	3.175707	0.9117643
4068	-69.65098	-80.38985	10.73887	0.4896975	8.877661	0.9117643
4074	-63.90716	-77.90362	13.99646	0.149509	1.059711	0.3936331
4080	-66.70616	-77.44396	10.7378	0.8159569	6.961222	0.9583618
4086	-64.10088	-75.68186	11.58097	0.1338618	7.328806	0.6285211
4092	-71.29359	-81.6249	10.33131	1.444719	6.78813	0.3246559
4098	-68.61897	-78.64501	10.02604	0.9999306	11.05087	0.3249275
4104	-64.27145	-78.34162	14.07017	0.3293764	0.604875	0.995572
4110	-65.20034	-76.80437	11.60403	0.5640876	4.661768	0.9165765
4116	-65.96438	-78.99403	13.02965	0.7186917	1.567861	0.4412166
4122	-64.65355	-78.3394	13.68585	0.4634606	1.083033	0.4782464
4128	-68.13827	-79.77199	11.63372	0.3310691	6.147605	0.374926
4134	-70.14716	-81.52536	11.3782	0.5732212	6.147605	0.6773084
4140	-75.18047	-86.38247	11.202	0.8812679	5.296668	0.8041254
4146	-72.04555	-85.28914	13.24359	0.2642253	1.942946	0.5441052
4152	-73.05767	-84.01119	10.95352	0.3066218	9.160472	0.2782568
4158	-71.75798	-84.92264	13.16466	0.7130427	1.207691	0.8384841
4164	-70.71569	-84.06751	13.35182	0.7130427	1.006009	0.8384841
4170	-70.69248	-84.74296	14.05048	0.5064179	0.6850222	0.6427711
4176	-69.37757	-83.45525	14.07768	0.3306159	0.7918251	0.6735492
4182	-72.683	-84.0373	11.35429	1.132173	3.431227	1.014489
4188	-73.66243	-84.80459	11.14216	1.144915	4.898613	0.3727251
4194	-65.93383	-80.78085	14.84702	0.04718988	0.4212481	0.302336
4200	-68.36516	-80.58574	12.22057	0.2515798	3.939047	0.8295368
4206	-66.15688	-78.01805	11.86117	0.1066897	6.161315	0.384912
4212	-67.66185	-81.78958	14.12772	0.3184164	0.7440306	0.3360484
4218	-65.48385	-77.9163	12.43245	0.3184164	3.535611	0.4116558
4224	-66.62278	-80.54676	13.92398	0.08746342	1.236885	0.4763545
4230	-71.17342	-82.63646	11.46304	0.4053239	6.701241	0.439939
4236	-70.62568	-84.25733	13.63164	0.02089853	1.705232	0.4359
4242	-69.65542	-82.19222	12.5368	0.5833496	2.137332	0.9717535
4248	-70.13536	-84.25252	14.11716	0.7921649	0.4492428	0.3691975
4254	-68.03843	-81.19378	13.15535	0.9605781	1.080585	0.3765413
4260	-65.31179	-79.89724	14.58545	0.3275417	0.4499986	0.3765413
4266	-69.50205	-81.88033	12.37829	0.3219442	2.898693	1.017761
4272	-67.26704	-80.52071	13.25367	0.2995552	1.734163	0.74192
4278	-68.55573	-81.92207	13.36635	0.6933496	1.170332	0.4301776
4284	-66.42879	-79.79323	13.36444	0.6997621	1.170332	0.5580746
4290	-66.94784	-82.00122	15.05338	0.4657549	0.1968023	0.5613226
4296	-70.94341	-83.54574	12.60232	0.103925	3.687014	0.5613226
4302	-68.29061	-82.23916	13.94855	0.8935061	0.5090001	0.5619159
4308	-69.72779	-81.92578	12.19799	0.08510144	5.026565	0.5619159
4314	-69.14459	-80.44186	11.29727	0.8749029	5.422517	0.4298745
4320	-68.63142	-80.59534	11.96392	0.4516721	3.161391	1.177656
4326	-72.89371	-84.96567	12.07195	0.08098732	3.161391	1.392916
4332	-67.82072	-79.73589	11.91517	0.4744872	4.579533	0.6330942
4338	-72.59871	-83.53948	10.94077	1.006057	5.939584	0.7662376
4344	-70.50251	-83.14545	12.64294	1.006057	1.407252	0.234738
4350	-73.36563	-81.47675	8.111126	1.543027	19.83153	0.1566394
4356	-77.96606	-88.56614	10.60008	1.709225	4.131348	0.2238311
4362	-75.90051	-84.90012	8.999611	1.709225	10.60625	0.1590451
4368	-69.34674	-80.0905	10.74376	0.4084511	10.60625	0.4062565
4374	-68.70508	-78.04271	9.337621	1.172531	13.55278	0.2185057
4380	-69.49432	-79.39851	9.904196	0.6731521	14.91103	0.6523442
4386	-68.22008	-79.62528	11.4052	0.03881382	6.871669	1.084804
4392	-67.0137	-79.30137	12.28767	0.08558086	1.826619	1.723679
4398	-65.38982	-78.43845	13.04863	0.6067702	1.382852	0.9286336
4404	-71.99283	-83.08593	11.0931	1.07065	4.639328	0.9286336
4410	-73.34315	-82.80861	9.465463	1.07065	15.55099	0.5714325
4416	-73.70399	-84.7466	11.0426	1.318419	3.588743	1.078162
4422	-66.48064	-79.57196	13.09133	0.2865326	1.553917	1.078162
4428	-66.00566	-79.63702	13.63136	0.3011895	1.03558	0.9552913
4434	-68.69813	-80.31873	11.6206	0.5189926	5.590078	0.5035673
4440	-69.18779	-80.60869	11.42091	0.7357067	5.382186	0.6486892
4446	-69.31592	-79.28798	9.972056	0.9314315	12.21411	0.6590156
4452	-68.92294	-81.01109	12.08815	0.9314315	2.888394	0.4328206
4458	-67.74328	-79.17932	11.43604	0.3054961	7.15698	0.6487137
4464	-71.97924	-79.98679	8.007548	1.015065	34.1728	0.7836208
4470	-68.16641	-80.51037	12.34396	1.197086	1.892253	0.5247639
4476	-64.39713	-77.10186	12.70473	1.081576	1.383863	0.3033196
4482	-69.86215	-81.45142	11.58927	1.208699	2.896819	0.233753
4488	-66.83784	-79.20269	12.36485	1.208699	1.357765	0.1924233
4494	-72.1599	-82.33093	10.17103	1.586494	2.031698	0.03605669
4500	-73.51322	-84.28005	10.76683	0.5433959	9.232659	0.7279704
4506	-69.50051	-82.38284	12.88233	0.3842959	1.889027	0.9702836
4512	-64.53467	-78.53172	13.99705	0.829072	0.5223151	0.5276319
4518	-64.80363	-79.28618	14.48255	0.3385388	0.5223151	0.4450977
4524	-67.06526	-79.07796	12.0127	0.05209794	4.218984	1.150271
4530	-65.14788	-77.88243	12.73455	0.2019992	3.08787	0.5655283
4536	-63.84035	-77.47723	13.63689	0.2357861	1.320554	0.7118735
4542	-66.9728	-80.60822	13.63541	0.1517249	1.320554	0.8335182
4548	-70.37248	-83.78618	13.4137	0.3511053	0.5222993	1.618836
4554	-72.45106	-85.28498	12.83392	0.459291	1.869428	0.9551847
4560	-70.02369	-82.84497	12.82127	0.459291	2.214468	0.7214726
4566	-70.64977	-83.07971	12.42994	0.2279703	3.633744	0.7187087
4572	-70.07681	-83.28439	13.20758	0.3028915	1.906204	0.6156668
4578	-67.16303	-79.91775	12.75472	0.09168527	2.719733	0.9506582
4584	-65.54948	-79.59912	14.04964	0.06397065	0.9675655	0.826073
4590	-66.5187	-78.95628	12.43759	0.003477896	4.478356	0.5723164
4596	-65.14556	-79.46408	14.31852	0.02913613	0.7890966	0.2983528
4602	-64.40545	-78.17734	13.77189	0.003080215	1.540588	0.4866521
4608	-64.89119	-78.17559	13.2844	0.09903272	2.117572	0.3930386
4614	-63.77137	-77.37047	13.59909	0.06418393	1.647473	0.6489814
4620	-67.50747	-80.07902	12.57156	0.7887302	2.20803	0.4963585
4626	-67.22184	-79.62757	12.40573	0.939862	2.20803	0.4190487
4632	-66.75593	-78.68571	11.92978	0.2917083	5.254042	0.5583435
4638	-68.3625	-81.73115	13.36865	0.5353089	1.326677	0.3803478
4644	-70.62681	-85.53852	14.91171	0.01614326	0.360729	0.8776477
4650	-71.52582	-83.77441	12.24859	0.2142615	3.285167	1.090974
4656	-66.72936	-79.55838	12.82902	0.1264656	2.458756	0.9671231
4662	-66.67098	-80.56959	13.8986	0.09171497	0.9241234	1.011732
4668	-70.79974	-82.81442	12.01468	0.2547544	5.000605	0.6278547
4674	-72.12069	-84.02216	11.90146	0.2585095	5.000605	0.8098736
4680	-69.64253	-84.1026	14.46007	0.2652013	0.5070862	0.7959894
4686	-75.02048	-86.92227	11.90179	0.3772345	4.768432	0.7351166
4692	-69.19503	-83.32247	14.12744	0.2448606	0.7487628	0.8097861
4698	-69.7861	-82.27182	12.48572	0.9984198	1.21662	0.1413987
4704	-67.97868	-79.94439	11.96571	1.233529	1.583126	0.1413987
4710	-68.53179	-80.34425	11.81246	0.6696341	4.279171	0.6345874
4716	-68.22449	-82.4287	14.2042	0.2959432	0.7317598	0.6345874
4722	-66.65366	-80.10496	13.4513	0.121262	1.824324	0.5811058
4728	-71.5254	-84.70871	13.18331	0.6616467	1.425417	0.4165147
4734	-68.27652	-81.87193	13.59541	0.3908063	1.013564	0.2323191
4740	-66.81216	-81.80707	14.99492	0.2336882	0.1174632	0.1366387
4746	-63.76148	-77.63755	13.87607	0.2161485	1.104775	0.3749092
4752	-64.84921	-77.3515	12.50229	0.387828	3.220864	0.5055405
4758	-67.76237	-77.8663	10.10393	0.6254713	13.32321	0.331738
4764	-64.38429	-78.18118	13.79689	0.3010236	1.139719	0.4977168
4770	-64.00319	-77.71247	13.70928	0.0732336	1.229363	0.9268342
4776	-63.43465	-76.15781	12.72316	0.4618904	2.53462	0.4407623
4782	-63.96397	-78.04305	14.07908	0.4618904	0.7223232	0.5316553
4788	-65.82252	-77.37305	11.55054	0.4618904	6.098094	0.4702722
4794	-62.76064	-76.71003	13.94939	0.4081427	0.8470063	0.6462145
4800	-64.52661	-77.5496	13.02299	0.05304328	2.348524	0.8974009
4806	-66.71439	-77.9068	11.1924	0.7741806	5.097222	0.9971229
4812	-66.20759	-80.70406	14.49647	0.312157	0.5310891	0.5515902
4818	-67.81388	-81.01901	13.20513	0.312157	1.925049	0.5515902
4824	-70.14073	-81.70321	11.56247	0.2550974	5.48291	1.041982
4830	-71.98508	-83.25567	11.27059	0.1977717	8.737979	0.4414402
4836	-64.93158	-76.9409	12.00932	0.5112342	4.255202	0.4981834
4842	-65.21756	-79.20269	13.98513	0.8158441	0.5193499	0.3849646
4848	-67.367	-79.55504	12.18804	0.8158441	2.682071	0.2942378
4854	-67.03316	-78.74023	11.70707	0.8158441	4.203074	0.4198303
4860	-66.31232	-79.78004	13.46772	0.4538269	1.334514	0.4315607
4866	-70.43285	-81.15902	10.72617	0.623023	5.513946	1.430644
4872	-65.19574	-77.7819	12.58616	0.2351888	3.394819	0.4843427
4878	-67.40547	-81.4723	14.06684	0.07442715	1.01866	0.3344255
4884	-65.53044	-78.39483	12.86438	0.1718856	2.868948	0.4707842
4890	-65.09897	-78.73616	13.63719	0.1847251	1.454974	0.4149288
4896	-73.81301	-85.74693	11.93392	0.6359494	3.617729	0.8488804
4902	-74.68479	-86.19166	11.50687	1.181207	3.617729	0.6756738
4908	-68.41748	-79.16468	10.7472	1.074644	5.040967	0.1588566
4914	-70.86381	-81.8615	10.99769	1.831171	1.788381	0.1039722
4920	-72.48312	-84.1419	11.65877	0.4435633	5.303959	0.7754761
4926	-65.26944	-77.60795	12.33852	0.6231147	2.915933	0.6862357
4932	-66.50405	-77.02605	10.52201	0.9088707	8.720824	0.3606986
4938	-62.35829	-74.88335	12.52506	0.2960622	3.390403	0.5356906
4944	-64.30272	-78.2031	13.90037	0.4360734	0.8819201	0.4108549
4950	-67.1989	-79.31829	12.11938	0.5209559	3.825612	0.6170464
4956	-67.98747	-81.11218	13.12471	0.34297	2.008461	0.5516778
4962	-67.9997	-81.76385	13.76416	0.1486411	1.352111	0.5516778
4968	-64.3602	-77.60689	13.24669	0.5154162	1.429865	0.3123589
4974	-64.3188	-78.6004	14.28159	0.1843618	0.7483715	0.3656402
4980	-67.57543	-81.12834	13.55291	0.1837004	1.108717	1.079822
4986	-66.49064	-80.23089	13.74025	0.1058719	0.8999937	1.168994
4992	-65.89613	-79.63849	13.74236	0.5945964	0.8820888	0.4124873
4998	-65.70839	-80.03728	14.32889	0.6026593	0.4582301	0.459029
5004	-71.29693	-83.29765	12.00072	1.361462	1.590823	0.1811831
5010	-70.03859	-80.70417	10.66559	1.361462	4.294423	0.1550405
5016	-66.18404	-77.61903	11.43499	1.190458	3.937223	0.5084302
5022	-64.17576	-76.81717	12.64142	0.7541713	2.051463	0.679333
5028	-67.70677	-79.92819	12.22142	0.001853943	5.234382	0.5734662
5034	-65.20486	-79.10471	13.89984	0.01598335	0.9626186	1.045091
5040	-67.73336	-82.82487	15.09152	0.009575867	0.36623	0.4389765
5046	-69.15056	-81.99215	12.84159	0.169928	2.902022	0.5816095
5052	-70.96294	-80.999	10.03606	0.5841403	14.67811	0.4018743
5058	-72.60875	-82.32158	9.71283	0.9212206	14.67811	0.4380664
5064	-72.78601	-85.34509	12.55908	0.7436429	2.019849	0.2658842
5070	-66.91084	-79.52578	12.61493	0.7636208	1.991964	0.3053858
5076	-66.62618	-79.11974	12.49355	0.3078039	3.431769	0.5584851
5082	-66.77502	-77.69649	10.92147	0.9300308	6.326841	0.7712952
5088	-65.29569	-77.29884	12.00315	0.08215139	5.606259	0.6755567
5094	-63.57122	-76.36308	12.79186	0.3214612	2.52258	0.7357495
5100	-68.31975	-81.38773	13.06797	0.4819837	1.591201	0.8738816
5106	-67.40773	-80.69369	13.28596	0.4132195	0.9927885	1.212263
5112	-67.20936	-79.63076	12.4214	0.6809261	2.431053	0.2789033
5118	-65.50201	-77.97236	12.47034	0.8041133	2.250153	0.3426799
5124	-63.94647	-77.25124	13.30477	0.5391782	1.435208	0.5711814
5130	-70.17817	-80.20392	10.02574	0.5453693	15.24261	0.5661391
5136	-64.99771	-78.34277	13.34507	0.2997103	1.43901	0.8924665
5142	-69.88347	-80.77901	10.89554	0.4654437	7.478238	1.044049
5148	-69.01908	-79.74423	10.72515	0.3895398	9.668552	0.8904684
5154	-66.43293	-79.48253	13.04961	0.07338748	1.880811	1.113426
5160	-70.54746	-82.98495	12.4375	0.7711659	1.737962	1.11797
5166	-68.08665	-80.63378	12.54713	0.05961522	2.868996	1.11797
5172	-70.80129	-83.36897	12.56768	0.8195525	2.065187	0.3548069
5178	-70.6764	-82.50299	11.82659	0.8195525	2.736656	1.13594
5184	-69.01427	-80.57456	11.56029	0.5429796	4.150126	1.13594
5190	-70.85419	-83.80586	12.95167	0.5429796	1.46897	1.025964
5196	-70.97354	-84.10689	13.13335	0.6469713	1.404915	0.7523319
5202	-69.04479	-81.96933	12.92454	0.6469713	1.823541	0.4224622
5208	-68.79346	-81.12106	12.3276	0.2353149	3.418226	0.9413167
5214	-67.7469	-79.83379	12.08688	0.3024259	3.883575	0.9463321
5220	-69.57008	-81.68296	12.11289	0.4914724	3.299241	0.9463321
5226	-65.63734	-78.8003	13.16295	0.1010746	2.381988	0.4529922
5232	-65.49141	-77.64004	12.14863	0.5105889	3.837931	0.5172606
5238	-65.51347	-77.39784	11.88437	0.6301905	3.827198	0.8246958
5244	-67.14972	-78.84835	11.69864	0.1295575	4.35531	1.313071
5250	-65.76102	-78.64003	12.87901	0.01709647	3.155281	0.6085035
5256	-68.21437	-80.06903	11.85466	0.004245963	6.762167	0.5457223
5262	-71.00766	-82.40125	11.3936	1.097451	4.283842	0.6078263
5268	-75.71812	-87.44355	11.72543	0.1608261	5.814426	0.8825499
5274	-66.73866	-81.08696	14.34829	0.2323964	0.6655333	0.3766447
5280	-71.7392	-82.93225	11.19305	0.4970053	7.334276	0.6789141
5286	-73.11614	-85.46439	12.34825	0.1254753	3.942497	0.2736422
5292	-73.70292	-83.23654	9.533619	0.8807347	13.07731	0.1698397
5298	-74.20739	-84.14606	9.938665	0.8807347	13.07731	0.4199115
5304	-72.84668	-85.2459	12.39923	0.4346156	3.200847	0.7015089
5310	-69.01494	-83.5641	14.54915	0.04750656	0.6092402	0.7566825
5316	-69.14863	-82.18581	13.03718	0.279062	1.479188	1.182263
5322	-67.28052	-80.48215	13.20163	0.4312813	1.479188	0.8713633
5328	-66.35448	-80.0473	13.69282	0.0839533	1.479188	0.6621528
5334	-67.08095	-79.93628	12.85533	0.1102184	2.541498	0.912907
5340	-64.86381	-78.45421	13.5904	0.2284497	1.123623	0.986797
5346	-68.19757	-80.87009	12.67252	0.0409794	3.594552	0.640386
5352	-66.22438	-78.60186	12.37748	0.5201979	2.58357	0.9638584
5358	-65.83752	-78.55503	12.71751	0.242909	2.58357	0.8959646
5364	-66.64197	-78.02827	11.3863	0.1746983	8.224219	0.4401746
5370	-69.05859	-79.48261	10.42402	0.2860863	13.95579	0.4149577
5376	-65.1703	-79.82003	14.64973	0.320051	0.4387513	0.5050065
5382	-66.68987	-78.77224	12.08237	0.4523597	4.209964	0.5137926
5388	-70.97021	-83.15574	12.18553	0.3643937	4.155135	0.5395884
5394	-72.72207	-84.08306	11.36099	0.2389167	5.371986	1.260572
5400	-78.74712	-88.95101	10.2039	0.5393152	8.884651	1.350117
5406	-74.86145	-86.95788	12.09643	0.2409772	3.15097	1.247801
5412	-75.22286	-87.28019	12.05734	1.500555	0.5050846	0.05622715
5418	-74.69127	-86.6772	11.98593	1.500555	1.178262	0.1354406
5424	-74.51029	-86.3753	11.865	1.500555	0.7995115	0.07192948
5430	-69.49544	-80.27348	10.77804	0.8978183	7.307152	0.3337749
5436	-72.49242	-82.79591	10.30349	0.09945809	16.91314	0.4954928
5442	-73.33703	-81.50867	8.17164	1.106264	27.97929	0.2310214
5448	-72.98002	-83.32514	10.34513	0.5358919	12.61882	0.428742
5454	-75.32729	-86.91769	11.5904	0.4016622	4.970861	1.006867
5460	-73.07432	-84.64167	11.56734	0.4697094	4.970861	0.2169811
5466	-67.73723	-81.50646	13.76923	0.0539406	1.374189	0.3283957
5472	-75.33699	-88.00887	12.67188	0.384154	2.118575	1.045746
5478	-70.73184	-84.2975	13.56567	0.2048053	1.536647	0.5646246
5484	-67.13708	-79.66283	12.52575	0.7872193	2.239336	0.3865482
5490	-66.86657	-78.9598	12.09324	0.1319485	5.0744	0.6784386
5496	-68.30122	-81.17899	12.87776	0.5508175	1.865654	0.8000549
5502	-68.59332	-81.88296	13.28964	0.2182254	1.865654	0.676657
5508	-67.59987	-82.50428	14.90441	0.03035911	0.4357904	0.6559699
5514	-71.30681	-84.07778	12.77097	1.155215	1.16006	0.2716314
5520	-70.53986	-81.60222	11.06236	1.446622	3.068505	0.1638065
5526	-71.33174	-81.87864	10.5469	1.446622	3.068505	0.08327623
5532	-78.56668	-88.75	10.18332	0.98344	9.682983	0.8252112
5538	-74.38628	-85.15785	10.77157	0.3874709	10.23549	0.3357556
5544	-73.89524	-85.11291	11.21767	0.1476352	9.383219	0.502884
5550	-67.8605	-79.91581	12.05531	0.4896044	3.060994	1.099262
5556	-65.15172	-78.40391	13.25219	0.09695071	1.920269	0.8580184
5562	-66.2136	-81.44336	15.22976	0.04689627	0.2806875	0.6148386
5568	-67.11897	-82.55643	15.43746	0.0860792	0.1968526	0.5354901
5574	-67.45618	-79.4358	11.97962	0.05885594	3.945117	1.250597
5580	-68.21816	-79.60582	11.38765	0.3697403	6.933706	0.7083165
5586	-69.82133	-81.5254	11.70407	0.03844641	5.158477	1.188552
5592	-69.63631	-81.49632	11.86001	0.5076458	4.714683	0.4266947
5598	-67.47285	-82.53897	15.06612	0.07195116	0.3517434	0.5244341
5604	-73.25569	-83.72867	10.47298	0.1970022	10.93946	1.137532
5610	-66.17909	-81.2644	15.08532	0.06527665	0.3462754	0.4905142
5616	-66.74149	-79.28804	12.54655	0.375443	3.108503	0.5881299
5622	-66.87794	-79.75784	12.8799	0.02454527	3.108503	0.3848225
5628	-68.03673	-82.07869	14.04196	0.01092098	1.12872	0.6847333
5634	-65.27885	-78.05756	12.77872	0.0007687265	3.383065	0.3620894
5640	-65.61483	-78.57171	12.95688	0.0104141	2.995345	0.5949887
5646	-69.6436	-82.10404	12.46043	0.06434684	3.821937	0.8139374
5652	-65.04662	-78.21992	13.1733	0.4343222	1.680549	0.7118084
5658	-65.52465	-78.80409	13.27943	0.08221862	2.13497	0.6525721
5664	-71.59836	-85.69745	14.09909	0.5264055	0.6228245	0.3570716
5670	-68.7226	-81.31366	12.59106	0.178927	3.531848	0.502527
5676	-67.63499	-81.69654	14.06155	0.01462905	1.051928	0.763534
5682	-67.75559	-80.32516	12.56957	0.2782794	2.590803	1.010837
5688	-67.33995	-80.77909	13.43914	0.2871008	1.5896	0.5892949
5694	-65.42607	-78.57763	13.15156	0.1333165	2.323574	0.5884022
5700	-65.59036	-78.26945	12.67909	0.1333165	3.324374	0.6481198
5706	-68.31919	-80.81201	12.49281	0.2395727	3.324374	0.7820528
5712	-69.52988	-82.28045	12.75056	0.2005	1.90817	1.248112
5718	-66.3879	-78.34843	11.96053	0.8354138	3.381435	0.6351871
5724	-66.09239	-78.48703	12.39464	0.3823006	3.393007	0.6665787
5730	-67.70492	-79.52548	11.82057	1.145695	2.430742	0.2135737
5736	-66.53635	-79.1982	12.66185	0.6479469	2.127862	0.3127917
5742	-63.89328	-77.49632	13.60304	0.7346425	0.8724273	0.3920708
5748	-67.58954	-78.75389	11.16435	0.7346425	6.412844	0.3688966
5754	-65.83086	-77.72598	11.89512	0.524568	4.577737	0.4816607
5760	-67.87988	-79.19668	11.31681	0.9998025	4.891462	0.4272851
5766	-65.48776	-78.39264	12.90488	0.4547869	2.138771	0.6522812
5772	-68.24663	-79.13372	10.88708	0.5246102	6.580406	1.171288
5778	-64.76589	-76.87621	12.11032	0.6889315	3.452836	0.5150023
5784	-69.83385	-81.75572	11.92187	0.01515443	6.367408	0.4202535
5790	-66.19746	-78.05171	11.85425	0.02395215	6.689766	0.4837406
5796	-63.76635	-76.29892	12.53257	0.01495737	2.559372	1.290775
5802	-65.16326	-78.02382	12.86056	0.009053336	3.017281	0.7645494
5808	-66.05231	-79.54975	13.49744	0.359364	0.941773	1.12005
5814	-66.17134	-78.58727	12.41593	0.08222852	2.456668	1.370674
5820	-65.20908	-78.3815	13.17241	0.3846777	1.868111	0.4982382
5826	-68.90112	-81.19586	12.29474	0.6938754	2.982948	0.4982382
5832	-66.12594	-77.61278	11.48685	0.4241025	6.544979	0.4982382
5838	-65.52968	-79.84916	14.31948	0.0584587	0.5352615	1.115975
5844	-69.54634	-81.15048	11.60415	0.02562616	7.296823	0.7863295
5850	-71.72497	-83.83101	12.10604	0.2732427	4.571741	0.3674772
5856	-66.67642	-80.54598	13.86956	0.1103868	1.275679	0.498213
5862	-68.4011	-81.16132	12.76022	0.4578224	2.212	0.8133076
5868	-68.8595	-80.2056	11.34611	0.4578224	5.460317	1.060597
5874	-66.81727	-79.83221	13.01494	0.04047292	2.731031	0.6645063
5880	-66.56193	-78.98201	12.42008	0.2954483	3.680523	0.5024351
5886	-69.47989	-80.90993	11.43004	0.6567841	2.604413	1.625678
5892	-69.37563	-80.98922	11.6136	0.5433455	5.067052	0.7891787
5898	-69.24714	-83.37354	14.1264	0.2312562	0.551126	1.111921
5904	-63.77959	-77.4493	13.66971	0.3460067	1.038826	0.8590114
5910	-70.45145	-83.95062	13.49917	0.13007	1.434161	0.9139923
5916	-67.70645	-80.61349	12.90704	0.1597616	2.430793	0.859437
5922	-64.88745	-77.76241	12.87496	0.06627439	3.014744	0.6416747
5928	-65.45929	-77.64717	12.18789	0.6573726	3.014744	0.2865138
5934	-67.51715	-77.99261	10.47546	1.101834	5.418557	0.1300519
5940	-66.26395	-77.75934	11.49539	0.2614125	6.783699	0.7600751
5946	-64.42634	-76.34263	11.91629	0.1326378	5.251117	0.8623788
5952	-69.37899	-79.569	10.19001	0.3480614	15.4221	0.6106815
5958	-69.58372	-82.08948	12.50576	1.463987	1.102513	0.2664541
5964	-66.76895	-79.6104	12.84145	0.8553876	1.194563	0.1885704
5970	-67.66348	-79.91096	12.24748	0.4162129	2.950794	0.1927487
5976	-64.87106	-77.90617	13.03511	0.1133116	2.111173	0.2182838
5982	-64.38164	-78.83328	14.45164	0.08485616	0.7273391	0.4955554
5988	-69.51042	-82.20083	12.69041	0.4749441	2.511583	0.6520048
5994	-67.19547	-79.55443	12.35895	0.1965806	4.009522	0.363822
6000	-68.42986	-82.45239	14.02253	0.1965806	0.5699047	1.208521
6006	-70.77052	-82.64852	11.878	1.622938	1.600229	0.2318904
6012	-72.04832	-85.23243	13.18412	1.622938	0.2778724	0.1509865
6018	-68.9667	-78.53085	9.564148	1.386344	8.543892	0.1386627
6024	-70.02797	-83.08639	13.05841	0.5007868	1.864583	0.5065109
6030	-67.53662	-79.74604	12.20942	0.3324565	4.179444	0.5404954
6036	-65.71051	-78.83446	13.12395	0.09268217	2.484172	0.4806711
6042	-66.4558	-78.74772	12.29192	0.3631383	3.850523	0.5136861
6048	-66.93809	-79.54234	12.60425	0.04372422	3.850523	0.441406
6054	-66.82465	-79.54126	12.71661	0.01186007	3.570025	0.3919572
6060	-69.2123	-81.18612	11.97382	0.2706818	4.303503	0.9526578
6066	-63.97129	-77.41107	13.43978	0.4831904	1.321189	0.605747
6072	-63.81166	-77.60578	13.79411	0.0856425	1.357598	0.6412415
6078	-63.17551	-77.21884	14.04332	0.3142922	0.8773142	0.4692162
6084	-64.56817	-77.89896	13.33079	0.4191318	1.573443	0.4692162
6090	-63.78514	-75.91088	12.12573	0.1642018	4.815262	0.6942979
6096	-63.75459	-76.5676	12.81301	0.2277233	2.658209	0.7476639
6102	-68.3652	-80.74523	12.38003	0.2369812	2.658209	1.193276
6108	-70.31167	-83.01557	12.7039	0.4827542	2.398888	0.7169029
6114	-70.77932	-84.49552	13.7162	1.045162	0.5328063	0.3586934
6120	-71.80433	-83.55513	11.7508	0.2588431	5.783222	0.324562
6126	-66.02514	-79.20557	13.18043	0.1570979	1.781981	0.9664412
6132	-67.95163	-80.79454	12.84292	0.0586298	3.127967	0.6237394
6138	-66.51659	-79.63822	13.12163	0.8156914	1.282382	0.3759211
6144	-65.94944	-79.23066	13.28123	0.2537958	1.282382	1.125269
6150	-65.10731	-79.27757	14.17025	0.104056	0.929116	0.3883861
6156	-65.64197	-78.71864	13.07668	0.8318158	1.363417	0.4870002
6162	-67.21718	-78.96217	11.74499	0.6539125	4.450875	0.694063
6168	-64.18234	-78.40656	14.22422	0.3079319	0.6842145	0.694063
6174	-68.14838	-79.67554	11.52715	0.3921667	6.501639	0.4740451
6180	-65.37516	-78.42562	13.05046	0.09269219	2.634422	0.5300798
6186	-70.01457	-83.49309	13.47851	0.4459911	1.337777	0.550284
6192	-68.88344	-80.30899	11.42555	1.133684	3.547234	0.2441887
6198	-66.83436	-79.13065	12.29629	0.9740118	2.35455	0.4249827
6204	-64.44548	-77.87113	13.42565	0.7623094	1.033313	0.4326533
6210	-73.90235	-85.05944	11.15709	0.5351632	6.492353	0.9203568
6216	-68.3558	-80.78629	12.43049	0.01169817	3.479869	1.039667
6222	-70.37778	-83.11924	12.74146	0.08775113	1.383013	1.619853
6228	-62.27321	-76.05096	13.77775	0.0376473	1.383013	0.7243535
6234	-64.45929	-76.98229	12.523	0.104741	3.707716	0.7243535
6240	-67.43661	-79.96771	12.5311	0.09296678	3.89936	0.5899956
6246	-70.38868	-80.4016	10.01292	0.5400597	15.46361	0.5319234
6252	-68.94342	-82.28106	13.33764	0.07170624	2.113924	0.4628141
6258	-67.98679	-81.79174	13.80495	0.8391727	0.6458457	0.496568
6264	-66.28861	-80.46612	14.17752	0.7030004	0.4900151	0.5045572
6270	-68.92008	-81.1454	12.22532	0.2332325	4.427789	0.4406558
6276	-67.09704	-80.20465	13.10761	0.7957337	1.258211	0.315705
6282	-65.19042	-77.79049	12.60007	1.321798	1.258211	0.3327803
6288	-65.27629	-76.96436	11.68807	0.7027973	4.506416	0.3566487
6294	-68.23225	-79.30177	11.06951	0.5386094	7.533268	0.7487137
6300	-64.95798	-79.20158	14.2436	0.0447645	0.7441232	0.9165661
6306	-71.36516	-84.87693	13.51178	0.01042615	1.865336	0.3766169
6312	-68.40188	-81.3803	12.97843	0.01365054	2.442828	0.9369631
6318	-64.13686	-76.32781	12.19095	0.09421471	4.908617	0.6513805
6324	-62.8363	-76.25482	13.41852	0.4989771	1.305008	0.6513805
6330	-67.92761	-80.77277	12.84516	0.8443255	1.660347	0.5339006
6336	-68.44966	-82.58295	14.13329	0.2664678	0.8197597	0.6200138
6342	-69.02182	-84.38358	15.36175	0.08848767	0.2228579	0.5075999
6348	-69.09556	-83.63232	14.53676	0.1509968	0.6082097	0.5717814
6354	-65.30386	-79.67422	14.37036	0.1509968	0.731902	0.5717814
6360	-67.33757	-79.78089	12.44332	0.1509968	4.001749	0.5717814
6366	-68.8395	-79.59565	10.75615	0.1509968	12.43225	0.5717814
6372	-65.05304	-78.8847	13.83166	0.1509968	1.261166	0.5717814
6378	-69.31831	-80.76886	11.45055	0.1509968	7.999625	0.5717814
6384	-65.45092	-79.75069	14.29977	0.1509968	0.7895263	0.5717814
6390	-65.72737	-79.90817	14.1808	0.1509968	0.8941061	0.5717814
6396	-66.82458	-79.50332	12.67874	0.1509968	3.350074	0.5717814
6402	-65.72902	-79.78488	14.05586	0.1509968	1.01465	0.5717814
6408	-66.43408	-80.30126	13.86718	0.1509968	1.219369	0.5717814
6414	-72.84665	-84.01254	11.16589	0.1219373	9.825016	0.5541186
6420	-74.59749	-86.68153	12.08404	0.6699181	3.52431	0.4090955
6426	-75.00576	-89.59052	14.58477	0.6699181	0.2938091	0.5865783
6432	-67.14319	-81.07039	13.92721	0.2786426	0.8845895	0.8205642
6438	-65.76636	-80.13051	14.36415	0.3923231	0.5676569	0.5163986
6444	-73.97835	-86.75144	12.77309	0.5097226	2.063441	0.8361051
6450	-75.47081	-86.85022	11.3794	0.1703799	7.506528	0.2693086
6456	-72.2423	-83.86076	11.61846	1.888062	0.5788227	0.06044873
6462	-73.5962	-82.93322	9.337019	0.6424633	15.08929	0.1283306
6468	-67.87775	-79.87965	12.0019	1.029153	2.738656	0.3402258
6474	-67.59987	-80.67448	13.07462	0.2121758	2.314314	0.5977118
6480	-66.15569	-80.85563	14.69994	0.707652	0.2367114	0.5496981
6486	-65.22294	-78.75415	13.5312	0.707652	0.8891758	0.3023486
6492	-64.81071	-78.33778	13.52707	0.03426694	1.861268	0.500289
6498	-66.53762	-78.87137	12.33375	0.3701398	3.660206	0.6038661
6504	-64.47742	-78.22633	13.74891	0.04828274	1.420603	0.7062852
6510	-67.70848	-78.8791	11.17062	0.3019715	8.400233	0.7004911
6516	-64.60609	-78.98506	14.37896	0.590166	0.4219507	0.3847564
6522	-66.23859	-80.96444	14.72585	0.3593737	0.3383453	0.3234118
6528	-67.02013	-81.22323	14.2031	0.3231055	0.6170581	0.8363896
6534	-68.02992	-81.33423	13.30431	0.242462	1.74051	0.7454258
6540	-71.60443	-84.30535	12.70092	0.5233455	1.926706	0.9901026
6546	-70.402	-83.46455	13.06255	0.3118272	1.926706	0.8220296
6552	-66.7401	-80.58842	13.84832	0.3845378	0.6417194	1.104985
6558	-65.12387	-78.87279	13.74892	0.1360355	0.5972296	1.444528
6564	-67.23322	-78.79408	11.56086	0.4723724	3.937536	1.257106
6570	-66.56096	-79.40354	12.84258	0.3356857	2.339157	0.7760899
6576	-64.61234	-77.16131	12.54897	0.2395747	3.193826	0.7760899
6582	-68.98403	-82.08012	13.0961	0.4050491	0.7824827	1.549159
6588	-73.23262	-88.15451	14.92188	0.1937603	0.1680756	1.179706
6594	-73.3576	-84.57118	11.21358	0.9434894	5.462613	0.5932001
6600	-66.62979	-78.56288	11.93309	0.8188734	3.257658	0.2908327
6606	-66.23421	-78.6593	12.42509	0.4720118	2.442911	0.1920898
6612	-66.18355	-78.11964	11.93608	0.6987936	2.848005	0.1716583
6618	-64.5368	-77.79505	13.25825	0.09584851	1.505783	1.131659
6624	-64.73052	-77.20183	12.47131	0.0004255603	4.404087	0.5308945
6630	-66.57768	-78.98129	12.40362	0.05191467	3.487505	1.023929
6636	-66.37278	-78.4779	12.10512	0.2705956	4.182548	0.8486539
6642	-64.28178	-77.83156	13.54978	0.1041903	1.709596	0.4532272
6648	-67.32229	-80.69263	13.37033	0.2572478	1.754731	0.4738231
6654	-69.10749	-79.87669	10.7692	0.3584017	10.45428	0.337884
6660	-67.36237	-79.7435	12.38113	0.1673121	3.933562	0.724934
6666	-70.91235	-80.3649	9.452551	1.469082	11.42418	0.2851604
6672	-65.5037	-79.79556	14.29186	0.5631124	0.4748095	0.356389
6678	-68.05923	-80.66406	12.60483	0.02253191	3.898534	0.4280267
6684	-64.94573	-79.4057	14.45996	0.07529916	0.6006942	0.8541239
6690	-70.33715	-82.196	11.85885	0.129389	6.17768	0.5623421
6696	-67.10036	-81.14621	14.04585	0.7280215	0.5212143	0.6855645
6702	-66.44027	-79.53722	13.09695	0.06621972	1.453216	1.325792
6708	-65.00578	-79.2893	14.28352	0.152631	0.5700527	1.010323
6714	-68.22888	-81.8316	13.60272	0.3619731	1.247872	0.6520442
6720	-65.87238	-78.68815	12.81578	0.6405166	1.993075	0.6213513
6726	-66.65029	-79.73095	13.08065	0.4277144	1.35628	1.09502
6732	-74.02314	-85.79125	11.76811	0.6266964	2.448349	1.453897
6738	-67.62415	-81.07214	13.44799	0.09138953	1.663483	0.8262056
6744	-69.08267	-83.56159	14.47892	0.01349858	0.5049857	1.054991
6750	-69.67462	-81.9222	12.24758	0.03204571	4.335403	0.9036446
6756	-71.14034	-84.24094	13.1006	0.3883731	1.566569	0.9601241
6762	-67.6009	-80.64091	13.04001	0.1902242	2.276243	0.7484627
6768	-71.15479	-84.82652	13.67173	0.3456118	1.189363	0.6471311
6774	-72.31223	-84.35973	12.04749	0.9540775	2.634883	0.8171693
6780	-65.33799	-79.29307	13.95509	0.0256916	1.167921	0.7459127
6786	-66.14145	-78.66401	12.52257	0.0256916	4.054452	0.6504281
6792	-70.2878	-82.34323	12.05543	0.2656896	4.054452	0.9571737
6798	-66.37952	-79.8863	13.50677	0.3992573	1.243885	0.7590196
6804	-66.28393	-78.92688	12.64296	0.3983101	2.771326	0.6558398
6810	-63.93377	-78.30976	14.37599	0.3983101	0.479351	0.7923148
6816	-66.88419	-78.01797	11.13378	1.169006	4.809396	0.359179
6822	-64.82288	-77.55068	12.7278	0.7445779	1.997946	0.5590239
6828	-63.80963	-77.87996	14.07033	0.5870904	0.554212	0.2932494
6834	-67.659	-81.15883	13.49982	0.2369991	1.573907	0.5908482
6840	-71.29366	-83.39557	12.10191	0.06036874	5.397786	0.3921682
6846	-73.41768	-86.74324	13.32557	0.1971448	1.879787	0.3923072
6852	-71.87882	-84.09403	12.21522	0.2064937	3.901388	0.9044084
6858	-67.22034	-80.05096	12.83062	0.5728544	2.120687	0.4517277
6864	-66.19128	-79.28772	13.09644	0.6828875	1.533399	0.5246895
6870	-66.34919	-80.64436	14.29517	0.6335512	0.461871	0.4986469
6876	-67.82375	-79.82777	12.00402	0.134415	5.58962	0.4748619
6882	-68.7107	-80.70969	11.999	0.009733704	5.954716	0.3715654
6888	-64.74746	-77.94163	13.19417	0.4981074	1.649691	0.4445131
6894	-63.51736	-76.66287	13.1455	0.4469922	1.294787	1.062904
6900	-63.76803	-76.35956	12.59153	0.04333556	3.651198	0.7450797
6906	-69.70861	-81.46044	11.75183	1.068337	3.398714	0.4902485
6912	-69.8857	-80.9006	11.0149	1.124889	2.06392	0.05602775
6918	-69.09779	-82.65828	13.56049	1.124889	0.498855	0.2565183
6924	-70.13866	-80.57695	10.43829	0.9888394	8.652643	0.3420006
6930	-66.51775	-78.74844	12.23069	1.122689	1.814523	0.2296879
6936	-65.01131	-77.90099	12.88968	0.07710713	2.808499	0.7553183
6942	-69.90751	-83.19995	13.29244	0.1521745	1.098982	1.33724
6948	-69.37347	-82.99792	13.62445	0.06276539	1.297836	0.9670205
6954	-68.14144	-82.17746	14.03602	0.07506188	0.7348495	1.104063
6960	-64.89674	-79.07373	14.177	0.3981963	0.6937031	0.5497401
6966	-70.0973	-81.99917	11.90187	0.04191477	6.344312	0.4241588
6972	-69.8475	-83.26123	13.41374	0.02770605	1.092257	1.344778
6978	-68.02873	-81.72817	13.69944	0.05280445	1.536809	0.6223497
6984	-67.19805	-79.51968	12.32163	0.1708913	3.540265	0.966928
6990	-65.21855	-79.7226	14.50405	0.1553545	0.5547993	0.7826241
6996	-62.92873	-76.52496	13.59623	0.3299911	1.196142	0.7885453
7002	-63.97323	-76.52217	12.54894	0.1727174	3.662913	0.4890282
7008	-63.49725	-77.47814	13.98089	0.4348242	0.8021294	0.6315583
7014	-68.06271	-80.99746	12.93475	0.06803069	2.764064	0.7309315
7020	-70.27983	-82.87455	12.59472	0.8899822	1.986555	0.4797698
7026	-72.22769	-82.94634	10.71865	0.9650273	6.726942	0.8708986
7032	-66.85318	-79.67337	12.8202	0.9530699	1.537924	0.5459485
7038	-66.05882	-76.57565	10.51684	1.222737	6.037073	0.2093553
7044	-67.19999	-80.96337	13.76339	0.5975913	0.7946768	0.7478158
7050	-67.74179	-80.80412	13.06233	0.3195956	1.148018	1.35139
7056	-63.82293	-76.21785	12.39491	0.6807476	2.773924	0.4526016
7062	-64.99281	-76.30369	11.31088	0.7171815	5.980196	0.4195891
7068	-65.05472	-79.27608	14.22135	0.7171815	0.4521318	0.5629951
7074	-68.42586	-80.17814	11.75228	1.149248	2.872129	0.2830286
7080	-67.79235	-80.59126	12.79891	0.369692	2.232995	0.8606578
7086	-67.56614	-80.32315	12.75701	0.3519056	2.627859	0.6530782
7092	-68.57793	-83.03124	14.4533	0.4232922	0.4084688	0.2740582
7098	-68.95661	-82.28949	13.33288	0.773343	0.9737762	0.2730194
7104	-69.35077	-82.7578	13.40702	0.3693035	1.507877	0.400831
7110	-66.63465	-79.96537	13.33073	0.138126	2.014026	0.5172312
7116	-70.97645	-84.174	13.19755	0.2222106	1.478902	1.089966
7122	-66.92767	-80.20098	13.27331	0.1817822	2.037746	0.4833684
7128	-69.47533	-82.47462	12.99929	0.4555629	2.037746	0.5203363
7134	-68.61744	-81.54449	12.92705	0.6716866	1.549683	0.262105
7140	-68.59787	-83.45224	14.85437	0.1561285	0.3796885	0.333943
7146	-73.33276	-87.01286	13.68009	0.05280654	1.380649	0.266415
7152	-68.36847	-81.07889	12.71042	0.368733	2.755302	0.4333655
7158	-67.0686	-80.64863	13.58003	0.2663845	1.444009	0.508089
7164	-64.05045	-77.24395	13.1935	0.5483525	1.586633	0.4810133
7170	-66.68215	-79.304	12.62186	0.824526	1.990063	0.3758811
7176	-66.58833	-78.99578	12.40744	0.464476	2.728094	0.9191024
7182	-63.93392	-75.71738	11.78346	0.5813352	4.704265	0.6005306
7188	-62.81512	-75.99675	13.18164	0.5813352	1.557684	0.5076969
7194	-62.50624	-76.052	13.54576	0.1900561	1.587241	0.5584747
7200	-63.06323	-76.38776	13.32454	0.3417765	1.587241	0.7208106
7206	-64.32447	-78.91386	14.58939	0.008909312	0.6242575	0.7210291
7212	-66.95536	-81.02467	14.06931	0.01715192	1.144282	0.5630039
7218	-72.05494	-84.22791	12.17297	0.001876617	4.769916	0.8728659
7224	-71.26012	-84.65409	13.39397	0.02188364	1.792879	0.8728659
7230	-71.88571	-83.16995	11.28424	0.1980674	8.485438	0.6521159
7236	-72.56277	-82.43515	9.872383	0.317654	18.57297	0.6791204
7242	-67.62485	-80.61117	12.98632	0.08772955	2.563419	0.7649313
7248	-67.18274	-80.57942	13.39668	0.1970974	1.749257	0.6524838
7254	-65.49391	-78.12249	12.62858	0.4527866	2.770457	0.4819454
7260	-69.71749	-80.61796	10.90047	1.041539	5.753322	0.2699103
7266	-75.51695	-86.84674	11.32979	0.9743743	4.375307	0.8608484
7272	-69.39315	-83.82713	14.43398	0.599787	0.3767404	0.683066
7278	-70.98336	-81.59708	10.61372	0.599787	10.09005	0.3747095
7284	-76.95686	-85.08623	8.129373	1.053746	31.3815	0.2954913
7290	-69.93058	-82.56187	12.6313	1.270527	1.121246	0.2404753
7296	-68.46553	-80.72731	12.26177	0.6399247	3.107469	0.3796731
7302	-67.67053	-81.08153	13.41101	0.7269058	1.049515	0.6639657
7308	-65.65371	-79.77558	14.12187	0.1955811	0.8753514	0.6639657
7314	-65.25956	-79.16227	13.90272	0.6145921	0.6572637	0.7742144
7320	-66.87142	-79.76259	12.89116	0.1066291	2.711462	0.7742144
7326	-67.2084	-80.3982	13.1898	0.3653335	1.201727	1.168144
7332	-67.6137	-80.05019	12.43649	0.5130381	3.05885	0.4430556
7338	-69.00568	-81.187	12.18132	0.6227155	3.05885	0.8291606
7344	-66.64986	-80.17491	13.52505	0.4655492	1.090665	0.8291606
7350	-70.47812	-83.11557	12.63745	0.7830252	2.06539	0.6047445
7356	-67.65854	-78.53734	10.87879	0.6521253	7.578748	0.8407572
7362	-64.52816	-77.45773	12.92958	0.2626842	2.534521	0.4849201
7368	-63.50028	-77.44597	13.94569	0.240253	0.7608441	1.002034
7374	-67.19564	-81.14468	13.94903	0.8024945	0.4793722	0.8221839
7380	-69.59001	-81.61154	12.02152	1.022488	2.04507	1.096214
7386	-65.29864	-79.47708	14.17844	0.4095503	0.5750295	0.8359121
7392	-67.60491	-79.25916	11.65425	0.4562027	5.105191	0.8359121
7398	-63.24432	-75.80979	12.56547	0.5732799	2.463777	0.741248
7404	-67.02507	-78.92382	11.89875	0.3029893	5.044189	0.7331046
7410	-66.70992	-80.51001	13.80009	0.09260372	0.9145947	1.113577
7416	-63.29777	-77.41867	14.1209	0.4688126	0.6708279	0.608045
7422	-63.71141	-77.08606	13.37465	0.2728664	1.726066	0.5109357
7428	-67.86839	-77.67056	9.802169	0.705674	15.59803	0.3831129
7434	-62.73528	-76.464	13.72872	0.5981465	0.881214	0.390057
7440	-63.01476	-77.55803	14.54326	0.02767198	0.6939538	0.4373651
7446	-63.7751	-76.23616	12.46107	0.1343292	3.980068	0.5937503
7452	-65.10147	-77.45968	12.35821	0.287866	2.388312	1.279547
7458	-63.94671	-76.98589	13.03918	0.6159222	1.550472	0.7769615
7464	-65.95196	-77.35153	11.39957	0.5310581	6.456724	0.4886607
7470	-70.35205	-81.87167	11.51962	0.13373	6.395846	0.9844359
7476	-68.07448	-79.9351	11.86061	0.8652186	3.330637	0.7877072
7482	-62.24679	-75.51584	13.26905	0.129037	2.063122	0.6612394
7488	-62.22905	-75.17678	12.94773	0.03752868	2.648535	0.8297595
7494	-64.51789	-74.51558	9.99769	0.9371555	10.59991	0.2291832
7500	-62.79472	-77.21496	14.42024	0.3123205	0.4834702	0.2683464
7506	-73.01015	-83.51467	10.50452	0.7472779	9.125159	0.8346818
7512	-68.42329	-81.95127	13.52798	0.4743478	1.103164	0.7988369
7518	-72.17342	-86.03218	13.85877	0.2615506	0.8211872	0.9958147
7524	-71.40771	-82.96723	11.55953	0.5632894	4.934031	0.8785132
7530	-74.56805	-84.48083	9.912783	0.9859548	12.22896	0.3650603
7536	-72.6243	-84.49916	11.87487	0.3284652	5.20844	0.6481846
7542	-75.23587	-83.56074	8.324866	0.489137	37.48617	0.2729497
7548	-67.20035	-78.03415	10.8338	1.431999	4.02796	0.1957931
7554	-63.54863	-75.3863	11.83766	0.05756551	5.926111	0.8390981
7560	-65.06917	-78.46837	13.3992	0.07234024	1.418965	1.083878
7566	-66.72887	-80.68893	13.96006	0.00239243	1.0465	0.9116824
7572	-66.94507	-78.35616	11.4111	0.06018901	7.645949	0.8954088
7578	-65.41142	-77.04717	11.63575	0.2368393	5.824179	0.8954088
7584	-66.96111	-78.77588	11.81476	0.4006668	4.785622	0.8175566
7590	-67.51531	-79.66859	12.15329	0.3878673	3.868435	0.7697797
7596	-63.51835	-77.79836	14.28002	0.06711971	0.8589765	0.6392858
7602	-64.58213	-78.58254	14.00041	0.6052475	0.6610245	0.600146
7608	-65.25334	-78.30706	13.05371	0.03358388	2.497776	0.791122
7614	-67.78023	-80.07909	12.29887	0.5293522	3.250813	0.6751843
7620	-67.02378	-79.7929	12.76912	0.1993405	3.029279	0.5161514
7626	-65.15908	-78.22242	13.06334	0.6391163	1.640874	0.536225
7632	-73.30974	-84.5869	11.27716	0.8778622	5.060541	0.7942292
7638	-67.57049	-81.39324	13.82275	0.3685306	0.8858734	0.8371495
7644	-67.46993	-81.8985	14.42857	0.6646146	0.3286286	0.7517201
7650	-66.58776	-81.2517	14.66394	0.258903	0.4647709	0.4799437
7656	-71.62647	-84.90509	13.27862	0.2376534	1.932598	0.4736386
7662	-72.51071	-83.26527	10.75456	1.167473	6.48942	0.4736386
7668	-69.84332	-81.31242	11.4691	0.6702988	5.558717	0.5670831
7674	-69.98568	-81.99387	12.00819	0.9399252	3.075639	0.4737508
7680	-67.18782	-79.45394	12.26612	0.8032969	2.783754	0.5596738
7686	-70.42693	-81.45534	11.02842	0.499892	8.345233	0.4106943
7692	-73.73456	-86.49335	12.75879	0.2329758	0.9901717	1.75119
7698	-77.42818	-90.72724	13.29906	0.7558501	0.9229691	0.946976
7704	-74.48484	-87.26699	12.78215	0.3313197	0.9229691	1.714499
7710	-75.66014	-89.19132	13.53119	0.46978	1.130383	0.3041077
7716	-73.4671	-86.21333	12.74623	0.09642188	3.057288	0.778943
7722	-74.32653	-87.14874	12.82222	0.5457583	1.91335	0.8402185
7728	-77.46848	-88.7537	11.28522	0.9920469	4.517474	0.8402185
7734	-73.03663	-84.08171	11.04508	1.346308	3.00599	0.1335148
7740	-70.03026	-82.53377	12.50352	0.6873483	2.53449	0.5312462
7746	-68.94865	-82.02981	13.08115	0.2080652	2.338564	0.5312462
7752	-70.01126	-84.1101	14.09885	0.2080652	0.6801167	0.98386
7758	-68.75609	-80.04369	11.2876	0.9978621	4.430305	0.2567699
7764	-71.11289	-81.30989	10.19701	0.9978621	10.33447	0.6029639
7770	-64.67601	-78.03968	13.36367	0.3463813	1.355694	0.8917308
7776	-64.64123	-77.34144	12.70021	0.2107811	3.101686	0.6271985
7782	-66.77354	-78.64549	11.87196	0.2642392	4.159572	1.103403
7788	-70.02848	-79.39125	9.36277	0.6232968	21.38903	0.5710996
7794	-71.7774	-84.41946	12.64206	0.6232968	1.993775	0.9041772
7800	-74.5135	-85.29333	10.77983	0.6739813	5.748296	1.301061
7806	-66.47464	-80.34298	13.86835	0.5977664	0.7843342	0.5117747
7812	-62.59442	-76.46934	13.87492	0.111558	1.160956	0.7466885
7818	-62.38601	-75.64481	13.2588	0.5408861	1.489883	0.424795
7824	-70.93243	-82.31494	11.38251	0.9891109	2.924877	1.297964
7830	-75.50293	-85.21234	9.709414	1.229417	12.25906	0.483237
7836	-68.71318	-79.45553	10.74235	0.7728242	8.464231	0.4339236
7842	-67.50201	-79.78329	12.28129	0.1814031	4.427022	0.5445998
7848	-71.37714	-85.15798	13.78084	1.520033	0.279575	0.4738751
7854	-67.34731	-79.90234	12.55503	1.053084	1.765528	0.4212395
7860	-69.05995	-79.57022	10.51027	1.053084	7.573247	0.2860926
7866	-67.88425	-78.51464	10.63039	1.088051	7.108304	0.335166
7872	-68.91147	-79.02391	10.11244	1.608688	7.095496	0.335166
7878	-71.04265	-80.9655	9.922841	1.608688	4.981944	0.1049319
7884	-75.34154	-80.14454	4.803001	1.608688	98.48649	0.1319987
7890	-71.80093	-82.1822	10.38127	1.608034	2.777918	0.07137983
7896	-69.55336	-80.99831	11.44495	0.6309786	4.854336	0.2191926
7902	-70.95964	-84.41478	13.45513	0.1824824	1.394257	0.9382141
7908	-70.34345	-83.35719	13.01374	0.2288331	1.848661	1.019573
7914	-71.40915	-85.98427	14.57512	0.2474722	0.4174984	0.8702815
7920	-70.42614	-83.40505	12.97892	0.1790933	1.393249	1.366378
7926	-68.32191	-81.67367	13.35175	0.01133175	1.394852	1.197077
7932	-73.85723	-86.74617	12.88895	0.06378277	2.386786	1.006687
7938	-70.52597	-84.46323	13.93726	0.4149153	0.7919036	0.7656455
7944	-68.96743	-81.60187	12.63445	0.8993106	1.834483	0.6639498
7950	-67.58764	-80.0844	12.49676	0.9135281	1.834483	0.8480515
7956	-69.51426	-80.16095	10.64669	0.6039351	8.557425	0.2214448
7962	-68.72146	-79.00932	10.28786	0.6243272	12.40968	0.5630344
7968	-69.30713	-78.96143	9.654305	0.7555567	16.10831	0.7211432
7974	-72.14528	-80.41164	8.26636	0.7555567	35.66307	0.6508342
7980	-67.67696	-79.37276	11.6958	0.8498907	3.644887	0.2553171
7986	-67.2263	-80.29651	13.0702	0.4611733	1.886771	0.4203617
7992	-70.97599	-81.95699	10.98099	0.4639725	8.680414	0.3701053
7998	-69.74179	-81.27419	11.5324	0.1049171	5.694382	1.157699
8004	-70.52333	-82.58956	12.06623	0.5940177	3.649267	0.7053195
8010	-69.49046	-82.27766	12.7872	0.03568147	3.328562	0.6194128
8016	-65.38156	-77.73171	12.35014	0.9734076	1.849284	0.2263409
8022	-68.0827	-80.76589	12.68318	1.065055	0.7986618	0.1147872
8028	-67.97999	-79.62382	11.64383	0.1281693	7.188432	0.4957484
8034	-66.28406	-78.35722	12.07316	0.08053044	5.397868	0.646026
8040	-69.89583	-81.7384	11.84257	0.5742685	3.057139	1.213573
8046	-68.15831	-80.02068	11.86237	0.06334815	4.301725	1.246918
8052	-69.62813	-82.96241	13.33429	0.3287763	1.690131	0.5682324
8058	-70.25834	-81.90426	11.64592	1.146724	3.430618	0.4170491
8064	-71.47526	-83.42977	11.95451	0.1116526	5.731944	0.3752161
8070	-72.30665	-84.38842	12.08177	0.5151859	3.201974	0.9939518
8076	-68.50243	-80.49187	11.98944	0.4591798	4.410845	0.6146425
8082	-68.06056	-81.98374	13.92318	0.5767301	0.6193185	0.8643982
8088	-74.29634	-87.69841	13.40206	1.219275	0.4542144	1.013889
8094	-74.47075	-86.99758	12.52683	0.01801085	3.371597	0.2105575
8100	-69.78369	-80.87184	11.08815	0.07729956	9.49838	0.8637554
8106	-72.27168	-84.32353	12.05185	0.1136104	4.704904	0.9053705
8112	-73.6563	-85.10061	11.44431	0.2757964	4.704904	1.314471
8118	-73.73742	-86.13287	12.39545	0.2757964	3.500951	0.7729558
8124	-68.26386	-80.59369	12.32983	0.4442963	3.353696	0.7001687
8130	-64.26751	-78.50659	14.23907	0.07156542	0.8640807	0.7001687
8136	-65.14467	-78.89862	13.75394	0.03756273	1.233904	0.9127312
8142	-66.66144	-80.19898	13.53754	0.09898059	1.426097	0.9127312
8148	-65.83235	-80.07355	14.2412	0.164311	0.7783067	0.70792
8154	-67.57119	-81.34253	13.77134	0.2844101	0.7783067	1.105787
8160	-65.98438	-78.46802	12.48364	0.9079227	2.135986	0.5674436
8166	-71.31914	-81.8372	10.51805	0.9446087	8.624095	0.6404852
8172	-68.69104	-81.01173	12.3207	0.8908497	2.36902	0.7005387
8178	-67.59093	-81.96991	14.37898	0.6288578	0.4093191	0.5964961
8184	-70.0735	-82.51277	12.43927	1.261125	1.570684	0.6817679
8190	-64.38931	-76.75141	12.3621	1.261125	1.676391	0.3489124
8196	-67.11692	-79.37112	12.25419	0.8657666	2.234154	0.2344594
8202	-70.36798	-82.12227	11.7543	0.3586937	5.526738	0.3674594
8208	-67.33028	-80.96539	13.63512	0.5001872	1.026345	0.7101818
8214	-69.07486	-82.7943	13.71944	0.6756657	0.8107083	0.6552218
8220	-69.3898	-83.42591	14.03611	0.2555148	0.9070589	0.6454845
8226	-71.04527	-84.03465	12.98937	0.02737985	2.83351	0.648569
8232	-68.01159	-82.44344	14.43184	0.1964143	0.6033534	0.7209292
8238	-66.25305	-80.68791	14.43486	0.1768006	0.4646152	1.005411
8244	-65.77826	-79.44663	13.66837	0.1003821	1.511912	0.6262495
8250	-73.17912	-85.41445	12.23533	0.1853264	3.698463	0.9814056
8256	-66.71628	-79.91845	13.20217	0.5577333	1.19545	0.9814056
8262	-67.32846	-78.73847	11.41001	1.080779	2.911308	0.1448293
8268	-71.79953	-82.66915	10.86962	0.4607017	8.805948	0.2840676
8274	-66.78769	-80.32936	13.54167	1.165319	0.5381314	0.3120768
8280	-66.29306	-77.85092	11.55786	1.151521	3.439163	0.3120768
8286	-66.65158	-80.03223	13.38065	1.151521	0.6876411	0.3512302
8292	-64.6018	-76.70758	12.10578	1.151521	2.308019	0.3584635
8298	-63.20378	-78.31557	15.11179	0.0879387	0.3165954	0.4160704
8304	-64.90221	-79.75521	14.85301	0.3172138	0.3165954	0.6661674
8310	-64.28865	-77.42821	13.13956	0.1147718	2.105289	0.8419417
8316	-62.78889	-76.72676	13.93786	0.2544757	1.028469	0.5753645
8322	-64.48088	-77.89153	13.41064	0.5908929	0.9296765	0.9946949
8328	-70.5464	-83.37788	12.83148	0.6851536	1.932582	0.4770201
8334	-70.91327	-82.66461	11.75134	0.6851536	4.523728	0.4889133
8340	-72.52137	-86.44218	13.92081	0.2490896	1.062328	0.4965877
8346	-69.16193	-82.40072	13.23878	0.9896794	0.7644568	0.2196199
8352	-68.52759	-80.96805	12.44046	0.3686237	3.411467	0.4456203
8358	-67.48529	-79.663	12.17771	0.1838546	4.659416	0.6427792
8364	-74.03097	-85.7869	11.75594	1.085316	2.565118	1.029388
8370	-64.81488	-78.34675	13.53187	0.2245893	1.494643	0.679598
8376	-66.04084	-79.06216	13.02132	1.290346	0.6913049	0.2160059
8382	-71.37021	-82.2714	10.90119	0.4430246	4.725161	1.59668
8388	-69.39968	-81.41207	12.01239	0.04346259	3.492497	1.367498
8394	-65.57408	-80.22348	14.6494	0.02244283	0.4167172	1.03124
8400	-65.10035	-77.79189	12.69154	0.1829915	3.179796	0.6378655
8406	-66.97981	-78.6257	11.64589	0.4540188	5.64228	0.6238761
8412	-70.1291	-82.76008	12.63098	0.7044791	2.159044	0.3560129
8418	-65.32098	-78.67396	13.35297	0.7091114	1.081567	0.3171121
8424	-67.32288	-80.0299	12.70702	0.4560622	2.366395	0.7776734
8430	-67.68965	-80.10003	12.41038	0.5186838	2.943524	0.3290696
8436	-67.67056	-79.956	12.28544	1.119952	1.182891	0.1221014
8442	-69.70358	-82.75624	13.05266	0.31791	2.088017	0.6870539
8448	-66.43696	-79.17905	12.7421	0.7486372	1.932556	0.6253633
8454	-64.59091	-77.78275	13.19184	0.7486372	1.304084	0.4156793
8460	-64.32045	-77.77895	13.4585	0.1763054	1.457329	0.8880803
8466	-66.65045	-80.21276	13.56231	0.2020182	1.411541	0.768236
8472	-66.45244	-78.8427	12.39027	0.4635094	3.265817	0.6023518
8478	-69.40814	-80.77176	11.36362	0.9446512	4.871146	0.3947211
8484	-69.99695	-80.02693	10.02998	1.276999	4.738213	0.07338182
8490	-68.37623	-79.34486	10.96863	1.408414	4.288461	0.2844809
8496	-69.8839	-81.1943	11.3104	1.408414	2.264576	0.1292917
8502	-68.12678	-79.64728	11.5205	1.408414	1.165763	0.06686912
8508	-65.73863	-77.26396	11.52533	1.611704	1.340221	0.1024344
8514	-71.51028	-79.59378	8.083493	1.611704	15.36903	0.09276496
8520	-74.15102	-83.45497	9.303951	1.611704	10.77874	0.2323764
8526	-69.30416	-82.88009	13.57593	0.6729717	0.9645322	0.6006228
8532	-66.47821	-79.9395	13.46129	0.1733074	1.646187	0.7055376
8538	-67.53352	-80.57416	13.04064	0.3327504	2.130866	0.6311828
8544	-70.20104	-80.45816	10.25712	0.6933062	11.01681	0.2670117
8550	-69.87588	-82.71693	12.84105	0.1078486	3.076943	0.4930098
8556	-66.75845	-79.84624	13.08779	0.895348	0.9306869	1.01197
8562	-68.45597	-80.72412	12.26816	0.2947307	2.463271	1.316503
8568	-69.13412	-81.79737	12.66325	0.03265391	2.463271	1.206275
8574	-72.85029	-85.80909	12.9588	0.02482805	2.983695	0.4532004
8580	-71.50036	-82.50081	11.00045	0.3261801	9.577192	0.5602714
8586	-64.93637	-77.36747	12.4311	0.0929384	3.556567	0.9271344
8592	-63.99478	-77.37482	13.38004	0.1396586	1.285245	1.136878
8598	-68.9762	-81.79858	12.82237	0.1856579	2.225149	1.035551
8604	-71.66895	-84.01859	12.34964	1.394514	1.472399	0.3247203
8610	-69.56495	-81.4286	11.86365	1.138853	1.964671	0.1517205
8616	-68.346	-82.09614	13.75014	0.6508361	0.7213245	0.8172877
8622	-69.13901	-81.85846	12.71945	0.2987034	1.453687	1.439141
8628	-68.88902	-81.65219	12.76317	0.05627552	3.154713	0.7544243
8634	-68.02925	-83.08851	15.05926	0.07404822	0.3096366	0.3099601
8640	-67.06823	-80.46647	13.39824	0.7388382	0.9956865	0.3099601
8646	-66.10919	-80.90049	14.7913	0.4299675	0.2018285	0.2091784
8652	-64.63495	-78.42105	13.7861	0.1809071	1.275566	0.4235335
8658	-63.41464	-77.61602	14.20138	0.2626539	0.7651971	0.39546
8664	-64.26241	-78.18719	13.92479	0.5617493	0.7651971	0.4624237
8670	-66.02316	-79.53488	13.51172	1.113663	0.6592756	0.5138504
8676	-66.48378	-79.09242	12.60863	1.118824	0.7221562	0.09922691
8682	-66.31959	-76.70707	10.38748	1.311095	4.765752	0.1201698
8688	-65.39074	-78.37388	12.98314	1.311095	0.5674467	0.159145
8694	-69.22045	-82.30737	13.08693	1.311095	0.7531403	0.3034604
8700	-65.47055	-79.17849	13.70793	0.7875031	0.7531403	0.5695479
8706	-65.42355	-78.23943	12.81588	0.7875031	1.78057	0.4361653
8712	-70.84154	-83.91793	13.07638	0.0757875	1.2667	1.449985
8718	-68.32587	-81.69679	13.37092	0.4637551	1.2667	0.8294733
8724	-68.40725	-82.62348	14.21623	0.1297126	0.568323	1.098629
8730	-69.35783	-82.03904	12.68122	0.7618684	1.338222	0.153967
8736	-68.96279	-81.8097	12.84691	0.6212424	1.67561	0.9011165
8742	-67.23763	-77.4118	10.17417	0.7586295	10.01399	0.1953504
8748	-63.89033	-78.5687	14.67837	0.1477724	0.5231328	0.491485
8754	-63.57643	-77.4192	13.84278	0.389133	0.9988806	0.5051291
8760	-70.99362	-84.86038	13.86676	0.6873536	0.3885985	1.187725
8766	-65.53295	-79.7652	14.23225	0.180972	0.6647599	0.8919559
8772	-61.99707	-75.32307	13.326	0.9808215	0.8561046	0.3291799
8778	-65.14923	-76.19384	11.0446	0.6109364	7.259877	0.7606245
8784	-64.61114	-76.72765	12.11651	0.0647171	4.695365	0.244664
8790	-63.47546	-77.78691	14.31145	0.07429725	0.5323258	1.113098
8796	-62.16995	-75.89867	13.72872	0.08408021	1.487384	0.5261107
